15:41:44.172 [main                     ] DEBUG Logger               - Configured Logger
15:41:44.186 [main                     ] DEBUG GameApplication      - Logging settings
Title: Geometry Wars
Version: 0.0
Width: 1920
Height: 1080
Fullscreen: false
Intro: false
Profiling: false
Single step:false
App Mode: DEVELOPER
Menu Key: ESCAPE
Stage Style: DECORATED
Scene Factory: class com.almasb.fxgl.app.scene.SceneFactory

15:41:44.417 [JavaFX Application Thread] DEBUG FXGLApplication      - Initializing FXGL
15:41:44.420 [JavaFX Application Thread] INFO  Engine               - FXGL-17.2 (20.08.2022 16.50) on WINDOWS (J:20 FX:20-ea)
15:41:44.420 [JavaFX Application Thread] DEBUG Engine               - JRE Vendor Name: Oracle Corporation
15:41:44.421 [JavaFX Application Thread] DEBUG Engine               - Running on OS: Windows 11 version 10.0
15:41:44.421 [JavaFX Application Thread] DEBUG Engine               - Architecture: amd64
15:41:44.421 [JavaFX Application Thread] INFO  Engine               - Source code and latest versions at: https://github.com/AlmasB/FXGL
15:41:44.421 [JavaFX Application Thread] INFO  Engine               -       Ask questions and discuss at: https://github.com/AlmasB/FXGL/discussions
15:41:44.421 [JavaFX Application Thread] INFO  Engine               -              Join the FXGL chat at: https://gitter.im/AlmasB/FXGL
15:41:44.473 [JavaFX Application Thread] DEBUG PrimaryStageWindow   - Creating a JavaFX scene
15:41:44.473 [JavaFX Application Thread] DEBUG PrimaryStageWindow   - Target size > screen size
15:41:44.501 [JavaFX Application Thread] DEBUG PrimaryStageWindow   - Target settings size: 1920.0 x 1080.0
15:41:44.501 [JavaFX Application Thread] DEBUG PrimaryStageWindow   - Scaled scene size:    1809.0 x 1031.0
15:41:44.501 [JavaFX Application Thread] DEBUG PrimaryStageWindow   - Scaled ratio: (0.9421875, 0.9546296296296296)
15:41:44.502 [JavaFX Application Thread] DEBUG PrimaryStageWindow   - Set initial scene to FXGLStartupScene
15:41:44.504 [JavaFX Application Thread] DEBUG PrimaryStageWindow   - Opening main window
15:41:44.552 [JavaFX Application Thread] DEBUG PrimaryStageWindow   - Window border size: (16.0, 39.0)
15:41:44.553 [JavaFX Application Thread] DEBUG PrimaryStageWindow   - Scaled size: 1809.0 x 1031.0
15:41:44.553 [JavaFX Application Thread] DEBUG PrimaryStageWindow   - Scaled ratio: (0.9421875, 0.9546296296296296)
15:41:44.553 [JavaFX Application Thread] DEBUG PrimaryStageWindow   - Scene size: 1809.0 x 1031.0
15:41:44.553 [JavaFX Application Thread] DEBUG PrimaryStageWindow   - Stage size: 1825.0 x 1070.0
15:41:44.561 [FXGL Background Thread 1 ] DEBUG Engine               - Initializing environment variables
15:41:44.599 [FXGL Background Thread 1 ] DEBUG FXGLAssetLoaderServi - User app class for loading assets: class com.example.demo1.GeoWarsApp
15:41:44.599 [FXGL Background Thread 1 ] DEBUG GameApplicationServi - Applying CSS: fxgl_dark.css
15:41:44.600 [FXGL Background Thread 1 ] DEBUG FXGLAssetLoaderServi - Loading from file system: jar:file:///C:/Users/ASUS/.m2/repository/com/github/almasb/fxgl/17.2/fxgl-17.2.jar!/fxglassets/ui/css/fxgl_dark.css
15:41:44.641 [FXGL Background Thread 1 ] DEBUG GameApplicationServi - Initializing application scenes
15:41:44.686 [FXGL Background Thread 1 ] DEBUG GameWorld            - Game world initialized
15:41:44.737 [FXGL Background Thread 1 ] DEBUG PhysicsWorld         - Physics world initialized: appHeight=1080, physics.ppm=50.0
15:41:44.737 [FXGL Background Thread 1 ] DEBUG PhysicsWorld         - Using strategy: BRUTE_FORCE
15:41:44.740 [FXGL Background Thread 1 ] DEBUG GameScene            - Game scene initialized: 1920x1080
15:41:44.748 [FXGL Background Thread 1 ] DEBUG FXGL.DefaultMenu     - createMenuBodyGameMenu()
15:41:44.756 [FXGL Background Thread 1 ] DEBUG FXGL.DefaultMenu     - createOptionsMenu()
15:41:44.764 [FXGL Background Thread 1 ] DEBUG FXGLAssetLoaderServi - Loading from file system: jar:file:///C:/Users/ASUS/.m2/repository/com/github/almasb/fxgl/17.2/fxgl-17.2.jar!/fxglassets/textures/particles/smoke.png
15:41:44.837 [FXGL Background Thread 1 ] DEBUG FXGLAssetLoaderServi - Loading from file system: jar:file:///C:/Users/ASUS/.m2/repository/com/github/almasb/fxgl/17.2/fxgl-17.2.jar!/fxglassets/textures/particles/trace_horizontal.png
15:41:44.864 [FXGL Background Thread 1 ] DEBUG GameApplicationServi - Application scenes initialized
15:41:44.881 [FXGL Background Thread 1 ] DEBUG SystemBundleService  - Loading FXGL system data
15:41:44.895 [FXGL Background Thread 1 ] DEBUG FileSystemAccess     - Reading from: C:\Users\ASUS\OneDrive\Máy tính\doan\demo1\system\fxgl.bundle
15:41:44.907 [FXGL Background Thread 1 ] DEBUG SystemBundleService  - Bundle FXGL: {}
15:41:44.907 [FXGL Background Thread 1 ] DEBUG UpdaterService       - Checking for updates
15:41:44.910 [FXGL Background Thread 4 ] DEBUG FXGLApplication      - Loading fonts
15:41:44.910 [FXGL Background Thread 1 ] DEBUG FXGLApplication      - Loading default localization
15:41:44.910 [FXGL Background Thread 4 ] DEBUG FXGLAssetLoaderServi - Loading from file system: jar:file:///C:/Users/ASUS/.m2/repository/com/github/almasb/fxgl/17.2/fxgl-17.2.jar!/fxglassets/ui/fonts/VarelaRound-Regular.ttf
15:41:44.911 [FXGL Background Thread 1 ] DEBUG FXGLAssetLoaderServi - Loading from file system: jar:file:///C:/Users/ASUS/.m2/repository/com/github/almasb/fxgl/17.2/fxgl-17.2.jar!/fxglassets/languages/english.lang
15:41:44.933 [FXGL Background Thread 1 ] INFO  FXGLApplication      - FXGL initialization took: 0.372 sec
15:41:44.934 [JavaFX Application Thread] DEBUG FXGLAssetLoaderServi - Loading from file system: jar:file:///C:/Users/ASUS/.m2/repository/com/github/almasb/fxgl/17.2/fxgl-17.2.jar!/fxglassets/textures/fxgl_icon.png
15:41:44.950 [JavaFX Application Thread] DEBUG FXGLAssetLoaderServi - Loading from file system: jar:file:///C:/Users/ASUS/.m2/repository/com/github/almasb/fxgl/17.2/fxgl-17.2.jar!/fxglassets/textures/fxgl_default_cursor.png
15:41:44.953 [FXGL Background Thread 4 ] DEBUG FXGLAssetLoaderServi - Loading from file system: jar:file:///C:/Users/ASUS/.m2/repository/com/github/almasb/fxgl/17.2/fxgl-17.2.jar!/fxglassets/ui/fonts/Abel-Regular.ttf
15:41:44.956 [FXGL Background Thread 4 ] DEBUG FXGLAssetLoaderServi - Loading from file system: jar:file:///C:/Users/ASUS/.m2/repository/com/github/almasb/fxgl/17.2/fxgl-17.2.jar!/fxglassets/ui/fonts/TerminalLandMono-Regular.otf
15:41:44.958 [FXGL Background Thread 4 ] DEBUG FXGLAssetLoaderServi - Loading from file system: jar:file:///C:/Users/ASUS/.m2/repository/com/github/almasb/fxgl/17.2/fxgl-17.2.jar!/fxglassets/ui/fonts/Courier-Prime.ttf
15:41:44.965 [JavaFX Application Thread] DEBUG Input                - Registered new binding: Screenshot - CTRL+8
15:41:44.966 [JavaFX Application Thread] DEBUG Input                - Registered new binding: System info dump - CTRL+9
15:41:44.967 [JavaFX Application Thread] DEBUG Input                - Registered new binding: Restart - CTRL+R
15:41:44.968 [JavaFX Application Thread] DEBUG Input                - Registered new binding: Toggle Debug Camera - CTRL+7
15:41:44.973 [JavaFX Application Thread] DEBUG LoopRunner           - Starting loop
15:41:44.973 [JavaFX Application Thread] DEBUG LoopRunner           - Initializing JavaFX AnimationTimerLoop
15:41:44.975 [JavaFX Application Thread] DEBUG GameApplicationServi - Starting new game
15:41:44.976 [JavaFX Application Thread] DEBUG Input                - Clearing active input actions
15:41:44.987 [JavaFX Application Thread] DEBUG GameApplicationServi - Removing overlay from FXGLStartupScene and adding to FXGLLoadingScene
15:41:44.987 [JavaFX Application Thread] DEBUG PrimaryStageWindow   - FXGLStartupScene -> FXGLLoadingScene
15:41:44.987 [JavaFX Application Thread] DEBUG GameApplicationServi - Clearing previous game
15:41:44.987 [JavaFX Application Thread] DEBUG GameScene            - Clearing game scene
15:41:44.987 [JavaFX Application Thread] DEBUG GameWorld            - Clearing game world
15:41:44.987 [JavaFX Application Thread] DEBUG PhysicsWorld         - Clearing physics world
15:41:44.990 [FXGL Background Thread 4 ] DEBUG FXGLApplication      - Initializing game
15:41:44.992 [JavaFX Application Thread] DEBUG FXGLApplication      - Registering font factories with UI factory
15:41:45.060 [FXGL Background Thread 4 ] WARN  TMXLevelLoader       - TiledMap generated from 1.10.1. Supported version: 1.9.0. Some features may not be parsed fully.
15:41:45.084 [FXGL Background Thread 4 ] DEBUG TMXLevelLoader       - Parsed TiledMap: file:/C:/Users/ASUS/OneDrive/Máy%20tính/doan/demo1/target/classes/assets/levels/map3.tmx
15:41:45.086 [FXGL Background Thread 4 ] DEBUG TMXLevelLoader       - Creating tile layer entities
15:41:45.088 [FXGL Background Thread 4 ] DEBUG TilesetLoader        - Loading view for layer Tile Layer 1
15:41:45.111 [FXGL Background Thread 4 ] DEBUG TilesetLoader        - Created buffer with size 10260.0x1080.0
15:41:45.300 [FXGL Background Thread 4 ] DEBUG TMXLevelLoader       - Creating object layer entities
15:41:45.344 [FXGL Background Thread 4 ] DEBUG GameWorld            - Clearing removable entities
15:41:45.346 [FXGL Background Thread 4 ] DEBUG GameWorld            - Setting level: com.almasb.fxgl.entity.level.Level@7f0114b1
15:41:45.363 [FXGL Background Thread 4 ] DEBUG FXGLAssetLoaderServi - Loading from file system: file:/C:/Users/ASUS/OneDrive/Máy%20tính/doan/demo1/target/classes/assets/textures/lava.gif
15:41:45.455 [FXGL Background Thread 2 ] WARN  UpdaterService       - Failed to find updates: javax.net.ssl.SSLHandshakeException: No subject alternative DNS name matching raw.githubusercontent.com found.
15:41:45.553 [FXGL Background Thread 4 ] WARN  GameWorld            - Entity is already attached to world
15:41:45.554 [FXGL Background Thread 4 ] WARN  GameWorld            - Entity is already attached to world
15:41:45.554 [FXGL Background Thread 4 ] WARN  GameWorld            - Entity is already attached to world
15:41:45.555 [FXGL Background Thread 4 ] WARN  GameWorld            - Entity is already attached to world
15:41:45.555 [FXGL Background Thread 4 ] WARN  GameWorld            - Entity is already attached to world
15:41:45.556 [FXGL Background Thread 4 ] WARN  GameWorld            - Entity is already attached to world
15:41:45.556 [FXGL Background Thread 4 ] WARN  GameWorld            - Entity is already attached to world
15:41:45.557 [FXGL Background Thread 4 ] WARN  GameWorld            - Entity is already attached to world
15:41:45.557 [FXGL Background Thread 4 ] WARN  GameWorld            - Entity is already attached to world
15:41:45.558 [FXGL Background Thread 4 ] WARN  GameWorld            - Entity is already attached to world
15:41:45.559 [FXGL Background Thread 4 ] WARN  GameWorld            - Entity is already attached to world
15:41:45.560 [FXGL Background Thread 4 ] WARN  GameWorld            - Entity is already attached to world
15:41:45.561 [FXGL Background Thread 4 ] WARN  GameWorld            - Entity is already attached to world
15:41:45.562 [FXGL Background Thread 4 ] WARN  GameWorld            - Entity is already attached to world
15:41:45.563 [FXGL Background Thread 4 ] WARN  GameWorld            - Entity is already attached to world
15:41:45.564 [FXGL Background Thread 4 ] WARN  GameWorld            - Entity is already attached to world
15:41:45.564 [FXGL Background Thread 4 ] WARN  GameWorld            - Entity is already attached to world
15:41:45.565 [FXGL Background Thread 4 ] WARN  GameWorld            - Entity is already attached to world
15:41:45.565 [FXGL Background Thread 4 ] WARN  GameWorld            - Entity is already attached to world
15:41:45.566 [FXGL Background Thread 4 ] WARN  GameWorld            - Entity is already attached to world
15:41:45.566 [FXGL Background Thread 4 ] WARN  GameWorld            - Entity is already attached to world
15:41:45.566 [FXGL Background Thread 4 ] WARN  GameWorld            - Entity is already attached to world
15:41:45.567 [FXGL Background Thread 4 ] WARN  GameWorld            - Entity is already attached to world
15:41:45.567 [FXGL Background Thread 4 ] WARN  GameWorld            - Entity is already attached to world
15:41:45.568 [FXGL Background Thread 4 ] WARN  GameWorld            - Entity is already attached to world
15:41:45.568 [FXGL Background Thread 4 ] WARN  GameWorld            - Entity is already attached to world
15:41:45.569 [FXGL Background Thread 4 ] WARN  GameWorld            - Entity is already attached to world
15:41:45.569 [FXGL Background Thread 4 ] WARN  GameWorld            - Entity is already attached to world
15:41:45.570 [FXGL Background Thread 4 ] WARN  GameWorld            - Entity is already attached to world
15:41:45.570 [FXGL Background Thread 4 ] WARN  GameWorld            - Entity is already attached to world
15:41:45.571 [FXGL Background Thread 4 ] WARN  GameWorld            - Entity is already attached to world
15:41:45.571 [FXGL Background Thread 4 ] WARN  GameWorld            - Entity is already attached to world
15:41:45.571 [FXGL Background Thread 4 ] WARN  GameWorld            - Entity is already attached to world
15:41:45.572 [FXGL Background Thread 4 ] WARN  GameWorld            - Entity is already attached to world
15:41:45.572 [FXGL Background Thread 4 ] WARN  GameWorld            - Entity is already attached to world
15:41:45.572 [FXGL Background Thread 4 ] WARN  GameWorld            - Entity is already attached to world
15:41:45.572 [FXGL Background Thread 4 ] WARN  GameWorld            - Entity is already attached to world
15:41:45.573 [FXGL Background Thread 4 ] WARN  GameWorld            - Entity is already attached to world
15:41:45.574 [FXGL Background Thread 4 ] WARN  GameWorld            - Entity is already attached to world
15:41:45.574 [FXGL Background Thread 4 ] WARN  GameWorld            - Entity is already attached to world
15:41:45.574 [FXGL Background Thread 4 ] WARN  GameWorld            - Entity is already attached to world
15:41:45.575 [FXGL Background Thread 4 ] WARN  GameWorld            - Entity is already attached to world
15:41:45.576 [FXGL Background Thread 4 ] WARN  GameWorld            - Entity is already attached to world
15:41:45.576 [FXGL Background Thread 4 ] WARN  GameWorld            - Entity is already attached to world
15:41:45.577 [FXGL Background Thread 4 ] WARN  GameWorld            - Entity is already attached to world
15:41:45.577 [FXGL Background Thread 4 ] WARN  GameWorld            - Entity is already attached to world
15:41:45.578 [FXGL Background Thread 4 ] WARN  GameWorld            - Entity is already attached to world
15:41:45.578 [FXGL Background Thread 4 ] WARN  GameWorld            - Entity is already attached to world
15:41:45.579 [FXGL Background Thread 4 ] WARN  GameWorld            - Entity is already attached to world
15:41:45.579 [FXGL Background Thread 4 ] WARN  GameWorld            - Entity is already attached to world
15:41:45.579 [FXGL Background Thread 4 ] DEBUG FXGLAssetLoaderServi - Loading from file system: file:/C:/Users/ASUS/OneDrive/Máy%20tính/doan/demo1/target/classes/assets/textures/start.gif
15:41:45.656 [FXGL Background Thread 4 ] WARN  GameWorld            - Entity is already attached to world
15:41:45.660 [FXGL Background Thread 4 ] DEBUG FXGLAssetLoaderServi - Loading from file system: file:/C:/Users/ASUS/OneDrive/Máy%20tính/doan/demo1/target/classes/assets/textures/f1_1.png
15:41:45.665 [FXGL Background Thread 4 ] WARN  GameWorld            - Entity is already attached to world
15:41:45.665 [FXGL Background Thread 4 ] DEBUG FXGLAssetLoaderServi - Loading from file system: file:/C:/Users/ASUS/OneDrive/Máy%20tính/doan/demo1/target/classes/assets/textures/f1_2.png
15:41:45.667 [FXGL Background Thread 4 ] WARN  GameWorld            - Entity is already attached to world
15:41:45.667 [FXGL Background Thread 4 ] DEBUG FXGLAssetLoaderServi - Loading from file system: file:/C:/Users/ASUS/OneDrive/Máy%20tính/doan/demo1/target/classes/assets/textures/f1_3.png
15:41:45.669 [FXGL Background Thread 4 ] WARN  GameWorld            - Entity is already attached to world
15:41:45.670 [FXGL Background Thread 4 ] INFO  FXGLApplication      - Game initialization took: 0.681 sec
15:41:45.670 [JavaFX Application Thread] DEBUG Input                - Clearing active input actions
15:41:45.682 [JavaFX Application Thread] DEBUG GameApplicationServi - Removing overlay from FXGLLoadingScene and adding to GameScene
15:41:45.682 [JavaFX Application Thread] DEBUG PrimaryStageWindow   - FXGLLoadingScene -> GameScene
15:41:46.373 [JavaFX Application Thread] DEBUG FXGLApplication      - Exiting FXGL
15:41:46.373 [JavaFX Application Thread] DEBUG LoopRunner           - Stopping loop
15:41:46.373 [JavaFX Application Thread] DEBUG SystemBundleService  - Saving FXGL system data
15:41:46.376 [JavaFX Application Thread] DEBUG FileSystemAccess     - Writing to: C:\Users\ASUS\OneDrive\Máy tính\doan\demo1\system\fxgl.bundle
15:41:46.380 [JavaFX Application Thread] DEBUG Async                - Shutting down background threads
15:41:46.380 [JavaFX Application Thread] DEBUG PrimaryStageWindow   - Closing main window
15:41:46.395 [JavaFX Application Thread] DEBUG Logger               - Closing Logger
