20:54:23.177 [AWT-EventQueue-0         ] DEBUG Logger               - Configured Logger
20:54:23.185 [AWT-EventQueue-0         ] DEBUG GameApplication      - Logging settings
Title: Geometry Wars
Version: 0.0
Width: 1920
Height: 1080
Fullscreen: false
Intro: false
Profiling: false
Single step:false
App Mode: DEVELOPER
Menu Key: ESCAPE
Stage Style: DECORATED
Scene Factory: class com.almasb.fxgl.app.scene.SceneFactory

20:54:23.201 [AWT-EventQueue-0         ] DEBUG FXGLApplication      - Initializing FXGL
20:54:23.203 [AWT-EventQueue-0         ] INFO  Engine               - FXGL-17.2 (20.08.2022 16.50) on WINDOWS (J:20 FX:20-ea)
20:54:23.203 [AWT-EventQueue-0         ] DEBUG Engine               - JRE Vendor Name: Oracle Corporation
20:54:23.205 [AWT-EventQueue-0         ] DEBUG Engine               - Running on OS: Windows 11 version 10.0
20:54:23.205 [AWT-EventQueue-0         ] DEBUG Engine               - Architecture: amd64
20:54:23.205 [AWT-EventQueue-0         ] INFO  Engine               - Source code and latest versions at: https://github.com/AlmasB/FXGL
20:54:23.205 [AWT-EventQueue-0         ] INFO  Engine               -       Ask questions and discuss at: https://github.com/AlmasB/FXGL/discussions
20:54:23.205 [AWT-EventQueue-0         ] INFO  Engine               -              Join the FXGL chat at: https://gitter.im/AlmasB/FXGL
20:54:23.239 [AWT-EventQueue-0         ] DEBUG EmbeddedPaneWindow   - Target settings size: 1920.0 x 1080.0
20:54:23.239 [AWT-EventQueue-0         ] DEBUG EmbeddedPaneWindow   - Scaled scene size:    1920.0 x 1080.0
20:54:23.239 [AWT-EventQueue-0         ] DEBUG EmbeddedPaneWindow   - Scaled ratio: (1.0, 1.0)
20:54:23.240 [AWT-EventQueue-0         ] DEBUG EmbeddedPaneWindow   - Set initial scene to FXGLStartupScene
20:54:23.241 [AWT-EventQueue-0         ] DEBUG EmbeddedPaneWindow   - Opening embedded window
20:54:23.241 [AWT-EventQueue-0         ] DEBUG EmbeddedPaneWindow   - Window border size: (0, 0)
20:54:23.241 [AWT-EventQueue-0         ] DEBUG EmbeddedPaneWindow   - Scaled size: 1920.0 x 1080.0
20:54:23.241 [AWT-EventQueue-0         ] DEBUG EmbeddedPaneWindow   - Scaled ratio: (1.0, 1.0)
20:54:23.244 [FXGL Background Thread 1 ] DEBUG Engine               - Initializing environment variables
20:54:23.273 [FXGL Background Thread 1 ] DEBUG FXGLAssetLoaderServi - User app class for loading assets: class com.example.demo1.GeoWarsApp
20:54:23.274 [FXGL Background Thread 1 ] DEBUG GameApplicationServi - Applying CSS: fxgl_dark.css
20:54:23.274 [FXGL Background Thread 1 ] DEBUG FXGLAssetLoaderServi - Loading from file system: jar:file:///C:/Users/ASUS/.m2/repository/com/github/almasb/fxgl/17.2/fxgl-17.2.jar!/fxglassets/ui/css/fxgl_dark.css
20:54:23.275 [FXGL Background Thread 1 ] DEBUG GameApplicationServi - Initializing application scenes
20:54:23.293 [FXGL Background Thread 1 ] DEBUG GameWorld            - Game world initialized
20:54:23.379 [FXGL Background Thread 1 ] DEBUG PhysicsWorld         - Physics world initialized: appHeight=1080, physics.ppm=50.0
20:54:23.380 [FXGL Background Thread 1 ] DEBUG PhysicsWorld         - Using strategy: BRUTE_FORCE
20:54:23.386 [FXGL Background Thread 1 ] DEBUG GameScene            - Game scene initialized: 1920x1080
20:54:23.406 [FXGL Background Thread 1 ] DEBUG FXGL.DefaultMenu     - createMenuBodyGameMenu()
20:54:23.418 [FXGL Background Thread 1 ] DEBUG FXGL.DefaultMenu     - createOptionsMenu()
20:54:23.431 [FXGL Background Thread 1 ] DEBUG FXGLAssetLoaderServi - Loading from file system: jar:file:///C:/Users/ASUS/.m2/repository/com/github/almasb/fxgl/17.2/fxgl-17.2.jar!/fxglassets/textures/particles/smoke.png
20:54:23.510 [FXGL Background Thread 1 ] DEBUG FXGLAssetLoaderServi - Loading from file system: jar:file:///C:/Users/ASUS/.m2/repository/com/github/almasb/fxgl/17.2/fxgl-17.2.jar!/fxglassets/textures/particles/trace_horizontal.png
20:54:23.533 [FXGL Background Thread 1 ] DEBUG GameApplicationServi - Application scenes initialized
20:54:23.542 [FXGL Background Thread 1 ] DEBUG SystemBundleService  - Loading FXGL system data
20:54:23.543 [FXGL Background Thread 1 ] DEBUG FileSystemAccess     - Reading from: C:\Users\ASUS\OneDrive\Máy tính\doan\demo1\system\fxgl.bundle
20:54:23.546 [FXGL Background Thread 1 ] DEBUG SystemBundleService  - Bundle FXGL: {}
20:54:23.546 [FXGL Background Thread 1 ] DEBUG UpdaterService       - Checking for updates
20:54:23.549 [FXGL Background Thread 4 ] DEBUG FXGLApplication      - Loading fonts
20:54:23.549 [FXGL Background Thread 1 ] DEBUG FXGLApplication      - Loading default localization
20:54:23.550 [FXGL Background Thread 4 ] DEBUG FXGLAssetLoaderServi - Loading from file system: jar:file:///C:/Users/ASUS/.m2/repository/com/github/almasb/fxgl/17.2/fxgl-17.2.jar!/fxglassets/ui/fonts/VarelaRound-Regular.ttf
20:54:23.550 [FXGL Background Thread 1 ] DEBUG FXGLAssetLoaderServi - Loading from file system: jar:file:///C:/Users/ASUS/.m2/repository/com/github/almasb/fxgl/17.2/fxgl-17.2.jar!/fxglassets/languages/english.lang
20:54:23.555 [FXGL Background Thread 4 ] DEBUG FXGLAssetLoaderServi - Loading from file system: jar:file:///C:/Users/ASUS/.m2/repository/com/github/almasb/fxgl/17.2/fxgl-17.2.jar!/fxglassets/ui/fonts/Abel-Regular.ttf
20:54:23.558 [FXGL Background Thread 4 ] DEBUG FXGLAssetLoaderServi - Loading from file system: jar:file:///C:/Users/ASUS/.m2/repository/com/github/almasb/fxgl/17.2/fxgl-17.2.jar!/fxglassets/ui/fonts/TerminalLandMono-Regular.otf
20:54:23.560 [FXGL Background Thread 4 ] DEBUG FXGLAssetLoaderServi - Loading from file system: jar:file:///C:/Users/ASUS/.m2/repository/com/github/almasb/fxgl/17.2/fxgl-17.2.jar!/fxglassets/ui/fonts/Courier-Prime.ttf
20:54:23.563 [JavaFX Application Thread] DEBUG FXGLApplication      - Registering font factories with UI factory
20:54:23.567 [FXGL Background Thread 1 ] INFO  FXGLApplication      - FXGL initialization took: 0.322 sec
20:54:23.567 [JavaFX Application Thread] DEBUG FXGLAssetLoaderServi - Loading from file system: jar:file:///C:/Users/ASUS/.m2/repository/com/github/almasb/fxgl/17.2/fxgl-17.2.jar!/fxglassets/textures/fxgl_icon.png
20:54:23.575 [JavaFX Application Thread] DEBUG FXGLAssetLoaderServi - Loading from file system: jar:file:///C:/Users/ASUS/.m2/repository/com/github/almasb/fxgl/17.2/fxgl-17.2.jar!/fxglassets/textures/fxgl_default_cursor.png
20:54:23.581 [JavaFX Application Thread] DEBUG Input                - Registered new binding: Screenshot - CTRL+8
20:54:23.582 [JavaFX Application Thread] DEBUG Input                - Registered new binding: System info dump - CTRL+9
20:54:23.582 [JavaFX Application Thread] DEBUG Input                - Registered new binding: Restart - CTRL+R
20:54:23.582 [JavaFX Application Thread] DEBUG Input                - Registered new binding: Toggle Debug Camera - CTRL+7
20:54:23.583 [JavaFX Application Thread] DEBUG LoopRunner           - Starting loop
20:54:23.583 [JavaFX Application Thread] DEBUG LoopRunner           - Initializing JavaFX AnimationTimerLoop
20:54:23.584 [JavaFX Application Thread] DEBUG GameApplicationServi - Starting new game
20:54:23.584 [JavaFX Application Thread] DEBUG Input                - Clearing active input actions
20:54:23.587 [JavaFX Application Thread] DEBUG GameApplicationServi - Removing overlay from FXGLStartupScene and adding to FXGLLoadingScene
20:54:23.587 [JavaFX Application Thread] DEBUG EmbeddedPaneWindow   - FXGLStartupScene -> FXGLLoadingScene
20:54:23.587 [JavaFX Application Thread] DEBUG GameApplicationServi - Clearing previous game
20:54:23.587 [JavaFX Application Thread] DEBUG GameScene            - Clearing game scene
20:54:23.587 [JavaFX Application Thread] DEBUG GameWorld            - Clearing game world
20:54:23.587 [JavaFX Application Thread] DEBUG PhysicsWorld         - Clearing physics world
20:54:23.589 [FXGL Background Thread 1 ] DEBUG FXGLApplication      - Initializing game
20:54:23.632 [FXGL Background Thread 1 ] WARN  TMXLevelLoader       - TiledMap generated from 1.10.1. Supported version: 1.9.0. Some features may not be parsed fully.
20:54:23.653 [FXGL Background Thread 1 ] DEBUG TMXLevelLoader       - Parsed TiledMap: file:/C:/Users/ASUS/OneDrive/Máy%20tính/doan/demo1/target/classes/assets/levels/map3.tmx
20:54:23.654 [FXGL Background Thread 1 ] DEBUG TMXLevelLoader       - Creating tile layer entities
20:54:23.655 [FXGL Background Thread 1 ] DEBUG TilesetLoader        - Loading view for layer Tile Layer 1
20:54:23.673 [FXGL Background Thread 1 ] DEBUG TilesetLoader        - Created buffer with size 10260.0x1080.0
20:54:23.830 [FXGL Background Thread 1 ] DEBUG TMXLevelLoader       - Creating object layer entities
20:54:23.887 [FXGL Background Thread 1 ] DEBUG GameWorld            - Clearing removable entities
20:54:23.888 [FXGL Background Thread 1 ] DEBUG GameWorld            - Setting level: com.almasb.fxgl.entity.level.Level@447627a2
20:54:23.906 [FXGL Background Thread 1 ] DEBUG FXGLAssetLoaderServi - Loading from file system: file:/C:/Users/ASUS/OneDrive/Máy%20tính/doan/demo1/target/classes/assets/textures/lava.gif
20:54:24.073 [FXGL Background Thread 1 ] WARN  GameWorld            - Entity is already attached to world
20:54:24.074 [FXGL Background Thread 1 ] WARN  GameWorld            - Entity is already attached to world
20:54:24.075 [FXGL Background Thread 1 ] WARN  GameWorld            - Entity is already attached to world
20:54:24.076 [FXGL Background Thread 1 ] WARN  GameWorld            - Entity is already attached to world
20:54:24.078 [FXGL Background Thread 1 ] WARN  GameWorld            - Entity is already attached to world
20:54:24.079 [FXGL Background Thread 1 ] WARN  GameWorld            - Entity is already attached to world
20:54:24.080 [FXGL Background Thread 1 ] WARN  GameWorld            - Entity is already attached to world
20:54:24.081 [FXGL Background Thread 1 ] WARN  GameWorld            - Entity is already attached to world
20:54:24.081 [FXGL Background Thread 1 ] WARN  GameWorld            - Entity is already attached to world
20:54:24.082 [FXGL Background Thread 1 ] WARN  GameWorld            - Entity is already attached to world
20:54:24.082 [FXGL Background Thread 1 ] WARN  GameWorld            - Entity is already attached to world
20:54:24.083 [FXGL Background Thread 1 ] WARN  GameWorld            - Entity is already attached to world
20:54:24.083 [FXGL Background Thread 1 ] WARN  GameWorld            - Entity is already attached to world
20:54:24.084 [FXGL Background Thread 1 ] WARN  GameWorld            - Entity is already attached to world
20:54:24.084 [FXGL Background Thread 1 ] WARN  GameWorld            - Entity is already attached to world
20:54:24.085 [FXGL Background Thread 1 ] WARN  GameWorld            - Entity is already attached to world
20:54:24.085 [FXGL Background Thread 1 ] WARN  GameWorld            - Entity is already attached to world
20:54:24.086 [FXGL Background Thread 1 ] WARN  GameWorld            - Entity is already attached to world
20:54:24.087 [FXGL Background Thread 1 ] WARN  GameWorld            - Entity is already attached to world
20:54:24.087 [FXGL Background Thread 1 ] WARN  GameWorld            - Entity is already attached to world
20:54:24.088 [FXGL Background Thread 1 ] WARN  GameWorld            - Entity is already attached to world
20:54:24.088 [FXGL Background Thread 1 ] WARN  GameWorld            - Entity is already attached to world
20:54:24.089 [FXGL Background Thread 1 ] WARN  GameWorld            - Entity is already attached to world
20:54:24.089 [FXGL Background Thread 1 ] WARN  GameWorld            - Entity is already attached to world
20:54:24.090 [FXGL Background Thread 1 ] WARN  GameWorld            - Entity is already attached to world
20:54:24.090 [FXGL Background Thread 1 ] WARN  GameWorld            - Entity is already attached to world
20:54:24.091 [FXGL Background Thread 1 ] WARN  GameWorld            - Entity is already attached to world
20:54:24.091 [FXGL Background Thread 1 ] WARN  GameWorld            - Entity is already attached to world
20:54:24.092 [FXGL Background Thread 1 ] WARN  GameWorld            - Entity is already attached to world
20:54:24.093 [FXGL Background Thread 1 ] WARN  GameWorld            - Entity is already attached to world
20:54:24.093 [FXGL Background Thread 1 ] WARN  GameWorld            - Entity is already attached to world
20:54:24.094 [FXGL Background Thread 1 ] WARN  GameWorld            - Entity is already attached to world
20:54:24.095 [FXGL Background Thread 1 ] WARN  GameWorld            - Entity is already attached to world
20:54:24.095 [FXGL Background Thread 1 ] WARN  GameWorld            - Entity is already attached to world
20:54:24.096 [FXGL Background Thread 1 ] WARN  GameWorld            - Entity is already attached to world
20:54:24.096 [FXGL Background Thread 1 ] WARN  GameWorld            - Entity is already attached to world
20:54:24.096 [FXGL Background Thread 1 ] WARN  GameWorld            - Entity is already attached to world
20:54:24.098 [FXGL Background Thread 1 ] WARN  GameWorld            - Entity is already attached to world
20:54:24.098 [FXGL Background Thread 1 ] WARN  GameWorld            - Entity is already attached to world
20:54:24.099 [FXGL Background Thread 1 ] WARN  GameWorld            - Entity is already attached to world
20:54:24.099 [FXGL Background Thread 1 ] WARN  GameWorld            - Entity is already attached to world
20:54:24.100 [FXGL Background Thread 1 ] WARN  GameWorld            - Entity is already attached to world
20:54:24.101 [FXGL Background Thread 1 ] WARN  GameWorld            - Entity is already attached to world
20:54:24.102 [FXGL Background Thread 1 ] WARN  GameWorld            - Entity is already attached to world
20:54:24.102 [FXGL Background Thread 1 ] WARN  GameWorld            - Entity is already attached to world
20:54:24.103 [FXGL Background Thread 1 ] WARN  GameWorld            - Entity is already attached to world
20:54:24.104 [FXGL Background Thread 1 ] WARN  GameWorld            - Entity is already attached to world
20:54:24.104 [FXGL Background Thread 1 ] WARN  GameWorld            - Entity is already attached to world
20:54:24.105 [FXGL Background Thread 1 ] WARN  GameWorld            - Entity is already attached to world
20:54:24.105 [FXGL Background Thread 1 ] WARN  GameWorld            - Entity is already attached to world
20:54:24.105 [FXGL Background Thread 1 ] DEBUG FXGLAssetLoaderServi - Loading from file system: file:/C:/Users/ASUS/OneDrive/Máy%20tính/doan/demo1/target/classes/assets/textures/start.gif
20:54:24.173 [FXGL Background Thread 1 ] WARN  GameWorld            - Entity is already attached to world
20:54:24.175 [FXGL Background Thread 1 ] DEBUG FXGLAssetLoaderServi - Loading from file system: file:/C:/Users/ASUS/OneDrive/Máy%20tính/doan/demo1/target/classes/assets/textures/car1.png
20:54:24.181 [FXGL Background Thread 1 ] WARN  GameWorld            - Entity is already attached to world
20:54:24.182 [FXGL Background Thread 1 ] DEBUG FXGLAssetLoaderServi - Loading from file system: file:/C:/Users/ASUS/OneDrive/Máy%20tính/doan/demo1/target/classes/assets/textures/car2.png
20:54:24.184 [FXGL Background Thread 1 ] WARN  GameWorld            - Entity is already attached to world
20:54:24.186 [FXGL Background Thread 1 ] DEBUG FXGLAssetLoaderServi - Loading from file system: file:/C:/Users/ASUS/OneDrive/Máy%20tính/doan/demo1/target/classes/assets/textures/car3.png
20:54:24.187 [FXGL Background Thread 1 ] WARN  GameWorld            - Entity is already attached to world
20:54:24.189 [FXGL Background Thread 1 ] INFO  FXGLApplication      - Game initialization took: 0.600 sec
20:54:24.189 [JavaFX Application Thread] DEBUG Input                - Clearing active input actions
20:54:24.194 [JavaFX Application Thread] DEBUG GameApplicationServi - Removing overlay from FXGLLoadingScene and adding to GameScene
20:54:24.195 [JavaFX Application Thread] DEBUG EmbeddedPaneWindow   - FXGLLoadingScene -> GameScene
20:54:24.334 [FXGL Background Thread 2 ] INFO  UpdaterService       - Your current version:  17.2
20:54:24.335 [FXGL Background Thread 2 ] INFO  UpdaterService       - Latest stable version: 17.3
20:54:26.549 [FXGL Background Thread 3 ] DEBUG Engine               - Logging environment variables
20:54:26.549 [FXGL Background Thread 3 ] DEBUG Engine               - achievements: []
20:54:26.549 [FXGL Background Thread 3 ] DEBUG Engine               - actualHeight: 1080.0
20:54:26.549 [FXGL Background Thread 3 ] DEBUG Engine               - actualHeightProperty: ReadOnlyDoubleProperty [value: 1080.0]
20:54:26.549 [FXGL Background Thread 3 ] DEBUG Engine               - actualWidth: 1920.0
20:54:26.549 [FXGL Background Thread 3 ] DEBUG Engine               - actualWidthProperty: ReadOnlyDoubleProperty [value: 1920.0]
20:54:26.549 [FXGL Background Thread 3 ] DEBUG Engine               - appIcon: fxgl_icon.png
20:54:26.549 [FXGL Background Thread 3 ] DEBUG Engine               - applicationMode: DEVELOPER
20:54:26.549 [FXGL Background Thread 3 ] DEBUG Engine               - cSSList: [fxgl_dark.css]
20:54:26.549 [FXGL Background Thread 3 ] DEBUG Engine               - collisionDetectionStrategy: BRUTE_FORCE
20:54:26.549 [FXGL Background Thread 3 ] DEBUG Engine               - configClass: Optional.empty
20:54:26.549 [FXGL Background Thread 3 ] DEBUG Engine               - credits: []
20:54:26.549 [FXGL Background Thread 3 ] DEBUG Engine               - defaultCursor: CursorInfo(imageName=fxgl_default_cursor.png, hotspotX=7.0, hotspotY=6.0)
20:54:26.549 [FXGL Background Thread 3 ] DEBUG Engine               - devBBoxColorProperty: ObjectProperty [value: 0xff0000ff]
20:54:26.549 [FXGL Background Thread 3 ] DEBUG Engine               - devEnableDebugCameraProperty: BooleanProperty [value: false]
20:54:26.549 [FXGL Background Thread 3 ] DEBUG Engine               - devSensorColorProperty: ObjectProperty [value: 0xffff00ff]
20:54:26.549 [FXGL Background Thread 3 ] DEBUG Engine               - devShowBBoxProperty: BooleanProperty [value: false]
20:54:26.550 [FXGL Background Thread 3 ] DEBUG Engine               - devShowPositionProperty: BooleanProperty [value: false]
20:54:26.550 [FXGL Background Thread 3 ] DEBUG Engine               - enabledMenuItems: []
20:54:26.550 [FXGL Background Thread 3 ] DEBUG Engine               - engineServices: [class com.almasb.fxgl.app.services.FXGLAssetLoaderService, class com.almasb.fxgl.app.FXGLApplication$GameApplicationService, class com.almasb.fxgl.app.services.FXGLDialogService, class com.almasb.fxgl.app.services.IOTaskExecutorService, class com.almasb.fxgl.io.FileSystemService, class com.almasb.fxgl.localization.LocalizationService, class com.almasb.fxgl.app.services.SystemBundleService, class com.almasb.fxgl.profile.SaveLoadService, class com.almasb.fxgl.ui.FXGLUIFactoryServiceProvider, class com.almasb.fxgl.ui.FXGLDialogFactoryServiceProvider, class com.almasb.fxgl.audio.AudioPlayer, class com.almasb.fxgl.notification.impl.NotificationServiceProvider, class com.almasb.fxgl.achievement.AchievementService, class com.almasb.fxgl.cutscene.CutsceneService, class com.almasb.fxgl.minigames.MiniGameService, class com.almasb.fxgl.net.NetService, class com.almasb.fxgl.app.services.UpdaterService, class com.almasb.fxgl.dev.DevService]
20:54:26.550 [FXGL Background Thread 3 ] DEBUG Engine               - fontGame: Abel-Regular.ttf
20:54:26.550 [FXGL Background Thread 3 ] DEBUG Engine               - fontMono: TerminalLandMono-Regular.otf
20:54:26.550 [FXGL Background Thread 3 ] DEBUG Engine               - fontText: Courier-Prime.ttf
20:54:26.550 [FXGL Background Thread 3 ] DEBUG Engine               - fontUI: VarelaRound-Regular.ttf
20:54:26.550 [FXGL Background Thread 3 ] DEBUG Engine               - fullScreen: BooleanProperty [value: false]
20:54:26.550 [FXGL Background Thread 3 ] DEBUG Engine               - gameDifficulty: MEDIUM
20:54:26.550 [FXGL Background Thread 3 ] DEBUG Engine               - gameDifficultyProperty: ObjectProperty [value: MEDIUM]
20:54:26.550 [FXGL Background Thread 3 ] DEBUG Engine               - globalMusicVolume: 0.5
20:54:26.550 [FXGL Background Thread 3 ] DEBUG Engine               - globalMusicVolumeProperty: DoubleProperty [value: 0.5]
20:54:26.550 [FXGL Background Thread 3 ] DEBUG Engine               - globalSoundVolume: 0.5
20:54:26.550 [FXGL Background Thread 3 ] DEBUG Engine               - globalSoundVolumeProperty: DoubleProperty [value: 0.5]
20:54:26.550 [FXGL Background Thread 3 ] DEBUG Engine               - height: 1080
20:54:26.550 [FXGL Background Thread 3 ] DEBUG Engine               - is3D: false
20:54:26.550 [FXGL Background Thread 3 ] DEBUG Engine               - isAndroid: false
20:54:26.550 [FXGL Background Thread 3 ] DEBUG Engine               - isBrowser: false
20:54:26.550 [FXGL Background Thread 3 ] DEBUG Engine               - isClickFeedbackEnabled: false
20:54:26.550 [FXGL Background Thread 3 ] DEBUG Engine               - isCloseConfirmation: false
20:54:26.550 [FXGL Background Thread 3 ] DEBUG Engine               - isDesktop: true
20:54:26.550 [FXGL Background Thread 3 ] DEBUG Engine               - isDeveloperMenuEnabled: false
20:54:26.550 [FXGL Background Thread 3 ] DEBUG Engine               - isEmbedded: false
20:54:26.550 [FXGL Background Thread 3 ] DEBUG Engine               - isEntityPreloadEnabled: true
20:54:26.550 [FXGL Background Thread 3 ] DEBUG Engine               - isExperimentalTiledLargeMap: false
20:54:26.550 [FXGL Background Thread 3 ] DEBUG Engine               - isFileSystemWriteAllowed: true
20:54:26.550 [FXGL Background Thread 3 ] DEBUG Engine               - isFullScreenAllowed: false
20:54:26.550 [FXGL Background Thread 3 ] DEBUG Engine               - isFullScreenFromStart: false
20:54:26.550 [FXGL Background Thread 3 ] DEBUG Engine               - isGameMenuEnabled: true
20:54:26.550 [FXGL Background Thread 3 ] DEBUG Engine               - isIOS: false
20:54:26.550 [FXGL Background Thread 3 ] DEBUG Engine               - isIntroEnabled: false
20:54:26.550 [FXGL Background Thread 3 ] DEBUG Engine               - isLinux: false
20:54:26.550 [FXGL Background Thread 3 ] DEBUG Engine               - isMac: false
20:54:26.550 [FXGL Background Thread 3 ] DEBUG Engine               - isMainMenuEnabled: false
20:54:26.550 [FXGL Background Thread 3 ] DEBUG Engine               - isManualResizeEnabled: false
20:54:26.550 [FXGL Background Thread 3 ] DEBUG Engine               - isMobile: false
20:54:26.550 [FXGL Background Thread 3 ] DEBUG Engine               - isNative: false
20:54:26.550 [FXGL Background Thread 3 ] DEBUG Engine               - isPauseMusicWhenMinimized: true
20:54:26.550 [FXGL Background Thread 3 ] DEBUG Engine               - isPreserveResizeRatio: false
20:54:26.550 [FXGL Background Thread 3 ] DEBUG Engine               - isProfilingEnabled: false
20:54:26.550 [FXGL Background Thread 3 ] DEBUG Engine               - isScaleAffectedOnResize: true
20:54:26.550 [FXGL Background Thread 3 ] DEBUG Engine               - isSingleStep: false
20:54:26.550 [FXGL Background Thread 3 ] DEBUG Engine               - isUserProfileEnabled: false
20:54:26.550 [FXGL Background Thread 3 ] DEBUG Engine               - isWindows: true
20:54:26.550 [FXGL Background Thread 3 ] DEBUG Engine               - language: ObjectProperty [value: ENGLISH]
20:54:26.550 [FXGL Background Thread 3 ] DEBUG Engine               - menuKey: ESCAPE
20:54:26.550 [FXGL Background Thread 3 ] DEBUG Engine               - mouseSensitivity: 0.2
20:54:26.550 [FXGL Background Thread 3 ] DEBUG Engine               - notificationViewClass: class com.almasb.fxgl.notification.view.XboxNotificationView
20:54:26.550 [FXGL Background Thread 3 ] DEBUG Engine               - pixelsPerMeter: 50.0
20:54:26.550 [FXGL Background Thread 3 ] DEBUG Engine               - platform: WINDOWS
20:54:26.550 [FXGL Background Thread 3 ] DEBUG Engine               - prefHeightProperty: ReadOnlyDoubleProperty [value: 1080.0]
20:54:26.550 [FXGL Background Thread 3 ] DEBUG Engine               - prefWidthProperty: ReadOnlyDoubleProperty [value: 1920.0]
20:54:26.550 [FXGL Background Thread 3 ] DEBUG Engine               - profileDir: profiles/
20:54:26.550 [FXGL Background Thread 3 ] DEBUG Engine               - profileName: StringProperty [value: DEFAULT]
20:54:26.550 [FXGL Background Thread 3 ] DEBUG Engine               - randomSeed: -1
20:54:26.551 [FXGL Background Thread 3 ] DEBUG Engine               - runtimeInfo: RuntimeInfo(platform=WINDOWS, version=17.2, build=20.08.2022 16.50)
20:54:26.551 [FXGL Background Thread 3 ] DEBUG Engine               - saveFileExt: sav
20:54:26.551 [FXGL Background Thread 3 ] DEBUG Engine               - scaledHeightProp$fxgl: DoubleProperty [bound, value: 1080.0]
20:54:26.551 [FXGL Background Thread 3 ] DEBUG Engine               - scaledWidthProp$fxgl: DoubleProperty [bound, value: 1920.0]
20:54:26.551 [FXGL Background Thread 3 ] DEBUG Engine               - sceneFactory: com.almasb.fxgl.app.scene.SceneFactory@1adb9308
20:54:26.551 [FXGL Background Thread 3 ] DEBUG Engine               - secondsIn24h: 60
20:54:26.551 [FXGL Background Thread 3 ] DEBUG Engine               - soundMenuBack: menu/back.wav
20:54:26.551 [FXGL Background Thread 3 ] DEBUG Engine               - soundMenuPress: menu/press.wav
20:54:26.551 [FXGL Background Thread 3 ] DEBUG Engine               - soundMenuSelect: menu/select.wav
20:54:26.551 [FXGL Background Thread 3 ] DEBUG Engine               - soundNotification: core/notification.wav
20:54:26.551 [FXGL Background Thread 3 ] DEBUG Engine               - stageStyle: DECORATED
20:54:26.551 [FXGL Background Thread 3 ] DEBUG Engine               - supportedLanguages: [ENGLISH, FRENCH, GERMAN, HUNGARIAN, RUSSIAN]
20:54:26.551 [FXGL Background Thread 3 ] DEBUG Engine               - ticksPerSecond: -1
20:54:26.551 [FXGL Background Thread 3 ] DEBUG Engine               - title: Geometry Wars
20:54:26.551 [FXGL Background Thread 3 ] DEBUG Engine               - urlGithub: https://github.com/AlmasB/FXGL
20:54:26.552 [FXGL Background Thread 3 ] DEBUG Engine               - urlLeaderboard: http://fxgl-top.herokuapp.com/
20:54:26.552 [FXGL Background Thread 3 ] DEBUG Engine               - urlPOM: https://raw.githubusercontent.com/AlmasB/FXGL/release/README.md
20:54:26.552 [FXGL Background Thread 3 ] DEBUG Engine               - userAppClass: class com.example.demo1.GeoWarsApp
20:54:26.552 [FXGL Background Thread 3 ] DEBUG Engine               - version: 0.0
20:54:26.552 [FXGL Background Thread 3 ] DEBUG Engine               - versionCheckDays: 7
20:54:26.552 [FXGL Background Thread 3 ] DEBUG Engine               - width: 1920
20:54:26.552 [FXGL Background Thread 3 ] DEBUG Engine               - Logging services
20:54:26.552 [FXGL Background Thread 3 ] DEBUG Engine               - class com.almasb.fxgl.app.services.FXGLAssetLoaderService
20:54:26.552 [FXGL Background Thread 3 ] DEBUG Engine               - class com.almasb.fxgl.app.FXGLApplication$GameApplicationService
20:54:26.552 [FXGL Background Thread 3 ] DEBUG Engine               - class com.almasb.fxgl.app.services.FXGLDialogService
20:54:26.552 [FXGL Background Thread 3 ] DEBUG Engine               - class com.almasb.fxgl.app.services.IOTaskExecutorService
20:54:26.552 [FXGL Background Thread 3 ] DEBUG Engine               - class com.almasb.fxgl.io.FileSystemService
20:54:26.552 [FXGL Background Thread 3 ] DEBUG Engine               - class com.almasb.fxgl.localization.LocalizationService
20:54:26.552 [FXGL Background Thread 3 ] DEBUG Engine               - class com.almasb.fxgl.app.services.SystemBundleService
20:54:26.552 [FXGL Background Thread 3 ] DEBUG Engine               - class com.almasb.fxgl.profile.SaveLoadService
20:54:26.552 [FXGL Background Thread 3 ] DEBUG Engine               - class com.almasb.fxgl.ui.FXGLUIFactoryServiceProvider
20:54:26.552 [FXGL Background Thread 3 ] DEBUG Engine               - class com.almasb.fxgl.ui.FXGLDialogFactoryServiceProvider
20:54:26.552 [FXGL Background Thread 3 ] DEBUG Engine               - class com.almasb.fxgl.audio.AudioPlayer
20:54:26.552 [FXGL Background Thread 3 ] DEBUG Engine               - class com.almasb.fxgl.notification.impl.NotificationServiceProvider
20:54:26.552 [FXGL Background Thread 3 ] DEBUG Engine               - class com.almasb.fxgl.achievement.AchievementService
20:54:26.552 [FXGL Background Thread 3 ] DEBUG Engine               - class com.almasb.fxgl.cutscene.CutsceneService
20:54:26.552 [FXGL Background Thread 3 ] DEBUG Engine               - class com.almasb.fxgl.minigames.MiniGameService
20:54:26.552 [FXGL Background Thread 3 ] DEBUG Engine               - class com.almasb.fxgl.net.NetService
20:54:26.552 [FXGL Background Thread 3 ] DEBUG Engine               - class com.almasb.fxgl.app.services.UpdaterService
20:54:26.552 [FXGL Background Thread 3 ] DEBUG Engine               - class com.almasb.fxgl.dev.DevService
20:54:42.363 [JavaFX Application Thread] DEBUG FXGLAssetLoaderServi - Loading from file system: file:/C:/Users/ASUS/OneDrive/Máy%20tính/doan/demo1/target/classes/assets/textures/gif-flag.gif
20:54:42.420 [JavaFX Application Thread] WARN  GameWorld            - Entity is already attached to world
20:54:42.889 [JavaFX Application Thread] WARN  GameWorld            - Entity is already attached to world
20:54:43.336 [JavaFX Application Thread] WARN  GameWorld            - Entity is already attached to world
20:54:43.425 [JavaFX Application Thread] DEBUG FXGLApplication      - Exiting FXGL
20:54:43.425 [JavaFX Application Thread] DEBUG LoopRunner           - Stopping loop
20:54:43.425 [JavaFX Application Thread] DEBUG SystemBundleService  - Saving FXGL system data
20:54:43.427 [JavaFX Application Thread] DEBUG FileSystemAccess     - Writing to: C:\Users\ASUS\OneDrive\Máy tính\doan\demo1\system\fxgl.bundle
20:54:43.431 [JavaFX Application Thread] DEBUG Async                - Shutting down background threads
20:54:43.431 [JavaFX Application Thread] DEBUG Logger               - Closing Logger
