15:41:27.521 [main                     ] DEBUG Logger               - Configured Logger
15:41:27.535 [main                     ] DEBUG GameApplication      - Logging settings
Title: Geometry Wars
Version: 0.0
Width: 1920
Height: 1080
Fullscreen: false
Intro: false
Profiling: false
Single step:false
App Mode: DEVELOPER
Menu Key: ESCAPE
Stage Style: DECORATED
Scene Factory: class com.almasb.fxgl.app.scene.SceneFactory

15:41:27.774 [JavaFX Application Thread] DEBUG FXGLApplication      - Initializing FXGL
15:41:27.778 [JavaFX Application Thread] INFO  Engine               - FXGL-17.2 (20.08.2022 16.50) on WINDOWS (J:20 FX:20-ea)
15:41:27.778 [JavaFX Application Thread] DEBUG Engine               - JRE Vendor Name: Oracle Corporation
15:41:27.778 [JavaFX Application Thread] DEBUG Engine               - Running on OS: Windows 11 version 10.0
15:41:27.778 [JavaFX Application Thread] DEBUG Engine               - Architecture: amd64
15:41:27.778 [JavaFX Application Thread] INFO  Engine               - Source code and latest versions at: https://github.com/AlmasB/FXGL
15:41:27.779 [JavaFX Application Thread] INFO  Engine               -       Ask questions and discuss at: https://github.com/AlmasB/FXGL/discussions
15:41:27.779 [JavaFX Application Thread] INFO  Engine               -              Join the FXGL chat at: https://gitter.im/AlmasB/FXGL
15:41:27.831 [JavaFX Application Thread] DEBUG PrimaryStageWindow   - Creating a JavaFX scene
15:41:27.831 [JavaFX Application Thread] DEBUG PrimaryStageWindow   - Target size > screen size
15:41:27.861 [JavaFX Application Thread] DEBUG PrimaryStageWindow   - Target settings size: 1920.0 x 1080.0
15:41:27.861 [JavaFX Application Thread] DEBUG PrimaryStageWindow   - Scaled scene size:    1809.0 x 1031.0
15:41:27.861 [JavaFX Application Thread] DEBUG PrimaryStageWindow   - Scaled ratio: (0.9421875, 0.9546296296296296)
15:41:27.862 [JavaFX Application Thread] DEBUG PrimaryStageWindow   - Set initial scene to FXGLStartupScene
15:41:27.864 [JavaFX Application Thread] DEBUG PrimaryStageWindow   - Opening main window
15:41:27.920 [JavaFX Application Thread] DEBUG PrimaryStageWindow   - Window border size: (16.0, 39.0)
15:41:27.920 [JavaFX Application Thread] DEBUG PrimaryStageWindow   - Scaled size: 1809.0 x 1031.0
15:41:27.920 [JavaFX Application Thread] DEBUG PrimaryStageWindow   - Scaled ratio: (0.9421875, 0.9546296296296296)
15:41:27.920 [JavaFX Application Thread] DEBUG PrimaryStageWindow   - Scene size: 1809.0 x 1031.0
15:41:27.921 [JavaFX Application Thread] DEBUG PrimaryStageWindow   - Stage size: 1825.0 x 1070.0
15:41:27.926 [FXGL Background Thread 1 ] DEBUG Engine               - Initializing environment variables
15:41:27.967 [FXGL Background Thread 1 ] DEBUG FXGLAssetLoaderServi - User app class for loading assets: class com.example.demo1.GeoWarsApp
15:41:27.967 [FXGL Background Thread 1 ] DEBUG GameApplicationServi - Applying CSS: fxgl_dark.css
15:41:27.968 [FXGL Background Thread 1 ] DEBUG FXGLAssetLoaderServi - Loading from file system: jar:file:///C:/Users/ASUS/.m2/repository/com/github/almasb/fxgl/17.2/fxgl-17.2.jar!/fxglassets/ui/css/fxgl_dark.css
15:41:28.015 [FXGL Background Thread 1 ] DEBUG GameApplicationServi - Initializing application scenes
15:41:28.051 [FXGL Background Thread 1 ] DEBUG GameWorld            - Game world initialized
15:41:28.101 [FXGL Background Thread 1 ] DEBUG PhysicsWorld         - Physics world initialized: appHeight=1080, physics.ppm=50.0
15:41:28.101 [FXGL Background Thread 1 ] DEBUG PhysicsWorld         - Using strategy: BRUTE_FORCE
15:41:28.105 [FXGL Background Thread 1 ] DEBUG GameScene            - Game scene initialized: 1920x1080
15:41:28.116 [FXGL Background Thread 1 ] DEBUG FXGL.DefaultMenu     - createMenuBodyGameMenu()
15:41:28.123 [FXGL Background Thread 1 ] DEBUG FXGL.DefaultMenu     - createOptionsMenu()
15:41:28.132 [FXGL Background Thread 1 ] DEBUG FXGLAssetLoaderServi - Loading from file system: jar:file:///C:/Users/ASUS/.m2/repository/com/github/almasb/fxgl/17.2/fxgl-17.2.jar!/fxglassets/textures/particles/smoke.png
15:41:28.225 [FXGL Background Thread 1 ] DEBUG FXGLAssetLoaderServi - Loading from file system: jar:file:///C:/Users/ASUS/.m2/repository/com/github/almasb/fxgl/17.2/fxgl-17.2.jar!/fxglassets/textures/particles/trace_horizontal.png
15:41:28.249 [FXGL Background Thread 1 ] DEBUG GameApplicationServi - Application scenes initialized
15:41:28.275 [FXGL Background Thread 1 ] DEBUG SystemBundleService  - Loading FXGL system data
15:41:28.279 [FXGL Background Thread 1 ] DEBUG FileSystemAccess     - Reading from: C:\Users\ASUS\OneDrive\Máy tính\doan\demo1\system\fxgl.bundle
15:41:28.286 [FXGL Background Thread 1 ] DEBUG SystemBundleService  - Bundle FXGL: {}
15:41:28.286 [FXGL Background Thread 1 ] DEBUG UpdaterService       - Checking for updates
15:41:28.288 [FXGL Background Thread 4 ] DEBUG FXGLApplication      - Loading fonts
15:41:28.289 [FXGL Background Thread 4 ] DEBUG FXGLAssetLoaderServi - Loading from file system: jar:file:///C:/Users/ASUS/.m2/repository/com/github/almasb/fxgl/17.2/fxgl-17.2.jar!/fxglassets/ui/fonts/VarelaRound-Regular.ttf
15:41:28.289 [FXGL Background Thread 1 ] DEBUG FXGLApplication      - Loading default localization
15:41:28.290 [FXGL Background Thread 1 ] DEBUG FXGLAssetLoaderServi - Loading from file system: jar:file:///C:/Users/ASUS/.m2/repository/com/github/almasb/fxgl/17.2/fxgl-17.2.jar!/fxglassets/languages/english.lang
15:41:28.325 [FXGL Background Thread 4 ] DEBUG FXGLAssetLoaderServi - Loading from file system: jar:file:///C:/Users/ASUS/.m2/repository/com/github/almasb/fxgl/17.2/fxgl-17.2.jar!/fxglassets/ui/fonts/Abel-Regular.ttf
15:41:28.328 [FXGL Background Thread 1 ] INFO  FXGLApplication      - FXGL initialization took: 0.402 sec
15:41:28.328 [FXGL Background Thread 4 ] DEBUG FXGLAssetLoaderServi - Loading from file system: jar:file:///C:/Users/ASUS/.m2/repository/com/github/almasb/fxgl/17.2/fxgl-17.2.jar!/fxglassets/ui/fonts/TerminalLandMono-Regular.otf
15:41:28.329 [JavaFX Application Thread] DEBUG FXGLAssetLoaderServi - Loading from file system: jar:file:///C:/Users/ASUS/.m2/repository/com/github/almasb/fxgl/17.2/fxgl-17.2.jar!/fxglassets/textures/fxgl_icon.png
15:41:28.331 [FXGL Background Thread 4 ] DEBUG FXGLAssetLoaderServi - Loading from file system: jar:file:///C:/Users/ASUS/.m2/repository/com/github/almasb/fxgl/17.2/fxgl-17.2.jar!/fxglassets/ui/fonts/Courier-Prime.ttf
15:41:28.347 [JavaFX Application Thread] DEBUG FXGLAssetLoaderServi - Loading from file system: jar:file:///C:/Users/ASUS/.m2/repository/com/github/almasb/fxgl/17.2/fxgl-17.2.jar!/fxglassets/textures/fxgl_default_cursor.png
15:41:28.363 [JavaFX Application Thread] DEBUG Input                - Registered new binding: Screenshot - CTRL+8
15:41:28.364 [JavaFX Application Thread] DEBUG Input                - Registered new binding: System info dump - CTRL+9
15:41:28.365 [JavaFX Application Thread] DEBUG Input                - Registered new binding: Restart - CTRL+R
15:41:28.366 [JavaFX Application Thread] DEBUG Input                - Registered new binding: Toggle Debug Camera - CTRL+7
15:41:28.369 [JavaFX Application Thread] DEBUG LoopRunner           - Starting loop
15:41:28.369 [JavaFX Application Thread] DEBUG LoopRunner           - Initializing JavaFX AnimationTimerLoop
15:41:28.372 [JavaFX Application Thread] DEBUG GameApplicationServi - Starting new game
15:41:28.372 [JavaFX Application Thread] DEBUG Input                - Clearing active input actions
15:41:28.381 [JavaFX Application Thread] DEBUG GameApplicationServi - Removing overlay from FXGLStartupScene and adding to FXGLLoadingScene
15:41:28.381 [JavaFX Application Thread] DEBUG PrimaryStageWindow   - FXGLStartupScene -> FXGLLoadingScene
15:41:28.381 [JavaFX Application Thread] DEBUG GameApplicationServi - Clearing previous game
15:41:28.382 [JavaFX Application Thread] DEBUG GameScene            - Clearing game scene
15:41:28.382 [JavaFX Application Thread] DEBUG GameWorld            - Clearing game world
15:41:28.382 [JavaFX Application Thread] DEBUG PhysicsWorld         - Clearing physics world
15:41:28.384 [FXGL Background Thread 4 ] DEBUG FXGLApplication      - Initializing game
15:41:28.385 [JavaFX Application Thread] DEBUG FXGLApplication      - Registering font factories with UI factory
15:41:28.441 [FXGL Background Thread 4 ] WARN  TMXLevelLoader       - TiledMap generated from 1.10.1. Supported version: 1.9.0. Some features may not be parsed fully.
15:41:28.465 [FXGL Background Thread 4 ] DEBUG TMXLevelLoader       - Parsed TiledMap: file:/C:/Users/ASUS/OneDrive/Máy%20tính/doan/demo1/target/classes/assets/levels/map3.tmx
15:41:28.466 [FXGL Background Thread 4 ] DEBUG TMXLevelLoader       - Creating tile layer entities
15:41:28.468 [FXGL Background Thread 4 ] DEBUG TilesetLoader        - Loading view for layer Tile Layer 1
15:41:28.488 [FXGL Background Thread 4 ] DEBUG TilesetLoader        - Created buffer with size 10260.0x1080.0
15:41:28.648 [FXGL Background Thread 4 ] DEBUG TMXLevelLoader       - Creating object layer entities
15:41:28.721 [FXGL Background Thread 4 ] DEBUG GameWorld            - Clearing removable entities
15:41:28.722 [FXGL Background Thread 4 ] DEBUG GameWorld            - Setting level: com.almasb.fxgl.entity.level.Level@49c06436
15:41:28.725 [FXGL Background Thread 2 ] WARN  UpdaterService       - Failed to find updates: javax.net.ssl.SSLHandshakeException: No subject alternative DNS name matching raw.githubusercontent.com found.
15:41:28.736 [FXGL Background Thread 4 ] DEBUG FXGLAssetLoaderServi - Loading from file system: file:/C:/Users/ASUS/OneDrive/Máy%20tính/doan/demo1/target/classes/assets/textures/lava.gif
15:41:28.899 [FXGL Background Thread 4 ] WARN  GameWorld            - Entity is already attached to world
15:41:28.901 [FXGL Background Thread 4 ] WARN  GameWorld            - Entity is already attached to world
15:41:28.901 [FXGL Background Thread 4 ] WARN  GameWorld            - Entity is already attached to world
15:41:28.902 [FXGL Background Thread 4 ] WARN  GameWorld            - Entity is already attached to world
15:41:28.902 [FXGL Background Thread 4 ] WARN  GameWorld            - Entity is already attached to world
15:41:28.903 [FXGL Background Thread 4 ] WARN  GameWorld            - Entity is already attached to world
15:41:28.904 [FXGL Background Thread 4 ] WARN  GameWorld            - Entity is already attached to world
15:41:28.904 [FXGL Background Thread 4 ] WARN  GameWorld            - Entity is already attached to world
15:41:28.904 [FXGL Background Thread 4 ] WARN  GameWorld            - Entity is already attached to world
15:41:28.905 [FXGL Background Thread 4 ] WARN  GameWorld            - Entity is already attached to world
15:41:28.905 [FXGL Background Thread 4 ] WARN  GameWorld            - Entity is already attached to world
15:41:28.906 [FXGL Background Thread 4 ] WARN  GameWorld            - Entity is already attached to world
15:41:28.906 [FXGL Background Thread 4 ] WARN  GameWorld            - Entity is already attached to world
15:41:28.906 [FXGL Background Thread 4 ] WARN  GameWorld            - Entity is already attached to world
15:41:28.907 [FXGL Background Thread 4 ] WARN  GameWorld            - Entity is already attached to world
15:41:28.907 [FXGL Background Thread 4 ] WARN  GameWorld            - Entity is already attached to world
15:41:28.908 [FXGL Background Thread 4 ] WARN  GameWorld            - Entity is already attached to world
15:41:28.908 [FXGL Background Thread 4 ] WARN  GameWorld            - Entity is already attached to world
15:41:28.908 [FXGL Background Thread 4 ] WARN  GameWorld            - Entity is already attached to world
15:41:28.909 [FXGL Background Thread 4 ] WARN  GameWorld            - Entity is already attached to world
15:41:28.909 [FXGL Background Thread 4 ] WARN  GameWorld            - Entity is already attached to world
15:41:28.910 [FXGL Background Thread 4 ] WARN  GameWorld            - Entity is already attached to world
15:41:28.910 [FXGL Background Thread 4 ] WARN  GameWorld            - Entity is already attached to world
15:41:28.911 [FXGL Background Thread 4 ] WARN  GameWorld            - Entity is already attached to world
15:41:28.913 [FXGL Background Thread 4 ] WARN  GameWorld            - Entity is already attached to world
15:41:28.913 [FXGL Background Thread 4 ] WARN  GameWorld            - Entity is already attached to world
15:41:28.914 [FXGL Background Thread 4 ] WARN  GameWorld            - Entity is already attached to world
15:41:28.915 [FXGL Background Thread 4 ] WARN  GameWorld            - Entity is already attached to world
15:41:28.915 [FXGL Background Thread 4 ] WARN  GameWorld            - Entity is already attached to world
15:41:28.916 [FXGL Background Thread 4 ] WARN  GameWorld            - Entity is already attached to world
15:41:28.916 [FXGL Background Thread 4 ] WARN  GameWorld            - Entity is already attached to world
15:41:28.917 [FXGL Background Thread 4 ] WARN  GameWorld            - Entity is already attached to world
15:41:28.917 [FXGL Background Thread 4 ] WARN  GameWorld            - Entity is already attached to world
15:41:28.918 [FXGL Background Thread 4 ] WARN  GameWorld            - Entity is already attached to world
15:41:28.918 [FXGL Background Thread 4 ] WARN  GameWorld            - Entity is already attached to world
15:41:28.919 [FXGL Background Thread 4 ] WARN  GameWorld            - Entity is already attached to world
15:41:28.919 [FXGL Background Thread 4 ] WARN  GameWorld            - Entity is already attached to world
15:41:28.920 [FXGL Background Thread 4 ] WARN  GameWorld            - Entity is already attached to world
15:41:28.920 [FXGL Background Thread 4 ] WARN  GameWorld            - Entity is already attached to world
15:41:28.921 [FXGL Background Thread 4 ] WARN  GameWorld            - Entity is already attached to world
15:41:28.921 [FXGL Background Thread 4 ] WARN  GameWorld            - Entity is already attached to world
15:41:28.922 [FXGL Background Thread 4 ] WARN  GameWorld            - Entity is already attached to world
15:41:28.922 [FXGL Background Thread 4 ] WARN  GameWorld            - Entity is already attached to world
15:41:28.923 [FXGL Background Thread 4 ] WARN  GameWorld            - Entity is already attached to world
15:41:28.923 [FXGL Background Thread 4 ] WARN  GameWorld            - Entity is already attached to world
15:41:28.923 [FXGL Background Thread 4 ] WARN  GameWorld            - Entity is already attached to world
15:41:28.924 [FXGL Background Thread 4 ] WARN  GameWorld            - Entity is already attached to world
15:41:28.924 [FXGL Background Thread 4 ] WARN  GameWorld            - Entity is already attached to world
15:41:28.925 [FXGL Background Thread 4 ] WARN  GameWorld            - Entity is already attached to world
15:41:28.925 [FXGL Background Thread 4 ] WARN  GameWorld            - Entity is already attached to world
15:41:28.926 [FXGL Background Thread 4 ] DEBUG FXGLAssetLoaderServi - Loading from file system: file:/C:/Users/ASUS/OneDrive/Máy%20tính/doan/demo1/target/classes/assets/textures/start.gif
15:41:28.997 [FXGL Background Thread 4 ] WARN  GameWorld            - Entity is already attached to world
15:41:29.000 [FXGL Background Thread 4 ] DEBUG FXGLAssetLoaderServi - Loading from file system: file:/C:/Users/ASUS/OneDrive/Máy%20tính/doan/demo1/target/classes/assets/textures/f1_1.png
15:41:29.003 [FXGL Background Thread 4 ] WARN  GameWorld            - Entity is already attached to world
15:41:29.003 [FXGL Background Thread 4 ] DEBUG FXGLAssetLoaderServi - Loading from file system: file:/C:/Users/ASUS/OneDrive/Máy%20tính/doan/demo1/target/classes/assets/textures/f1_2.png
15:41:29.006 [FXGL Background Thread 4 ] WARN  GameWorld            - Entity is already attached to world
15:41:29.006 [FXGL Background Thread 4 ] DEBUG FXGLAssetLoaderServi - Loading from file system: file:/C:/Users/ASUS/OneDrive/Máy%20tính/doan/demo1/target/classes/assets/textures/f1_3.png
15:41:29.008 [FXGL Background Thread 4 ] WARN  GameWorld            - Entity is already attached to world
15:41:29.009 [FXGL Background Thread 4 ] INFO  FXGLApplication      - Game initialization took: 0.625 sec
15:41:29.013 [JavaFX Application Thread] DEBUG Input                - Clearing active input actions
15:41:29.023 [JavaFX Application Thread] DEBUG GameApplicationServi - Removing overlay from FXGLLoadingScene and adding to GameScene
15:41:29.023 [JavaFX Application Thread] DEBUG PrimaryStageWindow   - FXGLLoadingScene -> GameScene
15:41:29.889 [JavaFX Application Thread] DEBUG FXGLApplication      - Exiting FXGL
15:41:29.889 [JavaFX Application Thread] DEBUG LoopRunner           - Stopping loop
15:41:29.889 [JavaFX Application Thread] DEBUG SystemBundleService  - Saving FXGL system data
15:41:29.891 [JavaFX Application Thread] DEBUG FileSystemAccess     - Writing to: C:\Users\ASUS\OneDrive\Máy tính\doan\demo1\system\fxgl.bundle
15:41:29.893 [JavaFX Application Thread] DEBUG Async                - Shutting down background threads
15:41:29.893 [JavaFX Application Thread] DEBUG PrimaryStageWindow   - Closing main window
15:41:29.905 [JavaFX Application Thread] DEBUG Logger               - Closing Logger
