15:59:48.032 [AWT-EventQueue-0         ] DEBUG Logger               - Configured Logger
15:59:48.039 [AWT-EventQueue-0         ] DEBUG GameApplication      - Logging settings
Title: Geometry Wars
Version: 0.0
Width: 1920
Height: 1080
Fullscreen: false
Intro: false
Profiling: false
Single step:false
App Mode: DEVELOPER
Menu Key: ESCAPE
Stage Style: DECORATED
Scene Factory: class com.almasb.fxgl.app.scene.SceneFactory

15:59:48.059 [AWT-EventQueue-0         ] DEBUG FXGLApplication      - Initializing FXGL
15:59:48.061 [AWT-EventQueue-0         ] INFO  Engine               - FXGL-17.2 (20.08.2022 16.50) on WINDOWS (J:20 FX:20-ea)
15:59:48.062 [AWT-EventQueue-0         ] DEBUG Engine               - JRE Vendor Name: Oracle Corporation
15:59:48.062 [AWT-EventQueue-0         ] DEBUG Engine               - Running on OS: Windows 11 version 10.0
15:59:48.062 [AWT-EventQueue-0         ] DEBUG Engine               - Architecture: amd64
15:59:48.062 [AWT-EventQueue-0         ] INFO  Engine               - Source code and latest versions at: https://github.com/AlmasB/FXGL
15:59:48.062 [AWT-EventQueue-0         ] INFO  Engine               -       Ask questions and discuss at: https://github.com/AlmasB/FXGL/discussions
15:59:48.062 [AWT-EventQueue-0         ] INFO  Engine               -              Join the FXGL chat at: https://gitter.im/AlmasB/FXGL
15:59:48.107 [AWT-EventQueue-0         ] DEBUG EmbeddedPaneWindow   - Target settings size: 1920.0 x 1080.0
15:59:48.107 [AWT-EventQueue-0         ] DEBUG EmbeddedPaneWindow   - Scaled scene size:    1920.0 x 1080.0
15:59:48.107 [AWT-EventQueue-0         ] DEBUG EmbeddedPaneWindow   - Scaled ratio: (1.0, 1.0)
15:59:48.109 [AWT-EventQueue-0         ] DEBUG EmbeddedPaneWindow   - Set initial scene to FXGLStartupScene
15:59:48.111 [AWT-EventQueue-0         ] DEBUG EmbeddedPaneWindow   - Opening embedded window
15:59:48.111 [AWT-EventQueue-0         ] DEBUG EmbeddedPaneWindow   - Window border size: (0, 0)
15:59:48.111 [AWT-EventQueue-0         ] DEBUG EmbeddedPaneWindow   - Scaled size: 1920.0 x 1080.0
15:59:48.111 [AWT-EventQueue-0         ] DEBUG EmbeddedPaneWindow   - Scaled ratio: (1.0, 1.0)
15:59:48.115 [FXGL Background Thread 1 ] DEBUG Engine               - Initializing environment variables
15:59:48.153 [FXGL Background Thread 1 ] DEBUG FXGLAssetLoaderServi - User app class for loading assets: class com.example.demo1.GeoWarsApp
15:59:48.153 [FXGL Background Thread 1 ] DEBUG GameApplicationServi - Applying CSS: fxgl_dark.css
15:59:48.155 [FXGL Background Thread 1 ] DEBUG FXGLAssetLoaderServi - Loading from file system: jar:file:///C:/Users/ASUS/.m2/repository/com/github/almasb/fxgl/17.2/fxgl-17.2.jar!/fxglassets/ui/css/fxgl_dark.css
15:59:48.155 [FXGL Background Thread 1 ] DEBUG GameApplicationServi - Initializing application scenes
15:59:48.181 [FXGL Background Thread 1 ] DEBUG GameWorld            - Game world initialized
15:59:48.240 [FXGL Background Thread 1 ] DEBUG PhysicsWorld         - Physics world initialized: appHeight=1080, physics.ppm=50.0
15:59:48.241 [FXGL Background Thread 1 ] DEBUG PhysicsWorld         - Using strategy: BRUTE_FORCE
15:59:48.248 [FXGL Background Thread 1 ] DEBUG GameScene            - Game scene initialized: 1920x1080
15:59:48.265 [FXGL Background Thread 1 ] DEBUG FXGL.DefaultMenu     - createMenuBodyGameMenu()
15:59:48.295 [FXGL Background Thread 1 ] DEBUG FXGL.DefaultMenu     - createOptionsMenu()
15:59:48.308 [FXGL Background Thread 1 ] DEBUG FXGLAssetLoaderServi - Loading from file system: jar:file:///C:/Users/ASUS/.m2/repository/com/github/almasb/fxgl/17.2/fxgl-17.2.jar!/fxglassets/textures/particles/smoke.png
15:59:48.402 [FXGL Background Thread 1 ] DEBUG FXGLAssetLoaderServi - Loading from file system: jar:file:///C:/Users/ASUS/.m2/repository/com/github/almasb/fxgl/17.2/fxgl-17.2.jar!/fxglassets/textures/particles/trace_horizontal.png
15:59:48.436 [FXGL Background Thread 1 ] DEBUG GameApplicationServi - Application scenes initialized
15:59:48.449 [FXGL Background Thread 1 ] DEBUG SystemBundleService  - Loading FXGL system data
15:59:48.450 [FXGL Background Thread 1 ] DEBUG FileSystemAccess     - Reading from: C:\Users\ASUS\OneDrive\Máy tính\doan\demo1\system\fxgl.bundle
15:59:48.454 [FXGL Background Thread 1 ] DEBUG SystemBundleService  - Bundle FXGL: {}
15:59:48.455 [FXGL Background Thread 1 ] DEBUG UpdaterService       - Checking for updates
15:59:48.459 [FXGL Background Thread 1 ] DEBUG FXGLApplication      - Loading default localization
15:59:48.460 [FXGL Background Thread 1 ] DEBUG FXGLAssetLoaderServi - Loading from file system: jar:file:///C:/Users/ASUS/.m2/repository/com/github/almasb/fxgl/17.2/fxgl-17.2.jar!/fxglassets/languages/english.lang
15:59:48.477 [FXGL Background Thread 4 ] DEBUG FXGLApplication      - Loading fonts
15:59:48.477 [FXGL Background Thread 4 ] DEBUG FXGLAssetLoaderServi - Loading from file system: jar:file:///C:/Users/ASUS/.m2/repository/com/github/almasb/fxgl/17.2/fxgl-17.2.jar!/fxglassets/ui/fonts/VarelaRound-Regular.ttf
15:59:48.478 [FXGL Background Thread 1 ] INFO  FXGLApplication      - FXGL initialization took: 0.363 sec
15:59:48.479 [JavaFX Application Thread] DEBUG FXGLAssetLoaderServi - Loading from file system: jar:file:///C:/Users/ASUS/.m2/repository/com/github/almasb/fxgl/17.2/fxgl-17.2.jar!/fxglassets/textures/fxgl_icon.png
15:59:48.485 [FXGL Background Thread 4 ] DEBUG FXGLAssetLoaderServi - Loading from file system: jar:file:///C:/Users/ASUS/.m2/repository/com/github/almasb/fxgl/17.2/fxgl-17.2.jar!/fxglassets/ui/fonts/Abel-Regular.ttf
15:59:48.489 [JavaFX Application Thread] DEBUG FXGLAssetLoaderServi - Loading from file system: jar:file:///C:/Users/ASUS/.m2/repository/com/github/almasb/fxgl/17.2/fxgl-17.2.jar!/fxglassets/textures/fxgl_default_cursor.png
15:59:48.490 [FXGL Background Thread 4 ] DEBUG FXGLAssetLoaderServi - Loading from file system: jar:file:///C:/Users/ASUS/.m2/repository/com/github/almasb/fxgl/17.2/fxgl-17.2.jar!/fxglassets/ui/fonts/TerminalLandMono-Regular.otf
15:59:48.494 [FXGL Background Thread 4 ] DEBUG FXGLAssetLoaderServi - Loading from file system: jar:file:///C:/Users/ASUS/.m2/repository/com/github/almasb/fxgl/17.2/fxgl-17.2.jar!/fxglassets/ui/fonts/Courier-Prime.ttf
15:59:48.501 [JavaFX Application Thread] DEBUG Input                - Registered new binding: Screenshot - CTRL+8
15:59:48.501 [JavaFX Application Thread] DEBUG Input                - Registered new binding: System info dump - CTRL+9
15:59:48.502 [JavaFX Application Thread] DEBUG Input                - Registered new binding: Restart - CTRL+R
15:59:48.503 [JavaFX Application Thread] DEBUG Input                - Registered new binding: Toggle Debug Camera - CTRL+7
15:59:48.505 [JavaFX Application Thread] DEBUG LoopRunner           - Starting loop
15:59:48.505 [JavaFX Application Thread] DEBUG LoopRunner           - Initializing JavaFX AnimationTimerLoop
15:59:48.506 [JavaFX Application Thread] DEBUG GameApplicationServi - Starting new game
15:59:48.507 [JavaFX Application Thread] DEBUG Input                - Clearing active input actions
15:59:48.510 [JavaFX Application Thread] DEBUG GameApplicationServi - Removing overlay from FXGLStartupScene and adding to FXGLLoadingScene
15:59:48.510 [JavaFX Application Thread] DEBUG EmbeddedPaneWindow   - FXGLStartupScene -> FXGLLoadingScene
15:59:48.510 [JavaFX Application Thread] DEBUG GameApplicationServi - Clearing previous game
15:59:48.510 [JavaFX Application Thread] DEBUG GameScene            - Clearing game scene
15:59:48.510 [JavaFX Application Thread] DEBUG GameWorld            - Clearing game world
15:59:48.511 [JavaFX Application Thread] DEBUG PhysicsWorld         - Clearing physics world
15:59:48.511 [FXGL Background Thread 4 ] DEBUG FXGLApplication      - Initializing game
15:59:48.511 [JavaFX Application Thread] DEBUG FXGLApplication      - Registering font factories with UI factory
15:59:48.550 [FXGL Background Thread 4 ] WARN  TMXLevelLoader       - TiledMap generated from 1.10.1. Supported version: 1.9.0. Some features may not be parsed fully.
15:59:48.568 [FXGL Background Thread 4 ] DEBUG TMXLevelLoader       - Parsed TiledMap: file:/C:/Users/ASUS/OneDrive/Máy%20tính/doan/demo1/target/classes/assets/levels/map3.tmx
15:59:48.569 [FXGL Background Thread 4 ] DEBUG TMXLevelLoader       - Creating tile layer entities
15:59:48.570 [FXGL Background Thread 4 ] DEBUG TilesetLoader        - Loading view for layer Tile Layer 1
15:59:48.592 [FXGL Background Thread 4 ] DEBUG TilesetLoader        - Created buffer with size 10260.0x1080.0
15:59:48.783 [FXGL Background Thread 4 ] DEBUG TMXLevelLoader       - Creating object layer entities
15:59:48.819 [FXGL Background Thread 4 ] DEBUG GameWorld            - Clearing removable entities
15:59:48.820 [FXGL Background Thread 4 ] DEBUG GameWorld            - Setting level: com.almasb.fxgl.entity.level.Level@384ca67c
15:59:48.836 [FXGL Background Thread 4 ] DEBUG FXGLAssetLoaderServi - Loading from file system: file:/C:/Users/ASUS/OneDrive/Máy%20tính/doan/demo1/target/classes/assets/textures/lava.gif
15:59:49.063 [FXGL Background Thread 2 ] INFO  UpdaterService       - Your current version:  17.2
15:59:49.063 [FXGL Background Thread 2 ] INFO  UpdaterService       - Latest stable version: 17.3
15:59:49.132 [FXGL Background Thread 4 ] WARN  GameWorld            - Entity is already attached to world
15:59:49.134 [FXGL Background Thread 4 ] WARN  GameWorld            - Entity is already attached to world
15:59:49.135 [FXGL Background Thread 4 ] WARN  GameWorld            - Entity is already attached to world
15:59:49.135 [FXGL Background Thread 4 ] WARN  GameWorld            - Entity is already attached to world
15:59:49.136 [FXGL Background Thread 4 ] WARN  GameWorld            - Entity is already attached to world
15:59:49.136 [FXGL Background Thread 4 ] WARN  GameWorld            - Entity is already attached to world
15:59:49.136 [FXGL Background Thread 4 ] WARN  GameWorld            - Entity is already attached to world
15:59:49.137 [FXGL Background Thread 4 ] WARN  GameWorld            - Entity is already attached to world
15:59:49.137 [FXGL Background Thread 4 ] WARN  GameWorld            - Entity is already attached to world
15:59:49.138 [FXGL Background Thread 4 ] WARN  GameWorld            - Entity is already attached to world
15:59:49.138 [FXGL Background Thread 4 ] WARN  GameWorld            - Entity is already attached to world
15:59:49.139 [FXGL Background Thread 4 ] WARN  GameWorld            - Entity is already attached to world
15:59:49.139 [FXGL Background Thread 4 ] WARN  GameWorld            - Entity is already attached to world
15:59:49.140 [FXGL Background Thread 4 ] WARN  GameWorld            - Entity is already attached to world
15:59:49.140 [FXGL Background Thread 4 ] WARN  GameWorld            - Entity is already attached to world
15:59:49.141 [FXGL Background Thread 4 ] WARN  GameWorld            - Entity is already attached to world
15:59:49.141 [FXGL Background Thread 4 ] WARN  GameWorld            - Entity is already attached to world
15:59:49.141 [FXGL Background Thread 4 ] WARN  GameWorld            - Entity is already attached to world
15:59:49.142 [FXGL Background Thread 4 ] WARN  GameWorld            - Entity is already attached to world
15:59:49.143 [FXGL Background Thread 4 ] WARN  GameWorld            - Entity is already attached to world
15:59:49.144 [FXGL Background Thread 4 ] WARN  GameWorld            - Entity is already attached to world
15:59:49.145 [FXGL Background Thread 4 ] WARN  GameWorld            - Entity is already attached to world
15:59:49.145 [FXGL Background Thread 4 ] WARN  GameWorld            - Entity is already attached to world
15:59:49.145 [FXGL Background Thread 4 ] WARN  GameWorld            - Entity is already attached to world
15:59:49.146 [FXGL Background Thread 4 ] WARN  GameWorld            - Entity is already attached to world
15:59:49.146 [FXGL Background Thread 4 ] WARN  GameWorld            - Entity is already attached to world
15:59:49.146 [FXGL Background Thread 4 ] WARN  GameWorld            - Entity is already attached to world
15:59:49.147 [FXGL Background Thread 4 ] WARN  GameWorld            - Entity is already attached to world
15:59:49.147 [FXGL Background Thread 4 ] WARN  GameWorld            - Entity is already attached to world
15:59:49.148 [FXGL Background Thread 4 ] WARN  GameWorld            - Entity is already attached to world
15:59:49.148 [FXGL Background Thread 4 ] WARN  GameWorld            - Entity is already attached to world
15:59:49.148 [FXGL Background Thread 4 ] WARN  GameWorld            - Entity is already attached to world
15:59:49.149 [FXGL Background Thread 4 ] WARN  GameWorld            - Entity is already attached to world
15:59:49.149 [FXGL Background Thread 4 ] WARN  GameWorld            - Entity is already attached to world
15:59:49.150 [FXGL Background Thread 4 ] WARN  GameWorld            - Entity is already attached to world
15:59:49.150 [FXGL Background Thread 4 ] WARN  GameWorld            - Entity is already attached to world
15:59:49.150 [FXGL Background Thread 4 ] WARN  GameWorld            - Entity is already attached to world
15:59:49.151 [FXGL Background Thread 4 ] WARN  GameWorld            - Entity is already attached to world
15:59:49.151 [FXGL Background Thread 4 ] WARN  GameWorld            - Entity is already attached to world
15:59:49.151 [FXGL Background Thread 4 ] WARN  GameWorld            - Entity is already attached to world
15:59:49.152 [FXGL Background Thread 4 ] WARN  GameWorld            - Entity is already attached to world
15:59:49.152 [FXGL Background Thread 4 ] WARN  GameWorld            - Entity is already attached to world
15:59:49.153 [FXGL Background Thread 4 ] WARN  GameWorld            - Entity is already attached to world
15:59:49.153 [FXGL Background Thread 4 ] WARN  GameWorld            - Entity is already attached to world
15:59:49.153 [FXGL Background Thread 4 ] WARN  GameWorld            - Entity is already attached to world
15:59:49.154 [FXGL Background Thread 4 ] WARN  GameWorld            - Entity is already attached to world
15:59:49.154 [FXGL Background Thread 4 ] WARN  GameWorld            - Entity is already attached to world
15:59:49.155 [FXGL Background Thread 4 ] WARN  GameWorld            - Entity is already attached to world
15:59:49.155 [FXGL Background Thread 4 ] WARN  GameWorld            - Entity is already attached to world
15:59:49.156 [FXGL Background Thread 4 ] WARN  GameWorld            - Entity is already attached to world
15:59:49.156 [FXGL Background Thread 4 ] DEBUG FXGLAssetLoaderServi - Loading from file system: file:/C:/Users/ASUS/OneDrive/Máy%20tính/doan/demo1/target/classes/assets/textures/start.gif
15:59:49.286 [FXGL Background Thread 4 ] WARN  GameWorld            - Entity is already attached to world
15:59:49.290 [FXGL Background Thread 4 ] DEBUG FXGLAssetLoaderServi - Loading from file system: file:/C:/Users/ASUS/OneDrive/Máy%20tính/doan/demo1/target/classes/assets/textures/car1.png
15:59:49.297 [FXGL Background Thread 4 ] WARN  GameWorld            - Entity is already attached to world
15:59:49.298 [FXGL Background Thread 4 ] DEBUG FXGLAssetLoaderServi - Loading from file system: file:/C:/Users/ASUS/OneDrive/Máy%20tính/doan/demo1/target/classes/assets/textures/car2.png
15:59:49.300 [FXGL Background Thread 4 ] WARN  GameWorld            - Entity is already attached to world
15:59:49.300 [FXGL Background Thread 4 ] DEBUG FXGLAssetLoaderServi - Loading from file system: file:/C:/Users/ASUS/OneDrive/Máy%20tính/doan/demo1/target/classes/assets/textures/car3.png
15:59:49.302 [FXGL Background Thread 4 ] WARN  GameWorld            - Entity is already attached to world
15:59:49.307 [FXGL Background Thread 4 ] INFO  FXGLApplication      - Game initialization took: 0.796 sec
15:59:49.308 [JavaFX Application Thread] DEBUG Input                - Clearing active input actions
15:59:49.315 [JavaFX Application Thread] DEBUG GameApplicationServi - Removing overlay from FXGLLoadingScene and adding to GameScene
15:59:49.315 [JavaFX Application Thread] DEBUG EmbeddedPaneWindow   - FXGLLoadingScene -> GameScene
15:59:51.459 [FXGL Background Thread 3 ] DEBUG Engine               - Logging environment variables
15:59:51.460 [FXGL Background Thread 3 ] DEBUG Engine               - achievements: []
15:59:51.460 [FXGL Background Thread 3 ] DEBUG Engine               - actualHeight: 1080.0
15:59:51.460 [FXGL Background Thread 3 ] DEBUG Engine               - actualHeightProperty: ReadOnlyDoubleProperty [value: 1080.0]
15:59:51.460 [FXGL Background Thread 3 ] DEBUG Engine               - actualWidth: 1920.0
15:59:51.460 [FXGL Background Thread 3 ] DEBUG Engine               - actualWidthProperty: ReadOnlyDoubleProperty [value: 1920.0]
15:59:51.460 [FXGL Background Thread 3 ] DEBUG Engine               - appIcon: fxgl_icon.png
15:59:51.460 [FXGL Background Thread 3 ] DEBUG Engine               - applicationMode: DEVELOPER
15:59:51.460 [FXGL Background Thread 3 ] DEBUG Engine               - cSSList: [fxgl_dark.css]
15:59:51.460 [FXGL Background Thread 3 ] DEBUG Engine               - collisionDetectionStrategy: BRUTE_FORCE
15:59:51.460 [FXGL Background Thread 3 ] DEBUG Engine               - configClass: Optional.empty
15:59:51.460 [FXGL Background Thread 3 ] DEBUG Engine               - credits: []
15:59:51.460 [FXGL Background Thread 3 ] DEBUG Engine               - defaultCursor: CursorInfo(imageName=fxgl_default_cursor.png, hotspotX=7.0, hotspotY=6.0)
15:59:51.460 [FXGL Background Thread 3 ] DEBUG Engine               - devBBoxColorProperty: ObjectProperty [value: 0xff0000ff]
15:59:51.460 [FXGL Background Thread 3 ] DEBUG Engine               - devEnableDebugCameraProperty: BooleanProperty [value: false]
15:59:51.460 [FXGL Background Thread 3 ] DEBUG Engine               - devSensorColorProperty: ObjectProperty [value: 0xffff00ff]
15:59:51.461 [FXGL Background Thread 3 ] DEBUG Engine               - devShowBBoxProperty: BooleanProperty [value: false]
15:59:51.461 [FXGL Background Thread 3 ] DEBUG Engine               - devShowPositionProperty: BooleanProperty [value: false]
15:59:51.461 [FXGL Background Thread 3 ] DEBUG Engine               - enabledMenuItems: []
15:59:51.461 [FXGL Background Thread 3 ] DEBUG Engine               - engineServices: [class com.almasb.fxgl.app.services.FXGLAssetLoaderService, class com.almasb.fxgl.app.FXGLApplication$GameApplicationService, class com.almasb.fxgl.app.services.FXGLDialogService, class com.almasb.fxgl.app.services.IOTaskExecutorService, class com.almasb.fxgl.io.FileSystemService, class com.almasb.fxgl.localization.LocalizationService, class com.almasb.fxgl.app.services.SystemBundleService, class com.almasb.fxgl.profile.SaveLoadService, class com.almasb.fxgl.ui.FXGLUIFactoryServiceProvider, class com.almasb.fxgl.ui.FXGLDialogFactoryServiceProvider, class com.almasb.fxgl.audio.AudioPlayer, class com.almasb.fxgl.notification.impl.NotificationServiceProvider, class com.almasb.fxgl.achievement.AchievementService, class com.almasb.fxgl.cutscene.CutsceneService, class com.almasb.fxgl.minigames.MiniGameService, class com.almasb.fxgl.net.NetService, class com.almasb.fxgl.app.services.UpdaterService, class com.almasb.fxgl.dev.DevService]
15:59:51.461 [FXGL Background Thread 3 ] DEBUG Engine               - fontGame: Abel-Regular.ttf
15:59:51.461 [FXGL Background Thread 3 ] DEBUG Engine               - fontMono: TerminalLandMono-Regular.otf
15:59:51.461 [FXGL Background Thread 3 ] DEBUG Engine               - fontText: Courier-Prime.ttf
15:59:51.461 [FXGL Background Thread 3 ] DEBUG Engine               - fontUI: VarelaRound-Regular.ttf
15:59:51.461 [FXGL Background Thread 3 ] DEBUG Engine               - fullScreen: BooleanProperty [value: false]
15:59:51.461 [FXGL Background Thread 3 ] DEBUG Engine               - gameDifficulty: MEDIUM
15:59:51.461 [FXGL Background Thread 3 ] DEBUG Engine               - gameDifficultyProperty: ObjectProperty [value: MEDIUM]
15:59:51.461 [FXGL Background Thread 3 ] DEBUG Engine               - globalMusicVolume: 0.5
15:59:51.461 [FXGL Background Thread 3 ] DEBUG Engine               - globalMusicVolumeProperty: DoubleProperty [value: 0.5]
15:59:51.461 [FXGL Background Thread 3 ] DEBUG Engine               - globalSoundVolume: 0.5
15:59:51.461 [FXGL Background Thread 3 ] DEBUG Engine               - globalSoundVolumeProperty: DoubleProperty [value: 0.5]
15:59:51.461 [FXGL Background Thread 3 ] DEBUG Engine               - height: 1080
15:59:51.461 [FXGL Background Thread 3 ] DEBUG Engine               - is3D: false
15:59:51.461 [FXGL Background Thread 3 ] DEBUG Engine               - isAndroid: false
15:59:51.461 [FXGL Background Thread 3 ] DEBUG Engine               - isBrowser: false
15:59:51.461 [FXGL Background Thread 3 ] DEBUG Engine               - isClickFeedbackEnabled: false
15:59:51.461 [FXGL Background Thread 3 ] DEBUG Engine               - isCloseConfirmation: false
15:59:51.461 [FXGL Background Thread 3 ] DEBUG Engine               - isDesktop: true
15:59:51.461 [FXGL Background Thread 3 ] DEBUG Engine               - isDeveloperMenuEnabled: false
15:59:51.461 [FXGL Background Thread 3 ] DEBUG Engine               - isEmbedded: false
15:59:51.461 [FXGL Background Thread 3 ] DEBUG Engine               - isEntityPreloadEnabled: true
15:59:51.461 [FXGL Background Thread 3 ] DEBUG Engine               - isExperimentalTiledLargeMap: false
15:59:51.461 [FXGL Background Thread 3 ] DEBUG Engine               - isFileSystemWriteAllowed: true
15:59:51.461 [FXGL Background Thread 3 ] DEBUG Engine               - isFullScreenAllowed: false
15:59:51.461 [FXGL Background Thread 3 ] DEBUG Engine               - isFullScreenFromStart: false
15:59:51.461 [FXGL Background Thread 3 ] DEBUG Engine               - isGameMenuEnabled: true
15:59:51.461 [FXGL Background Thread 3 ] DEBUG Engine               - isIOS: false
15:59:51.461 [FXGL Background Thread 3 ] DEBUG Engine               - isIntroEnabled: false
15:59:51.461 [FXGL Background Thread 3 ] DEBUG Engine               - isLinux: false
15:59:51.461 [FXGL Background Thread 3 ] DEBUG Engine               - isMac: false
15:59:51.461 [FXGL Background Thread 3 ] DEBUG Engine               - isMainMenuEnabled: false
15:59:51.461 [FXGL Background Thread 3 ] DEBUG Engine               - isManualResizeEnabled: false
15:59:51.461 [FXGL Background Thread 3 ] DEBUG Engine               - isMobile: false
15:59:51.461 [FXGL Background Thread 3 ] DEBUG Engine               - isNative: false
15:59:51.461 [FXGL Background Thread 3 ] DEBUG Engine               - isPauseMusicWhenMinimized: true
15:59:51.461 [FXGL Background Thread 3 ] DEBUG Engine               - isPreserveResizeRatio: false
15:59:51.461 [FXGL Background Thread 3 ] DEBUG Engine               - isProfilingEnabled: false
15:59:51.461 [FXGL Background Thread 3 ] DEBUG Engine               - isScaleAffectedOnResize: true
15:59:51.461 [FXGL Background Thread 3 ] DEBUG Engine               - isSingleStep: false
15:59:51.462 [FXGL Background Thread 3 ] DEBUG Engine               - isUserProfileEnabled: false
15:59:51.462 [FXGL Background Thread 3 ] DEBUG Engine               - isWindows: true
15:59:51.462 [FXGL Background Thread 3 ] DEBUG Engine               - language: ObjectProperty [value: ENGLISH]
15:59:51.462 [FXGL Background Thread 3 ] DEBUG Engine               - menuKey: ESCAPE
15:59:51.462 [FXGL Background Thread 3 ] DEBUG Engine               - mouseSensitivity: 0.2
15:59:51.462 [FXGL Background Thread 3 ] DEBUG Engine               - notificationViewClass: class com.almasb.fxgl.notification.view.XboxNotificationView
15:59:51.462 [FXGL Background Thread 3 ] DEBUG Engine               - pixelsPerMeter: 50.0
15:59:51.462 [FXGL Background Thread 3 ] DEBUG Engine               - platform: WINDOWS
15:59:51.462 [FXGL Background Thread 3 ] DEBUG Engine               - prefHeightProperty: ReadOnlyDoubleProperty [value: 1080.0]
15:59:51.462 [FXGL Background Thread 3 ] DEBUG Engine               - prefWidthProperty: ReadOnlyDoubleProperty [value: 1920.0]
15:59:51.462 [FXGL Background Thread 3 ] DEBUG Engine               - profileDir: profiles/
15:59:51.462 [FXGL Background Thread 3 ] DEBUG Engine               - profileName: StringProperty [value: DEFAULT]
15:59:51.462 [FXGL Background Thread 3 ] DEBUG Engine               - randomSeed: -1
15:59:51.463 [FXGL Background Thread 3 ] DEBUG Engine               - runtimeInfo: RuntimeInfo(platform=WINDOWS, version=17.2, build=20.08.2022 16.50)
15:59:51.463 [FXGL Background Thread 3 ] DEBUG Engine               - saveFileExt: sav
15:59:51.463 [FXGL Background Thread 3 ] DEBUG Engine               - scaledHeightProp$fxgl: DoubleProperty [bound, value: 1080.0]
15:59:51.463 [FXGL Background Thread 3 ] DEBUG Engine               - scaledWidthProp$fxgl: DoubleProperty [bound, value: 1920.0]
15:59:51.463 [FXGL Background Thread 3 ] DEBUG Engine               - sceneFactory: com.almasb.fxgl.app.scene.SceneFactory@2bc07065
15:59:51.463 [FXGL Background Thread 3 ] DEBUG Engine               - secondsIn24h: 60
15:59:51.463 [FXGL Background Thread 3 ] DEBUG Engine               - soundMenuBack: menu/back.wav
15:59:51.463 [FXGL Background Thread 3 ] DEBUG Engine               - soundMenuPress: menu/press.wav
15:59:51.463 [FXGL Background Thread 3 ] DEBUG Engine               - soundMenuSelect: menu/select.wav
15:59:51.463 [FXGL Background Thread 3 ] DEBUG Engine               - soundNotification: core/notification.wav
15:59:51.463 [FXGL Background Thread 3 ] DEBUG Engine               - stageStyle: DECORATED
15:59:51.463 [FXGL Background Thread 3 ] DEBUG Engine               - supportedLanguages: [ENGLISH, FRENCH, GERMAN, HUNGARIAN, RUSSIAN]
15:59:51.463 [FXGL Background Thread 3 ] DEBUG Engine               - ticksPerSecond: -1
15:59:51.463 [FXGL Background Thread 3 ] DEBUG Engine               - title: Geometry Wars
15:59:51.463 [FXGL Background Thread 3 ] DEBUG Engine               - urlGithub: https://github.com/AlmasB/FXGL
15:59:51.463 [FXGL Background Thread 3 ] DEBUG Engine               - urlLeaderboard: http://fxgl-top.herokuapp.com/
15:59:51.463 [FXGL Background Thread 3 ] DEBUG Engine               - urlPOM: https://raw.githubusercontent.com/AlmasB/FXGL/release/README.md
15:59:51.463 [FXGL Background Thread 3 ] DEBUG Engine               - userAppClass: class com.example.demo1.GeoWarsApp
15:59:51.463 [FXGL Background Thread 3 ] DEBUG Engine               - version: 0.0
15:59:51.463 [FXGL Background Thread 3 ] DEBUG Engine               - versionCheckDays: 7
15:59:51.463 [FXGL Background Thread 3 ] DEBUG Engine               - width: 1920
15:59:51.463 [FXGL Background Thread 3 ] DEBUG Engine               - Logging services
15:59:51.463 [FXGL Background Thread 3 ] DEBUG Engine               - class com.almasb.fxgl.app.services.FXGLAssetLoaderService
15:59:51.463 [FXGL Background Thread 3 ] DEBUG Engine               - class com.almasb.fxgl.app.FXGLApplication$GameApplicationService
15:59:51.463 [FXGL Background Thread 3 ] DEBUG Engine               - class com.almasb.fxgl.app.services.FXGLDialogService
15:59:51.463 [FXGL Background Thread 3 ] DEBUG Engine               - class com.almasb.fxgl.app.services.IOTaskExecutorService
15:59:51.463 [FXGL Background Thread 3 ] DEBUG Engine               - class com.almasb.fxgl.io.FileSystemService
15:59:51.463 [FXGL Background Thread 3 ] DEBUG Engine               - class com.almasb.fxgl.localization.LocalizationService
15:59:51.463 [FXGL Background Thread 3 ] DEBUG Engine               - class com.almasb.fxgl.app.services.SystemBundleService
15:59:51.463 [FXGL Background Thread 3 ] DEBUG Engine               - class com.almasb.fxgl.profile.SaveLoadService
15:59:51.463 [FXGL Background Thread 3 ] DEBUG Engine               - class com.almasb.fxgl.ui.FXGLUIFactoryServiceProvider
15:59:51.463 [FXGL Background Thread 3 ] DEBUG Engine               - class com.almasb.fxgl.ui.FXGLDialogFactoryServiceProvider
15:59:51.463 [FXGL Background Thread 3 ] DEBUG Engine               - class com.almasb.fxgl.audio.AudioPlayer
15:59:51.463 [FXGL Background Thread 3 ] DEBUG Engine               - class com.almasb.fxgl.notification.impl.NotificationServiceProvider
15:59:51.463 [FXGL Background Thread 3 ] DEBUG Engine               - class com.almasb.fxgl.achievement.AchievementService
15:59:51.463 [FXGL Background Thread 3 ] DEBUG Engine               - class com.almasb.fxgl.cutscene.CutsceneService
15:59:51.463 [FXGL Background Thread 3 ] DEBUG Engine               - class com.almasb.fxgl.minigames.MiniGameService
15:59:51.463 [FXGL Background Thread 3 ] DEBUG Engine               - class com.almasb.fxgl.net.NetService
15:59:51.463 [FXGL Background Thread 3 ] DEBUG Engine               - class com.almasb.fxgl.app.services.UpdaterService
15:59:51.463 [FXGL Background Thread 3 ] DEBUG Engine               - class com.almasb.fxgl.dev.DevService
16:00:09.544 [JavaFX Application Thread] DEBUG FXGLAssetLoaderServi - Loading from file system: file:/C:/Users/ASUS/OneDrive/Máy%20tính/doan/demo1/target/classes/assets/textures/gif-flag.gif
16:00:09.610 [JavaFX Application Thread] WARN  GameWorld            - Entity is already attached to world
16:00:09.719 [JavaFX Application Thread] WARN  GameWorld            - Entity is already attached to world
16:00:10.758 [JavaFX Application Thread] WARN  GameWorld            - Entity is already attached to world
16:00:10.759 [JavaFX Application Thread] DEBUG FXGLApplication      - Exiting FXGL
16:00:10.759 [JavaFX Application Thread] DEBUG LoopRunner           - Stopping loop
16:00:10.759 [JavaFX Application Thread] DEBUG SystemBundleService  - Saving FXGL system data
16:00:10.762 [JavaFX Application Thread] DEBUG FileSystemAccess     - Writing to: C:\Users\ASUS\OneDrive\Máy tính\doan\demo1\system\fxgl.bundle
16:00:10.763 [JavaFX Application Thread] DEBUG Async                - Shutting down background threads
16:00:10.763 [JavaFX Application Thread] DEBUG Logger               - Closing Logger
