20:55:35.105 [AWT-EventQueue-0         ] DEBUG Logger               - Configured Logger
20:55:35.117 [AWT-EventQueue-0         ] DEBUG GameApplication      - Logging settings
Title: Geometry Wars
Version: 0.0
Width: 1920
Height: 1080
Fullscreen: false
Intro: false
Profiling: false
Single step:false
App Mode: DEVELOPER
Menu Key: ESCAPE
Stage Style: DECORATED
Scene Factory: class com.almasb.fxgl.app.scene.SceneFactory

20:55:35.133 [AWT-EventQueue-0         ] DEBUG FXGLApplication      - Initializing FXGL
20:55:35.134 [AWT-EventQueue-0         ] INFO  Engine               - FXGL-17.2 (20.08.2022 16.50) on WINDOWS (J:20 FX:20-ea)
20:55:35.135 [AWT-EventQueue-0         ] DEBUG Engine               - JRE Vendor Name: Oracle Corporation
20:55:35.135 [AWT-EventQueue-0         ] DEBUG Engine               - Running on OS: Windows 11 version 10.0
20:55:35.135 [AWT-EventQueue-0         ] DEBUG Engine               - Architecture: amd64
20:55:35.135 [AWT-EventQueue-0         ] INFO  Engine               - Source code and latest versions at: https://github.com/AlmasB/FXGL
20:55:35.135 [AWT-EventQueue-0         ] INFO  Engine               -       Ask questions and discuss at: https://github.com/AlmasB/FXGL/discussions
20:55:35.135 [AWT-EventQueue-0         ] INFO  Engine               -              Join the FXGL chat at: https://gitter.im/AlmasB/FXGL
20:55:35.172 [AWT-EventQueue-0         ] DEBUG EmbeddedPaneWindow   - Target settings size: 1920.0 x 1080.0
20:55:35.172 [AWT-EventQueue-0         ] DEBUG EmbeddedPaneWindow   - Scaled scene size:    1920.0 x 1080.0
20:55:35.172 [AWT-EventQueue-0         ] DEBUG EmbeddedPaneWindow   - Scaled ratio: (1.0, 1.0)
20:55:35.174 [AWT-EventQueue-0         ] DEBUG EmbeddedPaneWindow   - Set initial scene to FXGLStartupScene
20:55:35.174 [AWT-EventQueue-0         ] DEBUG EmbeddedPaneWindow   - Opening embedded window
20:55:35.174 [AWT-EventQueue-0         ] DEBUG EmbeddedPaneWindow   - Window border size: (0, 0)
20:55:35.174 [AWT-EventQueue-0         ] DEBUG EmbeddedPaneWindow   - Scaled size: 1920.0 x 1080.0
20:55:35.174 [AWT-EventQueue-0         ] DEBUG EmbeddedPaneWindow   - Scaled ratio: (1.0, 1.0)
20:55:35.177 [FXGL Background Thread 1 ] DEBUG Engine               - Initializing environment variables
20:55:35.207 [FXGL Background Thread 1 ] DEBUG FXGLAssetLoaderServi - User app class for loading assets: class com.example.demo1.GeoWarsApp
20:55:35.209 [FXGL Background Thread 1 ] DEBUG GameApplicationServi - Applying CSS: fxgl_dark.css
20:55:35.209 [FXGL Background Thread 1 ] DEBUG FXGLAssetLoaderServi - Loading from file system: jar:file:///C:/Users/ASUS/.m2/repository/com/github/almasb/fxgl/17.2/fxgl-17.2.jar!/fxglassets/ui/css/fxgl_dark.css
20:55:35.210 [FXGL Background Thread 1 ] DEBUG GameApplicationServi - Initializing application scenes
20:55:35.231 [FXGL Background Thread 1 ] DEBUG GameWorld            - Game world initialized
20:55:35.273 [FXGL Background Thread 1 ] DEBUG PhysicsWorld         - Physics world initialized: appHeight=1080, physics.ppm=50.0
20:55:35.274 [FXGL Background Thread 1 ] DEBUG PhysicsWorld         - Using strategy: BRUTE_FORCE
20:55:35.278 [FXGL Background Thread 1 ] DEBUG GameScene            - Game scene initialized: 1920x1080
20:55:35.311 [FXGL Background Thread 1 ] DEBUG FXGL.DefaultMenu     - createMenuBodyGameMenu()
20:55:35.339 [FXGL Background Thread 1 ] DEBUG FXGL.DefaultMenu     - createOptionsMenu()
20:55:35.354 [FXGL Background Thread 1 ] DEBUG FXGLAssetLoaderServi - Loading from file system: jar:file:///C:/Users/ASUS/.m2/repository/com/github/almasb/fxgl/17.2/fxgl-17.2.jar!/fxglassets/textures/particles/smoke.png
20:55:35.448 [FXGL Background Thread 1 ] DEBUG FXGLAssetLoaderServi - Loading from file system: jar:file:///C:/Users/ASUS/.m2/repository/com/github/almasb/fxgl/17.2/fxgl-17.2.jar!/fxglassets/textures/particles/trace_horizontal.png
20:55:35.469 [FXGL Background Thread 1 ] DEBUG GameApplicationServi - Application scenes initialized
20:55:35.481 [FXGL Background Thread 1 ] DEBUG SystemBundleService  - Loading FXGL system data
20:55:35.482 [FXGL Background Thread 1 ] DEBUG FileSystemAccess     - Reading from: C:\Users\ASUS\OneDrive\Máy tính\doan\demo1\system\fxgl.bundle
20:55:35.485 [FXGL Background Thread 1 ] DEBUG SystemBundleService  - Bundle FXGL: {}
20:55:35.485 [FXGL Background Thread 1 ] DEBUG UpdaterService       - Checking for updates
20:55:35.489 [FXGL Background Thread 4 ] DEBUG FXGLApplication      - Loading fonts
20:55:35.489 [FXGL Background Thread 1 ] DEBUG FXGLApplication      - Loading default localization
20:55:35.489 [FXGL Background Thread 1 ] DEBUG FXGLAssetLoaderServi - Loading from file system: jar:file:///C:/Users/ASUS/.m2/repository/com/github/almasb/fxgl/17.2/fxgl-17.2.jar!/fxglassets/languages/english.lang
20:55:35.489 [FXGL Background Thread 4 ] DEBUG FXGLAssetLoaderServi - Loading from file system: jar:file:///C:/Users/ASUS/.m2/repository/com/github/almasb/fxgl/17.2/fxgl-17.2.jar!/fxglassets/ui/fonts/VarelaRound-Regular.ttf
20:55:35.496 [FXGL Background Thread 4 ] DEBUG FXGLAssetLoaderServi - Loading from file system: jar:file:///C:/Users/ASUS/.m2/repository/com/github/almasb/fxgl/17.2/fxgl-17.2.jar!/fxglassets/ui/fonts/Abel-Regular.ttf
20:55:35.499 [FXGL Background Thread 4 ] DEBUG FXGLAssetLoaderServi - Loading from file system: jar:file:///C:/Users/ASUS/.m2/repository/com/github/almasb/fxgl/17.2/fxgl-17.2.jar!/fxglassets/ui/fonts/TerminalLandMono-Regular.otf
20:55:35.502 [FXGL Background Thread 4 ] DEBUG FXGLAssetLoaderServi - Loading from file system: jar:file:///C:/Users/ASUS/.m2/repository/com/github/almasb/fxgl/17.2/fxgl-17.2.jar!/fxglassets/ui/fonts/Courier-Prime.ttf
20:55:35.506 [JavaFX Application Thread] DEBUG FXGLApplication      - Registering font factories with UI factory
20:55:35.516 [FXGL Background Thread 1 ] INFO  FXGLApplication      - FXGL initialization took: 0.339 sec
20:55:35.517 [JavaFX Application Thread] DEBUG FXGLAssetLoaderServi - Loading from file system: jar:file:///C:/Users/ASUS/.m2/repository/com/github/almasb/fxgl/17.2/fxgl-17.2.jar!/fxglassets/textures/fxgl_icon.png
20:55:35.526 [JavaFX Application Thread] DEBUG FXGLAssetLoaderServi - Loading from file system: jar:file:///C:/Users/ASUS/.m2/repository/com/github/almasb/fxgl/17.2/fxgl-17.2.jar!/fxglassets/textures/fxgl_default_cursor.png
20:55:35.533 [JavaFX Application Thread] DEBUG Input                - Registered new binding: Screenshot - CTRL+8
20:55:35.534 [JavaFX Application Thread] DEBUG Input                - Registered new binding: System info dump - CTRL+9
20:55:35.534 [JavaFX Application Thread] DEBUG Input                - Registered new binding: Restart - CTRL+R
20:55:35.535 [JavaFX Application Thread] DEBUG Input                - Registered new binding: Toggle Debug Camera - CTRL+7
20:55:35.536 [JavaFX Application Thread] DEBUG LoopRunner           - Starting loop
20:55:35.536 [JavaFX Application Thread] DEBUG LoopRunner           - Initializing JavaFX AnimationTimerLoop
20:55:35.537 [JavaFX Application Thread] DEBUG GameApplicationServi - Starting new game
20:55:35.537 [JavaFX Application Thread] DEBUG Input                - Clearing active input actions
20:55:35.540 [JavaFX Application Thread] DEBUG GameApplicationServi - Removing overlay from FXGLStartupScene and adding to FXGLLoadingScene
20:55:35.540 [JavaFX Application Thread] DEBUG EmbeddedPaneWindow   - FXGLStartupScene -> FXGLLoadingScene
20:55:35.540 [JavaFX Application Thread] DEBUG GameApplicationServi - Clearing previous game
20:55:35.540 [JavaFX Application Thread] DEBUG GameScene            - Clearing game scene
20:55:35.540 [JavaFX Application Thread] DEBUG GameWorld            - Clearing game world
20:55:35.541 [JavaFX Application Thread] DEBUG PhysicsWorld         - Clearing physics world
20:55:35.542 [FXGL Background Thread 1 ] DEBUG FXGLApplication      - Initializing game
20:55:35.583 [FXGL Background Thread 1 ] WARN  TMXLevelLoader       - TiledMap generated from 1.10.1. Supported version: 1.9.0. Some features may not be parsed fully.
20:55:35.600 [FXGL Background Thread 1 ] DEBUG TMXLevelLoader       - Parsed TiledMap: file:/C:/Users/ASUS/OneDrive/Máy%20tính/doan/demo1/target/classes/assets/levels/map3.tmx
20:55:35.601 [FXGL Background Thread 1 ] DEBUG TMXLevelLoader       - Creating tile layer entities
20:55:35.602 [FXGL Background Thread 1 ] DEBUG TilesetLoader        - Loading view for layer Tile Layer 1
20:55:35.619 [FXGL Background Thread 1 ] DEBUG TilesetLoader        - Created buffer with size 10260.0x1080.0
20:55:35.749 [FXGL Background Thread 1 ] DEBUG TMXLevelLoader       - Creating object layer entities
20:55:35.799 [FXGL Background Thread 1 ] DEBUG GameWorld            - Clearing removable entities
20:55:35.802 [FXGL Background Thread 1 ] DEBUG GameWorld            - Setting level: com.almasb.fxgl.entity.level.Level@45b608fe
20:55:35.819 [FXGL Background Thread 1 ] DEBUG FXGLAssetLoaderServi - Loading from file system: file:/C:/Users/ASUS/OneDrive/Máy%20tính/doan/demo1/target/classes/assets/textures/lava.gif
20:55:35.938 [FXGL Background Thread 2 ] INFO  UpdaterService       - Your current version:  17.2
20:55:35.938 [FXGL Background Thread 2 ] INFO  UpdaterService       - Latest stable version: 17.3
20:55:35.990 [FXGL Background Thread 1 ] WARN  GameWorld            - Entity is already attached to world
20:55:35.991 [FXGL Background Thread 1 ] WARN  GameWorld            - Entity is already attached to world
20:55:35.992 [FXGL Background Thread 1 ] WARN  GameWorld            - Entity is already attached to world
20:55:35.993 [FXGL Background Thread 1 ] WARN  GameWorld            - Entity is already attached to world
20:55:35.993 [FXGL Background Thread 1 ] WARN  GameWorld            - Entity is already attached to world
20:55:35.993 [FXGL Background Thread 1 ] WARN  GameWorld            - Entity is already attached to world
20:55:35.995 [FXGL Background Thread 1 ] WARN  GameWorld            - Entity is already attached to world
20:55:35.998 [FXGL Background Thread 1 ] WARN  GameWorld            - Entity is already attached to world
20:55:36.000 [FXGL Background Thread 1 ] WARN  GameWorld            - Entity is already attached to world
20:55:36.001 [FXGL Background Thread 1 ] WARN  GameWorld            - Entity is already attached to world
20:55:36.002 [FXGL Background Thread 1 ] WARN  GameWorld            - Entity is already attached to world
20:55:36.003 [FXGL Background Thread 1 ] WARN  GameWorld            - Entity is already attached to world
20:55:36.004 [FXGL Background Thread 1 ] WARN  GameWorld            - Entity is already attached to world
20:55:36.004 [FXGL Background Thread 1 ] WARN  GameWorld            - Entity is already attached to world
20:55:36.004 [FXGL Background Thread 1 ] WARN  GameWorld            - Entity is already attached to world
20:55:36.005 [FXGL Background Thread 1 ] WARN  GameWorld            - Entity is already attached to world
20:55:36.005 [FXGL Background Thread 1 ] WARN  GameWorld            - Entity is already attached to world
20:55:36.006 [FXGL Background Thread 1 ] WARN  GameWorld            - Entity is already attached to world
20:55:36.006 [FXGL Background Thread 1 ] WARN  GameWorld            - Entity is already attached to world
20:55:36.006 [FXGL Background Thread 1 ] WARN  GameWorld            - Entity is already attached to world
20:55:36.006 [FXGL Background Thread 1 ] WARN  GameWorld            - Entity is already attached to world
20:55:36.007 [FXGL Background Thread 1 ] WARN  GameWorld            - Entity is already attached to world
20:55:36.009 [FXGL Background Thread 1 ] WARN  GameWorld            - Entity is already attached to world
20:55:36.009 [FXGL Background Thread 1 ] WARN  GameWorld            - Entity is already attached to world
20:55:36.009 [FXGL Background Thread 1 ] WARN  GameWorld            - Entity is already attached to world
20:55:36.010 [FXGL Background Thread 1 ] WARN  GameWorld            - Entity is already attached to world
20:55:36.010 [FXGL Background Thread 1 ] WARN  GameWorld            - Entity is already attached to world
20:55:36.011 [FXGL Background Thread 1 ] WARN  GameWorld            - Entity is already attached to world
20:55:36.011 [FXGL Background Thread 1 ] WARN  GameWorld            - Entity is already attached to world
20:55:36.012 [FXGL Background Thread 1 ] WARN  GameWorld            - Entity is already attached to world
20:55:36.012 [FXGL Background Thread 1 ] WARN  GameWorld            - Entity is already attached to world
20:55:36.013 [FXGL Background Thread 1 ] WARN  GameWorld            - Entity is already attached to world
20:55:36.013 [FXGL Background Thread 1 ] WARN  GameWorld            - Entity is already attached to world
20:55:36.013 [FXGL Background Thread 1 ] WARN  GameWorld            - Entity is already attached to world
20:55:36.021 [FXGL Background Thread 1 ] WARN  GameWorld            - Entity is already attached to world
20:55:36.022 [FXGL Background Thread 1 ] WARN  GameWorld            - Entity is already attached to world
20:55:36.023 [FXGL Background Thread 1 ] WARN  GameWorld            - Entity is already attached to world
20:55:36.023 [FXGL Background Thread 1 ] WARN  GameWorld            - Entity is already attached to world
20:55:36.024 [FXGL Background Thread 1 ] WARN  GameWorld            - Entity is already attached to world
20:55:36.024 [FXGL Background Thread 1 ] WARN  GameWorld            - Entity is already attached to world
20:55:36.025 [FXGL Background Thread 1 ] WARN  GameWorld            - Entity is already attached to world
20:55:36.025 [FXGL Background Thread 1 ] WARN  GameWorld            - Entity is already attached to world
20:55:36.027 [FXGL Background Thread 1 ] WARN  GameWorld            - Entity is already attached to world
20:55:36.029 [FXGL Background Thread 1 ] WARN  GameWorld            - Entity is already attached to world
20:55:36.030 [FXGL Background Thread 1 ] WARN  GameWorld            - Entity is already attached to world
20:55:36.030 [FXGL Background Thread 1 ] WARN  GameWorld            - Entity is already attached to world
20:55:36.031 [FXGL Background Thread 1 ] WARN  GameWorld            - Entity is already attached to world
20:55:36.032 [FXGL Background Thread 1 ] WARN  GameWorld            - Entity is already attached to world
20:55:36.034 [FXGL Background Thread 1 ] WARN  GameWorld            - Entity is already attached to world
20:55:36.035 [FXGL Background Thread 1 ] WARN  GameWorld            - Entity is already attached to world
20:55:36.036 [FXGL Background Thread 1 ] DEBUG FXGLAssetLoaderServi - Loading from file system: file:/C:/Users/ASUS/OneDrive/Máy%20tính/doan/demo1/target/classes/assets/textures/start.gif
20:55:36.115 [FXGL Background Thread 1 ] WARN  GameWorld            - Entity is already attached to world
20:55:36.117 [FXGL Background Thread 1 ] DEBUG FXGLAssetLoaderServi - Loading from file system: file:/C:/Users/ASUS/OneDrive/Máy%20tính/doan/demo1/target/classes/assets/textures/f1_1.png
20:55:36.122 [FXGL Background Thread 1 ] WARN  GameWorld            - Entity is already attached to world
20:55:36.123 [FXGL Background Thread 1 ] DEBUG FXGLAssetLoaderServi - Loading from file system: file:/C:/Users/ASUS/OneDrive/Máy%20tính/doan/demo1/target/classes/assets/textures/f1_2.png
20:55:36.125 [FXGL Background Thread 1 ] WARN  GameWorld            - Entity is already attached to world
20:55:36.126 [FXGL Background Thread 1 ] DEBUG FXGLAssetLoaderServi - Loading from file system: file:/C:/Users/ASUS/OneDrive/Máy%20tính/doan/demo1/target/classes/assets/textures/f1_3.png
20:55:36.127 [FXGL Background Thread 1 ] WARN  GameWorld            - Entity is already attached to world
20:55:36.128 [FXGL Background Thread 1 ] INFO  FXGLApplication      - Game initialization took: 0.586 sec
20:55:36.128 [JavaFX Application Thread] DEBUG Input                - Clearing active input actions
20:55:36.132 [JavaFX Application Thread] DEBUG GameApplicationServi - Removing overlay from FXGLLoadingScene and adding to GameScene
20:55:36.132 [JavaFX Application Thread] DEBUG EmbeddedPaneWindow   - FXGLLoadingScene -> GameScene
20:55:38.489 [FXGL Background Thread 3 ] DEBUG Engine               - Logging environment variables
20:55:38.489 [FXGL Background Thread 3 ] DEBUG Engine               - achievements: []
20:55:38.489 [FXGL Background Thread 3 ] DEBUG Engine               - actualHeight: 1080.0
20:55:38.489 [FXGL Background Thread 3 ] DEBUG Engine               - actualHeightProperty: ReadOnlyDoubleProperty [value: 1080.0]
20:55:38.489 [FXGL Background Thread 3 ] DEBUG Engine               - actualWidth: 1920.0
20:55:38.489 [FXGL Background Thread 3 ] DEBUG Engine               - actualWidthProperty: ReadOnlyDoubleProperty [value: 1920.0]
20:55:38.489 [FXGL Background Thread 3 ] DEBUG Engine               - appIcon: fxgl_icon.png
20:55:38.489 [FXGL Background Thread 3 ] DEBUG Engine               - applicationMode: DEVELOPER
20:55:38.489 [FXGL Background Thread 3 ] DEBUG Engine               - cSSList: [fxgl_dark.css]
20:55:38.489 [FXGL Background Thread 3 ] DEBUG Engine               - collisionDetectionStrategy: BRUTE_FORCE
20:55:38.489 [FXGL Background Thread 3 ] DEBUG Engine               - configClass: Optional.empty
20:55:38.489 [FXGL Background Thread 3 ] DEBUG Engine               - credits: []
20:55:38.490 [FXGL Background Thread 3 ] DEBUG Engine               - defaultCursor: CursorInfo(imageName=fxgl_default_cursor.png, hotspotX=7.0, hotspotY=6.0)
20:55:38.490 [FXGL Background Thread 3 ] DEBUG Engine               - devBBoxColorProperty: ObjectProperty [value: 0xff0000ff]
20:55:38.490 [FXGL Background Thread 3 ] DEBUG Engine               - devEnableDebugCameraProperty: BooleanProperty [value: false]
20:55:38.490 [FXGL Background Thread 3 ] DEBUG Engine               - devSensorColorProperty: ObjectProperty [value: 0xffff00ff]
20:55:38.490 [FXGL Background Thread 3 ] DEBUG Engine               - devShowBBoxProperty: BooleanProperty [value: false]
20:55:38.490 [FXGL Background Thread 3 ] DEBUG Engine               - devShowPositionProperty: BooleanProperty [value: false]
20:55:38.490 [FXGL Background Thread 3 ] DEBUG Engine               - enabledMenuItems: []
20:55:38.490 [FXGL Background Thread 3 ] DEBUG Engine               - engineServices: [class com.almasb.fxgl.app.services.FXGLAssetLoaderService, class com.almasb.fxgl.app.FXGLApplication$GameApplicationService, class com.almasb.fxgl.app.services.FXGLDialogService, class com.almasb.fxgl.app.services.IOTaskExecutorService, class com.almasb.fxgl.io.FileSystemService, class com.almasb.fxgl.localization.LocalizationService, class com.almasb.fxgl.app.services.SystemBundleService, class com.almasb.fxgl.profile.SaveLoadService, class com.almasb.fxgl.ui.FXGLUIFactoryServiceProvider, class com.almasb.fxgl.ui.FXGLDialogFactoryServiceProvider, class com.almasb.fxgl.audio.AudioPlayer, class com.almasb.fxgl.notification.impl.NotificationServiceProvider, class com.almasb.fxgl.achievement.AchievementService, class com.almasb.fxgl.cutscene.CutsceneService, class com.almasb.fxgl.minigames.MiniGameService, class com.almasb.fxgl.net.NetService, class com.almasb.fxgl.app.services.UpdaterService, class com.almasb.fxgl.dev.DevService]
20:55:38.490 [FXGL Background Thread 3 ] DEBUG Engine               - fontGame: Abel-Regular.ttf
20:55:38.490 [FXGL Background Thread 3 ] DEBUG Engine               - fontMono: TerminalLandMono-Regular.otf
20:55:38.490 [FXGL Background Thread 3 ] DEBUG Engine               - fontText: Courier-Prime.ttf
20:55:38.490 [FXGL Background Thread 3 ] DEBUG Engine               - fontUI: VarelaRound-Regular.ttf
20:55:38.490 [FXGL Background Thread 3 ] DEBUG Engine               - fullScreen: BooleanProperty [value: false]
20:55:38.490 [FXGL Background Thread 3 ] DEBUG Engine               - gameDifficulty: MEDIUM
20:55:38.490 [FXGL Background Thread 3 ] DEBUG Engine               - gameDifficultyProperty: ObjectProperty [value: MEDIUM]
20:55:38.490 [FXGL Background Thread 3 ] DEBUG Engine               - globalMusicVolume: 0.5
20:55:38.490 [FXGL Background Thread 3 ] DEBUG Engine               - globalMusicVolumeProperty: DoubleProperty [value: 0.5]
20:55:38.490 [FXGL Background Thread 3 ] DEBUG Engine               - globalSoundVolume: 0.5
20:55:38.490 [FXGL Background Thread 3 ] DEBUG Engine               - globalSoundVolumeProperty: DoubleProperty [value: 0.5]
20:55:38.490 [FXGL Background Thread 3 ] DEBUG Engine               - height: 1080
20:55:38.490 [FXGL Background Thread 3 ] DEBUG Engine               - is3D: false
20:55:38.490 [FXGL Background Thread 3 ] DEBUG Engine               - isAndroid: false
20:55:38.490 [FXGL Background Thread 3 ] DEBUG Engine               - isBrowser: false
20:55:38.490 [FXGL Background Thread 3 ] DEBUG Engine               - isClickFeedbackEnabled: false
20:55:38.490 [FXGL Background Thread 3 ] DEBUG Engine               - isCloseConfirmation: false
20:55:38.490 [FXGL Background Thread 3 ] DEBUG Engine               - isDesktop: true
20:55:38.490 [FXGL Background Thread 3 ] DEBUG Engine               - isDeveloperMenuEnabled: false
20:55:38.490 [FXGL Background Thread 3 ] DEBUG Engine               - isEmbedded: false
20:55:38.490 [FXGL Background Thread 3 ] DEBUG Engine               - isEntityPreloadEnabled: true
20:55:38.490 [FXGL Background Thread 3 ] DEBUG Engine               - isExperimentalTiledLargeMap: false
20:55:38.490 [FXGL Background Thread 3 ] DEBUG Engine               - isFileSystemWriteAllowed: true
20:55:38.490 [FXGL Background Thread 3 ] DEBUG Engine               - isFullScreenAllowed: false
20:55:38.490 [FXGL Background Thread 3 ] DEBUG Engine               - isFullScreenFromStart: false
20:55:38.490 [FXGL Background Thread 3 ] DEBUG Engine               - isGameMenuEnabled: true
20:55:38.490 [FXGL Background Thread 3 ] DEBUG Engine               - isIOS: false
20:55:38.490 [FXGL Background Thread 3 ] DEBUG Engine               - isIntroEnabled: false
20:55:38.490 [FXGL Background Thread 3 ] DEBUG Engine               - isLinux: false
20:55:38.490 [FXGL Background Thread 3 ] DEBUG Engine               - isMac: false
20:55:38.490 [FXGL Background Thread 3 ] DEBUG Engine               - isMainMenuEnabled: false
20:55:38.490 [FXGL Background Thread 3 ] DEBUG Engine               - isManualResizeEnabled: false
20:55:38.490 [FXGL Background Thread 3 ] DEBUG Engine               - isMobile: false
20:55:38.490 [FXGL Background Thread 3 ] DEBUG Engine               - isNative: false
20:55:38.490 [FXGL Background Thread 3 ] DEBUG Engine               - isPauseMusicWhenMinimized: true
20:55:38.490 [FXGL Background Thread 3 ] DEBUG Engine               - isPreserveResizeRatio: false
20:55:38.491 [FXGL Background Thread 3 ] DEBUG Engine               - isProfilingEnabled: false
20:55:38.491 [FXGL Background Thread 3 ] DEBUG Engine               - isScaleAffectedOnResize: true
20:55:38.491 [FXGL Background Thread 3 ] DEBUG Engine               - isSingleStep: false
20:55:38.491 [FXGL Background Thread 3 ] DEBUG Engine               - isUserProfileEnabled: false
20:55:38.491 [FXGL Background Thread 3 ] DEBUG Engine               - isWindows: true
20:55:38.491 [FXGL Background Thread 3 ] DEBUG Engine               - language: ObjectProperty [value: ENGLISH]
20:55:38.491 [FXGL Background Thread 3 ] DEBUG Engine               - menuKey: ESCAPE
20:55:38.491 [FXGL Background Thread 3 ] DEBUG Engine               - mouseSensitivity: 0.2
20:55:38.491 [FXGL Background Thread 3 ] DEBUG Engine               - notificationViewClass: class com.almasb.fxgl.notification.view.XboxNotificationView
20:55:38.491 [FXGL Background Thread 3 ] DEBUG Engine               - pixelsPerMeter: 50.0
20:55:38.491 [FXGL Background Thread 3 ] DEBUG Engine               - platform: WINDOWS
20:55:38.491 [FXGL Background Thread 3 ] DEBUG Engine               - prefHeightProperty: ReadOnlyDoubleProperty [value: 1080.0]
20:55:38.491 [FXGL Background Thread 3 ] DEBUG Engine               - prefWidthProperty: ReadOnlyDoubleProperty [value: 1920.0]
20:55:38.491 [FXGL Background Thread 3 ] DEBUG Engine               - profileDir: profiles/
20:55:38.491 [FXGL Background Thread 3 ] DEBUG Engine               - profileName: StringProperty [value: DEFAULT]
20:55:38.491 [FXGL Background Thread 3 ] DEBUG Engine               - randomSeed: -1
20:55:38.491 [FXGL Background Thread 3 ] DEBUG Engine               - runtimeInfo: RuntimeInfo(platform=WINDOWS, version=17.2, build=20.08.2022 16.50)
20:55:38.491 [FXGL Background Thread 3 ] DEBUG Engine               - saveFileExt: sav
20:55:38.491 [FXGL Background Thread 3 ] DEBUG Engine               - scaledHeightProp$fxgl: DoubleProperty [bound, value: 1080.0]
20:55:38.491 [FXGL Background Thread 3 ] DEBUG Engine               - scaledWidthProp$fxgl: DoubleProperty [bound, value: 1920.0]
20:55:38.491 [FXGL Background Thread 3 ] DEBUG Engine               - sceneFactory: com.almasb.fxgl.app.scene.SceneFactory@459a8e0
20:55:38.491 [FXGL Background Thread 3 ] DEBUG Engine               - secondsIn24h: 60
20:55:38.491 [FXGL Background Thread 3 ] DEBUG Engine               - soundMenuBack: menu/back.wav
20:55:38.491 [FXGL Background Thread 3 ] DEBUG Engine               - soundMenuPress: menu/press.wav
20:55:38.491 [FXGL Background Thread 3 ] DEBUG Engine               - soundMenuSelect: menu/select.wav
20:55:38.491 [FXGL Background Thread 3 ] DEBUG Engine               - soundNotification: core/notification.wav
20:55:38.491 [FXGL Background Thread 3 ] DEBUG Engine               - stageStyle: DECORATED
20:55:38.492 [FXGL Background Thread 3 ] DEBUG Engine               - supportedLanguages: [ENGLISH, FRENCH, GERMAN, HUNGARIAN, RUSSIAN]
20:55:38.492 [FXGL Background Thread 3 ] DEBUG Engine               - ticksPerSecond: -1
20:55:38.492 [FXGL Background Thread 3 ] DEBUG Engine               - title: Geometry Wars
20:55:38.492 [FXGL Background Thread 3 ] DEBUG Engine               - urlGithub: https://github.com/AlmasB/FXGL
20:55:38.492 [FXGL Background Thread 3 ] DEBUG Engine               - urlLeaderboard: http://fxgl-top.herokuapp.com/
20:55:38.492 [FXGL Background Thread 3 ] DEBUG Engine               - urlPOM: https://raw.githubusercontent.com/AlmasB/FXGL/release/README.md
20:55:38.492 [FXGL Background Thread 3 ] DEBUG Engine               - userAppClass: class com.example.demo1.GeoWarsApp
20:55:38.492 [FXGL Background Thread 3 ] DEBUG Engine               - version: 0.0
20:55:38.492 [FXGL Background Thread 3 ] DEBUG Engine               - versionCheckDays: 7
20:55:38.492 [FXGL Background Thread 3 ] DEBUG Engine               - width: 1920
20:55:38.492 [FXGL Background Thread 3 ] DEBUG Engine               - Logging services
20:55:38.492 [FXGL Background Thread 3 ] DEBUG Engine               - class com.almasb.fxgl.app.services.FXGLAssetLoaderService
20:55:38.492 [FXGL Background Thread 3 ] DEBUG Engine               - class com.almasb.fxgl.app.FXGLApplication$GameApplicationService
20:55:38.492 [FXGL Background Thread 3 ] DEBUG Engine               - class com.almasb.fxgl.app.services.FXGLDialogService
20:55:38.492 [FXGL Background Thread 3 ] DEBUG Engine               - class com.almasb.fxgl.app.services.IOTaskExecutorService
20:55:38.492 [FXGL Background Thread 3 ] DEBUG Engine               - class com.almasb.fxgl.io.FileSystemService
20:55:38.492 [FXGL Background Thread 3 ] DEBUG Engine               - class com.almasb.fxgl.localization.LocalizationService
20:55:38.492 [FXGL Background Thread 3 ] DEBUG Engine               - class com.almasb.fxgl.app.services.SystemBundleService
20:55:38.492 [FXGL Background Thread 3 ] DEBUG Engine               - class com.almasb.fxgl.profile.SaveLoadService
20:55:38.492 [FXGL Background Thread 3 ] DEBUG Engine               - class com.almasb.fxgl.ui.FXGLUIFactoryServiceProvider
20:55:38.492 [FXGL Background Thread 3 ] DEBUG Engine               - class com.almasb.fxgl.ui.FXGLDialogFactoryServiceProvider
20:55:38.492 [FXGL Background Thread 3 ] DEBUG Engine               - class com.almasb.fxgl.audio.AudioPlayer
20:55:38.492 [FXGL Background Thread 3 ] DEBUG Engine               - class com.almasb.fxgl.notification.impl.NotificationServiceProvider
20:55:38.492 [FXGL Background Thread 3 ] DEBUG Engine               - class com.almasb.fxgl.achievement.AchievementService
20:55:38.492 [FXGL Background Thread 3 ] DEBUG Engine               - class com.almasb.fxgl.cutscene.CutsceneService
20:55:38.492 [FXGL Background Thread 3 ] DEBUG Engine               - class com.almasb.fxgl.minigames.MiniGameService
20:55:38.492 [FXGL Background Thread 3 ] DEBUG Engine               - class com.almasb.fxgl.net.NetService
20:55:38.492 [FXGL Background Thread 3 ] DEBUG Engine               - class com.almasb.fxgl.app.services.UpdaterService
20:55:38.492 [FXGL Background Thread 3 ] DEBUG Engine               - class com.almasb.fxgl.dev.DevService
20:55:55.507 [JavaFX Application Thread] DEBUG FXGLAssetLoaderServi - Loading from file system: file:/C:/Users/ASUS/OneDrive/Máy%20tính/doan/demo1/target/classes/assets/textures/gif-flag.gif
20:55:55.548 [JavaFX Application Thread] WARN  GameWorld            - Entity is already attached to world
20:55:55.923 [JavaFX Application Thread] WARN  GameWorld            - Entity is already attached to world
20:55:56.115 [JavaFX Application Thread] WARN  GameWorld            - Entity is already attached to world
20:55:56.178 [JavaFX Application Thread] DEBUG FXGLApplication      - Exiting FXGL
20:55:56.178 [JavaFX Application Thread] DEBUG LoopRunner           - Stopping loop
20:55:56.178 [JavaFX Application Thread] DEBUG SystemBundleService  - Saving FXGL system data
20:55:56.181 [JavaFX Application Thread] DEBUG FileSystemAccess     - Writing to: C:\Users\ASUS\OneDrive\Máy tính\doan\demo1\system\fxgl.bundle
20:55:56.186 [JavaFX Application Thread] DEBUG Async                - Shutting down background threads
20:55:56.186 [JavaFX Application Thread] DEBUG Logger               - Closing Logger
