15:41:08.830 [main                     ] DEBUG Logger               - Configured Logger
15:41:08.842 [main                     ] DEBUG GameApplication      - Logging settings
Title: Geometry Wars
Version: 0.0
Width: 1920
Height: 1080
Fullscreen: false
Intro: false
Profiling: false
Single step:false
App Mode: DEVELOPER
Menu Key: ESCAPE
Stage Style: DECORATED
Scene Factory: class com.almasb.fxgl.app.scene.SceneFactory

15:41:09.077 [JavaFX Application Thread] DEBUG FXGLApplication      - Initializing FXGL
15:41:09.080 [JavaFX Application Thread] INFO  Engine               - FXGL-17.2 (20.08.2022 16.50) on WINDOWS (J:20 FX:20-ea)
15:41:09.080 [JavaFX Application Thread] DEBUG Engine               - JRE Vendor Name: Oracle Corporation
15:41:09.081 [JavaFX Application Thread] DEBUG Engine               - Running on OS: Windows 11 version 10.0
15:41:09.081 [JavaFX Application Thread] DEBUG Engine               - Architecture: amd64
15:41:09.081 [JavaFX Application Thread] INFO  Engine               - Source code and latest versions at: https://github.com/AlmasB/FXGL
15:41:09.081 [JavaFX Application Thread] INFO  Engine               -       Ask questions and discuss at: https://github.com/AlmasB/FXGL/discussions
15:41:09.081 [JavaFX Application Thread] INFO  Engine               -              Join the FXGL chat at: https://gitter.im/AlmasB/FXGL
15:41:09.132 [JavaFX Application Thread] DEBUG PrimaryStageWindow   - Creating a JavaFX scene
15:41:09.132 [JavaFX Application Thread] DEBUG PrimaryStageWindow   - Target size > screen size
15:41:09.161 [JavaFX Application Thread] DEBUG PrimaryStageWindow   - Target settings size: 1920.0 x 1080.0
15:41:09.161 [JavaFX Application Thread] DEBUG PrimaryStageWindow   - Scaled scene size:    1809.0 x 1031.0
15:41:09.162 [JavaFX Application Thread] DEBUG PrimaryStageWindow   - Scaled ratio: (0.9421875, 0.9546296296296296)
15:41:09.162 [JavaFX Application Thread] DEBUG PrimaryStageWindow   - Set initial scene to FXGLStartupScene
15:41:09.165 [JavaFX Application Thread] DEBUG PrimaryStageWindow   - Opening main window
15:41:09.214 [JavaFX Application Thread] DEBUG PrimaryStageWindow   - Window border size: (16.0, 39.0)
15:41:09.215 [JavaFX Application Thread] DEBUG PrimaryStageWindow   - Scaled size: 1809.0 x 1031.0
15:41:09.215 [JavaFX Application Thread] DEBUG PrimaryStageWindow   - Scaled ratio: (0.9421875, 0.9546296296296296)
15:41:09.216 [JavaFX Application Thread] DEBUG PrimaryStageWindow   - Scene size: 1809.0 x 1031.0
15:41:09.216 [JavaFX Application Thread] DEBUG PrimaryStageWindow   - Stage size: 1825.0 x 1070.0
15:41:09.221 [FXGL Background Thread 1 ] DEBUG Engine               - Initializing environment variables
15:41:09.255 [FXGL Background Thread 1 ] DEBUG FXGLAssetLoaderServi - User app class for loading assets: class com.example.demo1.GeoWarsApp
15:41:09.255 [FXGL Background Thread 1 ] DEBUG GameApplicationServi - Applying CSS: fxgl_dark.css
15:41:09.256 [FXGL Background Thread 1 ] DEBUG FXGLAssetLoaderServi - Loading from file system: jar:file:///C:/Users/ASUS/.m2/repository/com/github/almasb/fxgl/17.2/fxgl-17.2.jar!/fxglassets/ui/css/fxgl_dark.css
15:41:09.291 [FXGL Background Thread 1 ] DEBUG GameApplicationServi - Initializing application scenes
15:41:09.337 [FXGL Background Thread 1 ] DEBUG GameWorld            - Game world initialized
15:41:09.385 [FXGL Background Thread 1 ] DEBUG PhysicsWorld         - Physics world initialized: appHeight=1080, physics.ppm=50.0
15:41:09.385 [FXGL Background Thread 1 ] DEBUG PhysicsWorld         - Using strategy: BRUTE_FORCE
15:41:09.388 [FXGL Background Thread 1 ] DEBUG GameScene            - Game scene initialized: 1920x1080
15:41:09.395 [FXGL Background Thread 1 ] DEBUG FXGL.DefaultMenu     - createMenuBodyGameMenu()
15:41:09.404 [FXGL Background Thread 1 ] DEBUG FXGL.DefaultMenu     - createOptionsMenu()
15:41:09.410 [FXGL Background Thread 1 ] DEBUG FXGLAssetLoaderServi - Loading from file system: jar:file:///C:/Users/ASUS/.m2/repository/com/github/almasb/fxgl/17.2/fxgl-17.2.jar!/fxglassets/textures/particles/smoke.png
15:41:09.492 [FXGL Background Thread 1 ] DEBUG FXGLAssetLoaderServi - Loading from file system: jar:file:///C:/Users/ASUS/.m2/repository/com/github/almasb/fxgl/17.2/fxgl-17.2.jar!/fxglassets/textures/particles/trace_horizontal.png
15:41:09.518 [FXGL Background Thread 1 ] DEBUG GameApplicationServi - Application scenes initialized
15:41:09.539 [FXGL Background Thread 1 ] DEBUG SystemBundleService  - Loading FXGL system data
15:41:09.546 [FXGL Background Thread 1 ] DEBUG FileSystemAccess     - Reading from: C:\Users\ASUS\OneDrive\Máy tính\doan\demo1\system\fxgl.bundle
15:41:09.559 [FXGL Background Thread 1 ] DEBUG SystemBundleService  - Bundle FXGL: {}
15:41:09.559 [FXGL Background Thread 1 ] DEBUG UpdaterService       - Checking for updates
15:41:09.562 [FXGL Background Thread 4 ] DEBUG FXGLApplication      - Loading fonts
15:41:09.562 [FXGL Background Thread 1 ] DEBUG FXGLApplication      - Loading default localization
15:41:09.563 [FXGL Background Thread 4 ] DEBUG FXGLAssetLoaderServi - Loading from file system: jar:file:///C:/Users/ASUS/.m2/repository/com/github/almasb/fxgl/17.2/fxgl-17.2.jar!/fxglassets/ui/fonts/VarelaRound-Regular.ttf
15:41:09.564 [FXGL Background Thread 1 ] DEBUG FXGLAssetLoaderServi - Loading from file system: jar:file:///C:/Users/ASUS/.m2/repository/com/github/almasb/fxgl/17.2/fxgl-17.2.jar!/fxglassets/languages/english.lang
15:41:09.590 [FXGL Background Thread 1 ] INFO  FXGLApplication      - FXGL initialization took: 0.370 sec
15:41:09.591 [JavaFX Application Thread] DEBUG FXGLAssetLoaderServi - Loading from file system: jar:file:///C:/Users/ASUS/.m2/repository/com/github/almasb/fxgl/17.2/fxgl-17.2.jar!/fxglassets/textures/fxgl_icon.png
15:41:09.601 [FXGL Background Thread 4 ] DEBUG FXGLAssetLoaderServi - Loading from file system: jar:file:///C:/Users/ASUS/.m2/repository/com/github/almasb/fxgl/17.2/fxgl-17.2.jar!/fxglassets/ui/fonts/Abel-Regular.ttf
15:41:09.604 [FXGL Background Thread 4 ] DEBUG FXGLAssetLoaderServi - Loading from file system: jar:file:///C:/Users/ASUS/.m2/repository/com/github/almasb/fxgl/17.2/fxgl-17.2.jar!/fxglassets/ui/fonts/TerminalLandMono-Regular.otf
15:41:09.604 [JavaFX Application Thread] DEBUG FXGLAssetLoaderServi - Loading from file system: jar:file:///C:/Users/ASUS/.m2/repository/com/github/almasb/fxgl/17.2/fxgl-17.2.jar!/fxglassets/textures/fxgl_default_cursor.png
15:41:09.607 [FXGL Background Thread 4 ] DEBUG FXGLAssetLoaderServi - Loading from file system: jar:file:///C:/Users/ASUS/.m2/repository/com/github/almasb/fxgl/17.2/fxgl-17.2.jar!/fxglassets/ui/fonts/Courier-Prime.ttf
15:41:09.618 [JavaFX Application Thread] DEBUG Input                - Registered new binding: Screenshot - CTRL+8
15:41:09.619 [JavaFX Application Thread] DEBUG Input                - Registered new binding: System info dump - CTRL+9
15:41:09.620 [JavaFX Application Thread] DEBUG Input                - Registered new binding: Restart - CTRL+R
15:41:09.621 [JavaFX Application Thread] DEBUG Input                - Registered new binding: Toggle Debug Camera - CTRL+7
15:41:09.623 [JavaFX Application Thread] DEBUG LoopRunner           - Starting loop
15:41:09.623 [JavaFX Application Thread] DEBUG LoopRunner           - Initializing JavaFX AnimationTimerLoop
15:41:09.625 [JavaFX Application Thread] DEBUG GameApplicationServi - Starting new game
15:41:09.625 [JavaFX Application Thread] DEBUG Input                - Clearing active input actions
15:41:09.635 [JavaFX Application Thread] DEBUG GameApplicationServi - Removing overlay from FXGLStartupScene and adding to FXGLLoadingScene
15:41:09.636 [JavaFX Application Thread] DEBUG PrimaryStageWindow   - FXGLStartupScene -> FXGLLoadingScene
15:41:09.636 [JavaFX Application Thread] DEBUG GameApplicationServi - Clearing previous game
15:41:09.636 [JavaFX Application Thread] DEBUG GameScene            - Clearing game scene
15:41:09.636 [JavaFX Application Thread] DEBUG GameWorld            - Clearing game world
15:41:09.636 [JavaFX Application Thread] DEBUG PhysicsWorld         - Clearing physics world
15:41:09.638 [JavaFX Application Thread] DEBUG FXGLApplication      - Registering font factories with UI factory
15:41:09.638 [FXGL Background Thread 4 ] DEBUG FXGLApplication      - Initializing game
15:41:09.704 [FXGL Background Thread 4 ] WARN  TMXLevelLoader       - TiledMap generated from 1.10.1. Supported version: 1.9.0. Some features may not be parsed fully.
15:41:09.731 [FXGL Background Thread 4 ] DEBUG TMXLevelLoader       - Parsed TiledMap: file:/C:/Users/ASUS/OneDrive/Máy%20tính/doan/demo1/target/classes/assets/levels/map3.tmx
15:41:09.732 [FXGL Background Thread 4 ] DEBUG TMXLevelLoader       - Creating tile layer entities
15:41:09.734 [FXGL Background Thread 4 ] DEBUG TilesetLoader        - Loading view for layer Tile Layer 1
15:41:09.755 [FXGL Background Thread 4 ] DEBUG TilesetLoader        - Created buffer with size 10260.0x1080.0
15:41:09.906 [FXGL Background Thread 4 ] DEBUG TMXLevelLoader       - Creating object layer entities
15:41:09.966 [FXGL Background Thread 4 ] DEBUG GameWorld            - Clearing removable entities
15:41:09.968 [FXGL Background Thread 4 ] DEBUG GameWorld            - Setting level: com.almasb.fxgl.entity.level.Level@191122b3
15:41:09.991 [FXGL Background Thread 2 ] WARN  UpdaterService       - Failed to find updates: javax.net.ssl.SSLHandshakeException: No subject alternative DNS name matching raw.githubusercontent.com found.
15:41:09.992 [FXGL Background Thread 4 ] DEBUG FXGLAssetLoaderServi - Loading from file system: file:/C:/Users/ASUS/OneDrive/Máy%20tính/doan/demo1/target/classes/assets/textures/lava.gif
15:41:10.157 [FXGL Background Thread 4 ] WARN  GameWorld            - Entity is already attached to world
15:41:10.158 [FXGL Background Thread 4 ] WARN  GameWorld            - Entity is already attached to world
15:41:10.159 [FXGL Background Thread 4 ] WARN  GameWorld            - Entity is already attached to world
15:41:10.159 [FXGL Background Thread 4 ] WARN  GameWorld            - Entity is already attached to world
15:41:10.160 [FXGL Background Thread 4 ] WARN  GameWorld            - Entity is already attached to world
15:41:10.160 [FXGL Background Thread 4 ] WARN  GameWorld            - Entity is already attached to world
15:41:10.161 [FXGL Background Thread 4 ] WARN  GameWorld            - Entity is already attached to world
15:41:10.161 [FXGL Background Thread 4 ] WARN  GameWorld            - Entity is already attached to world
15:41:10.162 [FXGL Background Thread 4 ] WARN  GameWorld            - Entity is already attached to world
15:41:10.163 [FXGL Background Thread 4 ] WARN  GameWorld            - Entity is already attached to world
15:41:10.164 [FXGL Background Thread 4 ] WARN  GameWorld            - Entity is already attached to world
15:41:10.165 [FXGL Background Thread 4 ] WARN  GameWorld            - Entity is already attached to world
15:41:10.166 [FXGL Background Thread 4 ] WARN  GameWorld            - Entity is already attached to world
15:41:10.167 [FXGL Background Thread 4 ] WARN  GameWorld            - Entity is already attached to world
15:41:10.168 [FXGL Background Thread 4 ] WARN  GameWorld            - Entity is already attached to world
15:41:10.168 [FXGL Background Thread 4 ] WARN  GameWorld            - Entity is already attached to world
15:41:10.169 [FXGL Background Thread 4 ] WARN  GameWorld            - Entity is already attached to world
15:41:10.169 [FXGL Background Thread 4 ] WARN  GameWorld            - Entity is already attached to world
15:41:10.169 [FXGL Background Thread 4 ] WARN  GameWorld            - Entity is already attached to world
15:41:10.170 [FXGL Background Thread 4 ] WARN  GameWorld            - Entity is already attached to world
15:41:10.170 [FXGL Background Thread 4 ] WARN  GameWorld            - Entity is already attached to world
15:41:10.171 [FXGL Background Thread 4 ] WARN  GameWorld            - Entity is already attached to world
15:41:10.171 [FXGL Background Thread 4 ] WARN  GameWorld            - Entity is already attached to world
15:41:10.171 [FXGL Background Thread 4 ] WARN  GameWorld            - Entity is already attached to world
15:41:10.172 [FXGL Background Thread 4 ] WARN  GameWorld            - Entity is already attached to world
15:41:10.172 [FXGL Background Thread 4 ] WARN  GameWorld            - Entity is already attached to world
15:41:10.173 [FXGL Background Thread 4 ] WARN  GameWorld            - Entity is already attached to world
15:41:10.173 [FXGL Background Thread 4 ] WARN  GameWorld            - Entity is already attached to world
15:41:10.174 [FXGL Background Thread 4 ] WARN  GameWorld            - Entity is already attached to world
15:41:10.174 [FXGL Background Thread 4 ] WARN  GameWorld            - Entity is already attached to world
15:41:10.175 [FXGL Background Thread 4 ] WARN  GameWorld            - Entity is already attached to world
15:41:10.175 [FXGL Background Thread 4 ] WARN  GameWorld            - Entity is already attached to world
15:41:10.176 [FXGL Background Thread 4 ] WARN  GameWorld            - Entity is already attached to world
15:41:10.176 [FXGL Background Thread 4 ] WARN  GameWorld            - Entity is already attached to world
15:41:10.177 [FXGL Background Thread 4 ] WARN  GameWorld            - Entity is already attached to world
15:41:10.177 [FXGL Background Thread 4 ] WARN  GameWorld            - Entity is already attached to world
15:41:10.177 [FXGL Background Thread 4 ] WARN  GameWorld            - Entity is already attached to world
15:41:10.178 [FXGL Background Thread 4 ] WARN  GameWorld            - Entity is already attached to world
15:41:10.179 [FXGL Background Thread 4 ] WARN  GameWorld            - Entity is already attached to world
15:41:10.180 [FXGL Background Thread 4 ] WARN  GameWorld            - Entity is already attached to world
15:41:10.180 [FXGL Background Thread 4 ] WARN  GameWorld            - Entity is already attached to world
15:41:10.181 [FXGL Background Thread 4 ] WARN  GameWorld            - Entity is already attached to world
15:41:10.182 [FXGL Background Thread 4 ] WARN  GameWorld            - Entity is already attached to world
15:41:10.182 [FXGL Background Thread 4 ] WARN  GameWorld            - Entity is already attached to world
15:41:10.183 [FXGL Background Thread 4 ] WARN  GameWorld            - Entity is already attached to world
15:41:10.183 [FXGL Background Thread 4 ] WARN  GameWorld            - Entity is already attached to world
15:41:10.184 [FXGL Background Thread 4 ] WARN  GameWorld            - Entity is already attached to world
15:41:10.184 [FXGL Background Thread 4 ] WARN  GameWorld            - Entity is already attached to world
15:41:10.185 [FXGL Background Thread 4 ] WARN  GameWorld            - Entity is already attached to world
15:41:10.185 [FXGL Background Thread 4 ] WARN  GameWorld            - Entity is already attached to world
15:41:10.186 [FXGL Background Thread 4 ] DEBUG FXGLAssetLoaderServi - Loading from file system: file:/C:/Users/ASUS/OneDrive/Máy%20tính/doan/demo1/target/classes/assets/textures/start.gif
15:41:10.254 [FXGL Background Thread 4 ] WARN  GameWorld            - Entity is already attached to world
15:41:10.256 [FXGL Background Thread 4 ] DEBUG FXGLAssetLoaderServi - Loading from file system: file:/C:/Users/ASUS/OneDrive/Máy%20tính/doan/demo1/target/classes/assets/textures/f1_1.png
15:41:10.260 [FXGL Background Thread 4 ] WARN  GameWorld            - Entity is already attached to world
15:41:10.261 [FXGL Background Thread 4 ] DEBUG FXGLAssetLoaderServi - Loading from file system: file:/C:/Users/ASUS/OneDrive/Máy%20tính/doan/demo1/target/classes/assets/textures/f1_2.png
15:41:10.264 [FXGL Background Thread 4 ] WARN  GameWorld            - Entity is already attached to world
15:41:10.265 [FXGL Background Thread 4 ] DEBUG FXGLAssetLoaderServi - Loading from file system: file:/C:/Users/ASUS/OneDrive/Máy%20tính/doan/demo1/target/classes/assets/textures/f1_3.png
15:41:10.267 [FXGL Background Thread 4 ] WARN  GameWorld            - Entity is already attached to world
15:41:10.268 [FXGL Background Thread 4 ] INFO  FXGLApplication      - Game initialization took: 0.629 sec
15:41:10.268 [JavaFX Application Thread] DEBUG Input                - Clearing active input actions
15:41:10.275 [JavaFX Application Thread] DEBUG GameApplicationServi - Removing overlay from FXGLLoadingScene and adding to GameScene
15:41:10.275 [JavaFX Application Thread] DEBUG PrimaryStageWindow   - FXGLLoadingScene -> GameScene
15:41:12.562 [FXGL Background Thread 3 ] DEBUG Engine               - Logging environment variables
15:41:12.563 [FXGL Background Thread 3 ] DEBUG Engine               - achievements: []
15:41:12.563 [FXGL Background Thread 3 ] DEBUG Engine               - actualHeight: 1031.0
15:41:12.563 [FXGL Background Thread 3 ] DEBUG Engine               - actualHeightProperty: ReadOnlyDoubleProperty [value: 1031.0]
15:41:12.563 [FXGL Background Thread 3 ] DEBUG Engine               - actualWidth: 1809.0
15:41:12.563 [FXGL Background Thread 3 ] DEBUG Engine               - actualWidthProperty: ReadOnlyDoubleProperty [value: 1809.0]
15:41:12.563 [FXGL Background Thread 3 ] DEBUG Engine               - appIcon: fxgl_icon.png
15:41:12.563 [FXGL Background Thread 3 ] DEBUG Engine               - applicationMode: DEVELOPER
15:41:12.563 [FXGL Background Thread 3 ] DEBUG Engine               - cSSList: [fxgl_dark.css]
15:41:12.563 [FXGL Background Thread 3 ] DEBUG Engine               - collisionDetectionStrategy: BRUTE_FORCE
15:41:12.563 [FXGL Background Thread 3 ] DEBUG Engine               - configClass: Optional.empty
15:41:12.563 [FXGL Background Thread 3 ] DEBUG Engine               - credits: []
15:41:12.564 [FXGL Background Thread 3 ] DEBUG Engine               - defaultCursor: CursorInfo(imageName=fxgl_default_cursor.png, hotspotX=7.0, hotspotY=6.0)
15:41:12.564 [FXGL Background Thread 3 ] DEBUG Engine               - devBBoxColorProperty: ObjectProperty [value: 0xff0000ff]
15:41:12.564 [FXGL Background Thread 3 ] DEBUG Engine               - devEnableDebugCameraProperty: BooleanProperty [value: false]
15:41:12.564 [FXGL Background Thread 3 ] DEBUG Engine               - devSensorColorProperty: ObjectProperty [value: 0xffff00ff]
15:41:12.564 [FXGL Background Thread 3 ] DEBUG Engine               - devShowBBoxProperty: BooleanProperty [value: false]
15:41:12.564 [FXGL Background Thread 3 ] DEBUG Engine               - devShowPositionProperty: BooleanProperty [value: false]
15:41:12.564 [FXGL Background Thread 3 ] DEBUG Engine               - enabledMenuItems: []
15:41:12.564 [FXGL Background Thread 3 ] DEBUG Engine               - engineServices: [class com.almasb.fxgl.app.services.FXGLAssetLoaderService, class com.almasb.fxgl.app.FXGLApplication$GameApplicationService, class com.almasb.fxgl.app.services.FXGLDialogService, class com.almasb.fxgl.app.services.IOTaskExecutorService, class com.almasb.fxgl.io.FileSystemService, class com.almasb.fxgl.localization.LocalizationService, class com.almasb.fxgl.app.services.SystemBundleService, class com.almasb.fxgl.profile.SaveLoadService, class com.almasb.fxgl.ui.FXGLUIFactoryServiceProvider, class com.almasb.fxgl.ui.FXGLDialogFactoryServiceProvider, class com.almasb.fxgl.audio.AudioPlayer, class com.almasb.fxgl.notification.impl.NotificationServiceProvider, class com.almasb.fxgl.achievement.AchievementService, class com.almasb.fxgl.cutscene.CutsceneService, class com.almasb.fxgl.minigames.MiniGameService, class com.almasb.fxgl.net.NetService, class com.almasb.fxgl.app.services.UpdaterService, class com.almasb.fxgl.dev.DevService]
15:41:12.564 [FXGL Background Thread 3 ] DEBUG Engine               - fontGame: Abel-Regular.ttf
15:41:12.564 [FXGL Background Thread 3 ] DEBUG Engine               - fontMono: TerminalLandMono-Regular.otf
15:41:12.564 [FXGL Background Thread 3 ] DEBUG Engine               - fontText: Courier-Prime.ttf
15:41:12.564 [FXGL Background Thread 3 ] DEBUG Engine               - fontUI: VarelaRound-Regular.ttf
15:41:12.565 [FXGL Background Thread 3 ] DEBUG Engine               - fullScreen: BooleanProperty [value: false]
15:41:12.565 [FXGL Background Thread 3 ] DEBUG Engine               - gameDifficulty: MEDIUM
15:41:12.565 [FXGL Background Thread 3 ] DEBUG Engine               - gameDifficultyProperty: ObjectProperty [value: MEDIUM]
15:41:12.565 [FXGL Background Thread 3 ] DEBUG Engine               - globalMusicVolume: 0.5
15:41:12.565 [FXGL Background Thread 3 ] DEBUG Engine               - globalMusicVolumeProperty: DoubleProperty [value: 0.5]
15:41:12.565 [FXGL Background Thread 3 ] DEBUG Engine               - globalSoundVolume: 0.5
15:41:12.565 [FXGL Background Thread 3 ] DEBUG Engine               - globalSoundVolumeProperty: DoubleProperty [value: 0.5]
15:41:12.565 [FXGL Background Thread 3 ] DEBUG Engine               - height: 1080
15:41:12.566 [FXGL Background Thread 3 ] DEBUG Engine               - is3D: false
15:41:12.566 [FXGL Background Thread 3 ] DEBUG Engine               - isAndroid: false
15:41:12.566 [FXGL Background Thread 3 ] DEBUG Engine               - isBrowser: false
15:41:12.566 [FXGL Background Thread 3 ] DEBUG Engine               - isClickFeedbackEnabled: false
15:41:12.566 [FXGL Background Thread 3 ] DEBUG Engine               - isCloseConfirmation: false
15:41:12.566 [FXGL Background Thread 3 ] DEBUG Engine               - isDesktop: true
15:41:12.566 [FXGL Background Thread 3 ] DEBUG Engine               - isDeveloperMenuEnabled: false
15:41:12.566 [FXGL Background Thread 3 ] DEBUG Engine               - isEmbedded: false
15:41:12.566 [FXGL Background Thread 3 ] DEBUG Engine               - isEntityPreloadEnabled: true
15:41:12.566 [FXGL Background Thread 3 ] DEBUG Engine               - isExperimentalTiledLargeMap: false
15:41:12.566 [FXGL Background Thread 3 ] DEBUG Engine               - isFileSystemWriteAllowed: true
15:41:12.566 [FXGL Background Thread 3 ] DEBUG Engine               - isFullScreenAllowed: false
15:41:12.566 [FXGL Background Thread 3 ] DEBUG Engine               - isFullScreenFromStart: false
15:41:12.566 [FXGL Background Thread 3 ] DEBUG Engine               - isGameMenuEnabled: true
15:41:12.566 [FXGL Background Thread 3 ] DEBUG Engine               - isIOS: false
15:41:12.566 [FXGL Background Thread 3 ] DEBUG Engine               - isIntroEnabled: false
15:41:12.566 [FXGL Background Thread 3 ] DEBUG Engine               - isLinux: false
15:41:12.566 [FXGL Background Thread 3 ] DEBUG Engine               - isMac: false
15:41:12.566 [FXGL Background Thread 3 ] DEBUG Engine               - isMainMenuEnabled: false
15:41:12.566 [FXGL Background Thread 3 ] DEBUG Engine               - isManualResizeEnabled: false
15:41:12.567 [FXGL Background Thread 3 ] DEBUG Engine               - isMobile: false
15:41:12.567 [FXGL Background Thread 3 ] DEBUG Engine               - isNative: false
15:41:12.567 [FXGL Background Thread 3 ] DEBUG Engine               - isPauseMusicWhenMinimized: true
15:41:12.567 [FXGL Background Thread 3 ] DEBUG Engine               - isPreserveResizeRatio: false
15:41:12.567 [FXGL Background Thread 3 ] DEBUG Engine               - isProfilingEnabled: false
15:41:12.567 [FXGL Background Thread 3 ] DEBUG Engine               - isScaleAffectedOnResize: true
15:41:12.567 [FXGL Background Thread 3 ] DEBUG Engine               - isSingleStep: false
15:41:12.567 [FXGL Background Thread 3 ] DEBUG Engine               - isUserProfileEnabled: false
15:41:12.567 [FXGL Background Thread 3 ] DEBUG Engine               - isWindows: true
15:41:12.567 [FXGL Background Thread 3 ] DEBUG Engine               - language: ObjectProperty [value: ENGLISH]
15:41:12.567 [FXGL Background Thread 3 ] DEBUG Engine               - menuKey: ESCAPE
15:41:12.567 [FXGL Background Thread 3 ] DEBUG Engine               - mouseSensitivity: 0.2
15:41:12.567 [FXGL Background Thread 3 ] DEBUG Engine               - notificationViewClass: class com.almasb.fxgl.notification.view.XboxNotificationView
15:41:12.567 [FXGL Background Thread 3 ] DEBUG Engine               - pixelsPerMeter: 50.0
15:41:12.567 [FXGL Background Thread 3 ] DEBUG Engine               - platform: WINDOWS
15:41:12.567 [FXGL Background Thread 3 ] DEBUG Engine               - prefHeightProperty: ReadOnlyDoubleProperty [value: 1080.0]
15:41:12.567 [FXGL Background Thread 3 ] DEBUG Engine               - prefWidthProperty: ReadOnlyDoubleProperty [value: 1920.0]
15:41:12.567 [FXGL Background Thread 3 ] DEBUG Engine               - profileDir: profiles/
15:41:12.567 [FXGL Background Thread 3 ] DEBUG Engine               - profileName: StringProperty [value: DEFAULT]
15:41:12.567 [FXGL Background Thread 3 ] DEBUG Engine               - randomSeed: -1
15:41:12.568 [FXGL Background Thread 3 ] DEBUG Engine               - runtimeInfo: RuntimeInfo(platform=WINDOWS, version=17.2, build=20.08.2022 16.50)
15:41:12.568 [FXGL Background Thread 3 ] DEBUG Engine               - saveFileExt: sav
15:41:12.568 [FXGL Background Thread 3 ] DEBUG Engine               - scaledHeightProp$fxgl: DoubleProperty [bound, value: 1031.0]
15:41:12.568 [FXGL Background Thread 3 ] DEBUG Engine               - scaledWidthProp$fxgl: DoubleProperty [bound, value: 1809.0]
15:41:12.568 [FXGL Background Thread 3 ] DEBUG Engine               - sceneFactory: com.almasb.fxgl.app.scene.SceneFactory@57ab88b6
15:41:12.568 [FXGL Background Thread 3 ] DEBUG Engine               - secondsIn24h: 60
15:41:12.568 [FXGL Background Thread 3 ] DEBUG Engine               - soundMenuBack: menu/back.wav
15:41:12.568 [FXGL Background Thread 3 ] DEBUG Engine               - soundMenuPress: menu/press.wav
15:41:12.568 [FXGL Background Thread 3 ] DEBUG Engine               - soundMenuSelect: menu/select.wav
15:41:12.568 [FXGL Background Thread 3 ] DEBUG Engine               - soundNotification: core/notification.wav
15:41:12.568 [FXGL Background Thread 3 ] DEBUG Engine               - stageStyle: DECORATED
15:41:12.568 [FXGL Background Thread 3 ] DEBUG Engine               - supportedLanguages: [ENGLISH, FRENCH, GERMAN, HUNGARIAN, RUSSIAN]
15:41:12.568 [FXGL Background Thread 3 ] DEBUG Engine               - ticksPerSecond: -1
15:41:12.568 [FXGL Background Thread 3 ] DEBUG Engine               - title: Geometry Wars
15:41:12.568 [FXGL Background Thread 3 ] DEBUG Engine               - urlGithub: https://github.com/AlmasB/FXGL
15:41:12.568 [FXGL Background Thread 3 ] DEBUG Engine               - urlLeaderboard: http://fxgl-top.herokuapp.com/
15:41:12.568 [FXGL Background Thread 3 ] DEBUG Engine               - urlPOM: https://raw.githubusercontent.com/AlmasB/FXGL/release/README.md
15:41:12.568 [FXGL Background Thread 3 ] DEBUG Engine               - userAppClass: class com.example.demo1.GeoWarsApp
15:41:12.568 [FXGL Background Thread 3 ] DEBUG Engine               - version: 0.0
15:41:12.568 [FXGL Background Thread 3 ] DEBUG Engine               - versionCheckDays: 7
15:41:12.568 [FXGL Background Thread 3 ] DEBUG Engine               - width: 1920
15:41:12.568 [FXGL Background Thread 3 ] DEBUG Engine               - Logging services
15:41:12.569 [FXGL Background Thread 3 ] DEBUG Engine               - class com.almasb.fxgl.app.services.FXGLAssetLoaderService
15:41:12.569 [FXGL Background Thread 3 ] DEBUG Engine               - class com.almasb.fxgl.app.FXGLApplication$GameApplicationService
15:41:12.569 [FXGL Background Thread 3 ] DEBUG Engine               - class com.almasb.fxgl.app.services.FXGLDialogService
15:41:12.569 [FXGL Background Thread 3 ] DEBUG Engine               - class com.almasb.fxgl.app.services.IOTaskExecutorService
15:41:12.569 [FXGL Background Thread 3 ] DEBUG Engine               - class com.almasb.fxgl.io.FileSystemService
15:41:12.569 [FXGL Background Thread 3 ] DEBUG Engine               - class com.almasb.fxgl.localization.LocalizationService
15:41:12.569 [FXGL Background Thread 3 ] DEBUG Engine               - class com.almasb.fxgl.app.services.SystemBundleService
15:41:12.569 [FXGL Background Thread 3 ] DEBUG Engine               - class com.almasb.fxgl.profile.SaveLoadService
15:41:12.569 [FXGL Background Thread 3 ] DEBUG Engine               - class com.almasb.fxgl.ui.FXGLUIFactoryServiceProvider
15:41:12.569 [FXGL Background Thread 3 ] DEBUG Engine               - class com.almasb.fxgl.ui.FXGLDialogFactoryServiceProvider
15:41:12.569 [FXGL Background Thread 3 ] DEBUG Engine               - class com.almasb.fxgl.audio.AudioPlayer
15:41:12.569 [FXGL Background Thread 3 ] DEBUG Engine               - class com.almasb.fxgl.notification.impl.NotificationServiceProvider
15:41:12.569 [FXGL Background Thread 3 ] DEBUG Engine               - class com.almasb.fxgl.achievement.AchievementService
15:41:12.569 [FXGL Background Thread 3 ] DEBUG Engine               - class com.almasb.fxgl.cutscene.CutsceneService
15:41:12.569 [FXGL Background Thread 3 ] DEBUG Engine               - class com.almasb.fxgl.minigames.MiniGameService
15:41:12.569 [FXGL Background Thread 3 ] DEBUG Engine               - class com.almasb.fxgl.net.NetService
15:41:12.569 [FXGL Background Thread 3 ] DEBUG Engine               - class com.almasb.fxgl.app.services.UpdaterService
15:41:12.569 [FXGL Background Thread 3 ] DEBUG Engine               - class com.almasb.fxgl.dev.DevService
15:41:23.303 [JavaFX Application Thread] DEBUG FXGLApplication      - Exiting FXGL
15:41:23.303 [JavaFX Application Thread] DEBUG LoopRunner           - Stopping loop
15:41:23.303 [JavaFX Application Thread] DEBUG SystemBundleService  - Saving FXGL system data
15:41:23.304 [JavaFX Application Thread] DEBUG FileSystemAccess     - Writing to: C:\Users\ASUS\OneDrive\Máy tính\doan\demo1\system\fxgl.bundle
15:41:23.306 [JavaFX Application Thread] DEBUG Async                - Shutting down background threads
15:41:23.306 [JavaFX Application Thread] DEBUG PrimaryStageWindow   - Closing main window
15:41:23.320 [JavaFX Application Thread] DEBUG Logger               - Closing Logger
