16:01:16.687 [AWT-EventQueue-0         ] DEBUG Logger               - Configured Logger
16:01:16.693 [AWT-EventQueue-0         ] DEBUG GameApplication      - Logging settings
Title: Geometry Wars
Version: 0.0
Width: 1920
Height: 1080
Fullscreen: false
Intro: false
Profiling: false
Single step:false
App Mode: DEVELOPER
Menu Key: ESCAPE
Stage Style: DECORATED
Scene Factory: class com.almasb.fxgl.app.scene.SceneFactory

16:01:16.714 [AWT-EventQueue-0         ] DEBUG FXGLApplication      - Initializing FXGL
16:01:16.716 [AWT-EventQueue-0         ] INFO  Engine               - FXGL-17.2 (20.08.2022 16.50) on WINDOWS (J:20 FX:20-ea)
16:01:16.716 [AWT-EventQueue-0         ] DEBUG Engine               - JRE Vendor Name: Oracle Corporation
16:01:16.717 [AWT-EventQueue-0         ] DEBUG Engine               - Running on OS: Windows 11 version 10.0
16:01:16.717 [AWT-EventQueue-0         ] DEBUG Engine               - Architecture: amd64
16:01:16.717 [AWT-EventQueue-0         ] INFO  Engine               - Source code and latest versions at: https://github.com/AlmasB/FXGL
16:01:16.717 [AWT-EventQueue-0         ] INFO  Engine               -       Ask questions and discuss at: https://github.com/AlmasB/FXGL/discussions
16:01:16.717 [AWT-EventQueue-0         ] INFO  Engine               -              Join the FXGL chat at: https://gitter.im/AlmasB/FXGL
16:01:16.760 [AWT-EventQueue-0         ] DEBUG EmbeddedPaneWindow   - Target settings size: 1920.0 x 1080.0
16:01:16.760 [AWT-EventQueue-0         ] DEBUG EmbeddedPaneWindow   - Scaled scene size:    1920.0 x 1080.0
16:01:16.760 [AWT-EventQueue-0         ] DEBUG EmbeddedPaneWindow   - Scaled ratio: (1.0, 1.0)
16:01:16.762 [AWT-EventQueue-0         ] DEBUG EmbeddedPaneWindow   - Set initial scene to FXGLStartupScene
16:01:16.762 [AWT-EventQueue-0         ] DEBUG EmbeddedPaneWindow   - Opening embedded window
16:01:16.763 [AWT-EventQueue-0         ] DEBUG EmbeddedPaneWindow   - Window border size: (0, 0)
16:01:16.763 [AWT-EventQueue-0         ] DEBUG EmbeddedPaneWindow   - Scaled size: 1920.0 x 1080.0
16:01:16.763 [AWT-EventQueue-0         ] DEBUG EmbeddedPaneWindow   - Scaled ratio: (1.0, 1.0)
16:01:16.767 [FXGL Background Thread 1 ] DEBUG Engine               - Initializing environment variables
16:01:16.811 [FXGL Background Thread 1 ] DEBUG FXGLAssetLoaderServi - User app class for loading assets: class com.example.demo1.GeoWarsApp
16:01:16.811 [FXGL Background Thread 1 ] DEBUG GameApplicationServi - Applying CSS: fxgl_dark.css
16:01:16.812 [FXGL Background Thread 1 ] DEBUG FXGLAssetLoaderServi - Loading from file system: jar:file:///C:/Users/ASUS/.m2/repository/com/github/almasb/fxgl/17.2/fxgl-17.2.jar!/fxglassets/ui/css/fxgl_dark.css
16:01:16.812 [FXGL Background Thread 1 ] DEBUG GameApplicationServi - Initializing application scenes
16:01:16.838 [FXGL Background Thread 1 ] DEBUG GameWorld            - Game world initialized
16:01:16.894 [FXGL Background Thread 1 ] DEBUG PhysicsWorld         - Physics world initialized: appHeight=1080, physics.ppm=50.0
16:01:16.894 [FXGL Background Thread 1 ] DEBUG PhysicsWorld         - Using strategy: BRUTE_FORCE
16:01:16.901 [FXGL Background Thread 1 ] DEBUG GameScene            - Game scene initialized: 1920x1080
16:01:16.928 [FXGL Background Thread 1 ] DEBUG FXGL.DefaultMenu     - createMenuBodyGameMenu()
16:01:16.955 [FXGL Background Thread 1 ] DEBUG FXGL.DefaultMenu     - createOptionsMenu()
16:01:16.969 [FXGL Background Thread 1 ] DEBUG FXGLAssetLoaderServi - Loading from file system: jar:file:///C:/Users/ASUS/.m2/repository/com/github/almasb/fxgl/17.2/fxgl-17.2.jar!/fxglassets/textures/particles/smoke.png
16:01:17.034 [FXGL Background Thread 1 ] DEBUG FXGLAssetLoaderServi - Loading from file system: jar:file:///C:/Users/ASUS/.m2/repository/com/github/almasb/fxgl/17.2/fxgl-17.2.jar!/fxglassets/textures/particles/trace_horizontal.png
16:01:17.069 [FXGL Background Thread 1 ] DEBUG GameApplicationServi - Application scenes initialized
16:01:17.081 [FXGL Background Thread 1 ] DEBUG SystemBundleService  - Loading FXGL system data
16:01:17.082 [FXGL Background Thread 1 ] DEBUG FileSystemAccess     - Reading from: C:\Users\ASUS\OneDrive\Máy tính\doan\demo1\system\fxgl.bundle
16:01:17.086 [FXGL Background Thread 1 ] DEBUG SystemBundleService  - Bundle FXGL: {}
16:01:17.086 [FXGL Background Thread 1 ] DEBUG UpdaterService       - Checking for updates
16:01:17.089 [FXGL Background Thread 4 ] DEBUG FXGLApplication      - Loading fonts
16:01:17.090 [FXGL Background Thread 1 ] DEBUG FXGLApplication      - Loading default localization
16:01:17.090 [FXGL Background Thread 4 ] DEBUG FXGLAssetLoaderServi - Loading from file system: jar:file:///C:/Users/ASUS/.m2/repository/com/github/almasb/fxgl/17.2/fxgl-17.2.jar!/fxglassets/ui/fonts/VarelaRound-Regular.ttf
16:01:17.090 [FXGL Background Thread 1 ] DEBUG FXGLAssetLoaderServi - Loading from file system: jar:file:///C:/Users/ASUS/.m2/repository/com/github/almasb/fxgl/17.2/fxgl-17.2.jar!/fxglassets/languages/english.lang
16:01:17.098 [FXGL Background Thread 4 ] DEBUG FXGLAssetLoaderServi - Loading from file system: jar:file:///C:/Users/ASUS/.m2/repository/com/github/almasb/fxgl/17.2/fxgl-17.2.jar!/fxglassets/ui/fonts/Abel-Regular.ttf
16:01:17.101 [FXGL Background Thread 4 ] DEBUG FXGLAssetLoaderServi - Loading from file system: jar:file:///C:/Users/ASUS/.m2/repository/com/github/almasb/fxgl/17.2/fxgl-17.2.jar!/fxglassets/ui/fonts/TerminalLandMono-Regular.otf
16:01:17.105 [FXGL Background Thread 4 ] DEBUG FXGLAssetLoaderServi - Loading from file system: jar:file:///C:/Users/ASUS/.m2/repository/com/github/almasb/fxgl/17.2/fxgl-17.2.jar!/fxglassets/ui/fonts/Courier-Prime.ttf
16:01:17.106 [FXGL Background Thread 1 ] INFO  FXGLApplication      - FXGL initialization took: 0.338 sec
16:01:17.107 [JavaFX Application Thread] DEBUG FXGLAssetLoaderServi - Loading from file system: jar:file:///C:/Users/ASUS/.m2/repository/com/github/almasb/fxgl/17.2/fxgl-17.2.jar!/fxglassets/textures/fxgl_icon.png
16:01:17.118 [JavaFX Application Thread] DEBUG FXGLAssetLoaderServi - Loading from file system: jar:file:///C:/Users/ASUS/.m2/repository/com/github/almasb/fxgl/17.2/fxgl-17.2.jar!/fxglassets/textures/fxgl_default_cursor.png
16:01:17.131 [JavaFX Application Thread] DEBUG Input                - Registered new binding: Screenshot - CTRL+8
16:01:17.131 [JavaFX Application Thread] DEBUG Input                - Registered new binding: System info dump - CTRL+9
16:01:17.132 [JavaFX Application Thread] DEBUG Input                - Registered new binding: Restart - CTRL+R
16:01:17.132 [JavaFX Application Thread] DEBUG Input                - Registered new binding: Toggle Debug Camera - CTRL+7
16:01:17.133 [JavaFX Application Thread] DEBUG LoopRunner           - Starting loop
16:01:17.133 [JavaFX Application Thread] DEBUG LoopRunner           - Initializing JavaFX AnimationTimerLoop
16:01:17.134 [JavaFX Application Thread] DEBUG GameApplicationServi - Starting new game
16:01:17.135 [JavaFX Application Thread] DEBUG Input                - Clearing active input actions
16:01:17.138 [JavaFX Application Thread] DEBUG GameApplicationServi - Removing overlay from FXGLStartupScene and adding to FXGLLoadingScene
16:01:17.138 [JavaFX Application Thread] DEBUG EmbeddedPaneWindow   - FXGLStartupScene -> FXGLLoadingScene
16:01:17.138 [JavaFX Application Thread] DEBUG GameApplicationServi - Clearing previous game
16:01:17.138 [JavaFX Application Thread] DEBUG GameScene            - Clearing game scene
16:01:17.138 [JavaFX Application Thread] DEBUG GameWorld            - Clearing game world
16:01:17.138 [JavaFX Application Thread] DEBUG PhysicsWorld         - Clearing physics world
16:01:17.145 [FXGL Background Thread 4 ] DEBUG FXGLApplication      - Initializing game
16:01:17.145 [JavaFX Application Thread] DEBUG FXGLApplication      - Registering font factories with UI factory
16:01:17.194 [FXGL Background Thread 4 ] WARN  TMXLevelLoader       - TiledMap generated from 1.10.1. Supported version: 1.9.0. Some features may not be parsed fully.
16:01:17.219 [FXGL Background Thread 4 ] DEBUG TMXLevelLoader       - Parsed TiledMap: file:/C:/Users/ASUS/OneDrive/Máy%20tính/doan/demo1/target/classes/assets/levels/map3.tmx
16:01:17.220 [FXGL Background Thread 4 ] DEBUG TMXLevelLoader       - Creating tile layer entities
16:01:17.221 [FXGL Background Thread 4 ] DEBUG TilesetLoader        - Loading view for layer Tile Layer 1
16:01:17.248 [FXGL Background Thread 4 ] DEBUG TilesetLoader        - Created buffer with size 10260.0x1080.0
16:01:17.448 [FXGL Background Thread 4 ] DEBUG TMXLevelLoader       - Creating object layer entities
16:01:17.486 [FXGL Background Thread 4 ] DEBUG GameWorld            - Clearing removable entities
16:01:17.487 [FXGL Background Thread 4 ] DEBUG GameWorld            - Setting level: com.almasb.fxgl.entity.level.Level@3c5d8831
16:01:17.507 [FXGL Background Thread 4 ] DEBUG FXGLAssetLoaderServi - Loading from file system: file:/C:/Users/ASUS/OneDrive/Máy%20tính/doan/demo1/target/classes/assets/textures/lava.gif
16:01:17.643 [FXGL Background Thread 2 ] INFO  UpdaterService       - Your current version:  17.2
16:01:17.644 [FXGL Background Thread 2 ] INFO  UpdaterService       - Latest stable version: 17.3
16:01:17.777 [FXGL Background Thread 4 ] WARN  GameWorld            - Entity is already attached to world
16:01:17.781 [FXGL Background Thread 4 ] WARN  GameWorld            - Entity is already attached to world
16:01:17.785 [FXGL Background Thread 4 ] WARN  GameWorld            - Entity is already attached to world
16:01:17.788 [FXGL Background Thread 4 ] WARN  GameWorld            - Entity is already attached to world
16:01:17.789 [FXGL Background Thread 4 ] WARN  GameWorld            - Entity is already attached to world
16:01:17.791 [FXGL Background Thread 4 ] WARN  GameWorld            - Entity is already attached to world
16:01:17.793 [FXGL Background Thread 4 ] WARN  GameWorld            - Entity is already attached to world
16:01:17.793 [FXGL Background Thread 4 ] WARN  GameWorld            - Entity is already attached to world
16:01:17.795 [FXGL Background Thread 4 ] WARN  GameWorld            - Entity is already attached to world
16:01:17.796 [FXGL Background Thread 4 ] WARN  GameWorld            - Entity is already attached to world
16:01:17.798 [FXGL Background Thread 4 ] WARN  GameWorld            - Entity is already attached to world
16:01:17.799 [FXGL Background Thread 4 ] WARN  GameWorld            - Entity is already attached to world
16:01:17.800 [FXGL Background Thread 4 ] WARN  GameWorld            - Entity is already attached to world
16:01:17.801 [FXGL Background Thread 4 ] WARN  GameWorld            - Entity is already attached to world
16:01:17.804 [FXGL Background Thread 4 ] WARN  GameWorld            - Entity is already attached to world
16:01:17.806 [FXGL Background Thread 4 ] WARN  GameWorld            - Entity is already attached to world
16:01:17.807 [FXGL Background Thread 4 ] WARN  GameWorld            - Entity is already attached to world
16:01:17.809 [FXGL Background Thread 4 ] WARN  GameWorld            - Entity is already attached to world
16:01:17.810 [FXGL Background Thread 4 ] WARN  GameWorld            - Entity is already attached to world
16:01:17.810 [FXGL Background Thread 4 ] WARN  GameWorld            - Entity is already attached to world
16:01:17.811 [FXGL Background Thread 4 ] WARN  GameWorld            - Entity is already attached to world
16:01:17.811 [FXGL Background Thread 4 ] WARN  GameWorld            - Entity is already attached to world
16:01:17.812 [FXGL Background Thread 4 ] WARN  GameWorld            - Entity is already attached to world
16:01:17.812 [FXGL Background Thread 4 ] WARN  GameWorld            - Entity is already attached to world
16:01:17.813 [FXGL Background Thread 4 ] WARN  GameWorld            - Entity is already attached to world
16:01:17.813 [FXGL Background Thread 4 ] WARN  GameWorld            - Entity is already attached to world
16:01:17.814 [FXGL Background Thread 4 ] WARN  GameWorld            - Entity is already attached to world
16:01:17.814 [FXGL Background Thread 4 ] WARN  GameWorld            - Entity is already attached to world
16:01:17.815 [FXGL Background Thread 4 ] WARN  GameWorld            - Entity is already attached to world
16:01:17.815 [FXGL Background Thread 4 ] WARN  GameWorld            - Entity is already attached to world
16:01:17.816 [FXGL Background Thread 4 ] WARN  GameWorld            - Entity is already attached to world
16:01:17.817 [FXGL Background Thread 4 ] WARN  GameWorld            - Entity is already attached to world
16:01:17.818 [FXGL Background Thread 4 ] WARN  GameWorld            - Entity is already attached to world
16:01:17.818 [FXGL Background Thread 4 ] WARN  GameWorld            - Entity is already attached to world
16:01:17.819 [FXGL Background Thread 4 ] WARN  GameWorld            - Entity is already attached to world
16:01:17.820 [FXGL Background Thread 4 ] WARN  GameWorld            - Entity is already attached to world
16:01:17.820 [FXGL Background Thread 4 ] WARN  GameWorld            - Entity is already attached to world
16:01:17.821 [FXGL Background Thread 4 ] WARN  GameWorld            - Entity is already attached to world
16:01:17.822 [FXGL Background Thread 4 ] WARN  GameWorld            - Entity is already attached to world
16:01:17.823 [FXGL Background Thread 4 ] WARN  GameWorld            - Entity is already attached to world
16:01:17.824 [FXGL Background Thread 4 ] WARN  GameWorld            - Entity is already attached to world
16:01:17.826 [FXGL Background Thread 4 ] WARN  GameWorld            - Entity is already attached to world
16:01:17.827 [FXGL Background Thread 4 ] WARN  GameWorld            - Entity is already attached to world
16:01:17.828 [FXGL Background Thread 4 ] WARN  GameWorld            - Entity is already attached to world
16:01:17.828 [FXGL Background Thread 4 ] WARN  GameWorld            - Entity is already attached to world
16:01:17.830 [FXGL Background Thread 4 ] WARN  GameWorld            - Entity is already attached to world
16:01:17.830 [FXGL Background Thread 4 ] WARN  GameWorld            - Entity is already attached to world
16:01:17.831 [FXGL Background Thread 4 ] WARN  GameWorld            - Entity is already attached to world
16:01:17.832 [FXGL Background Thread 4 ] WARN  GameWorld            - Entity is already attached to world
16:01:17.833 [FXGL Background Thread 4 ] WARN  GameWorld            - Entity is already attached to world
16:01:17.834 [FXGL Background Thread 4 ] DEBUG FXGLAssetLoaderServi - Loading from file system: file:/C:/Users/ASUS/OneDrive/Máy%20tính/doan/demo1/target/classes/assets/textures/start.gif
16:01:17.923 [FXGL Background Thread 4 ] WARN  GameWorld            - Entity is already attached to world
16:01:17.928 [FXGL Background Thread 4 ] DEBUG FXGLAssetLoaderServi - Loading from file system: file:/C:/Users/ASUS/OneDrive/Máy%20tính/doan/demo1/target/classes/assets/textures/car1.png
16:01:17.937 [FXGL Background Thread 4 ] WARN  GameWorld            - Entity is already attached to world
16:01:17.939 [FXGL Background Thread 4 ] DEBUG FXGLAssetLoaderServi - Loading from file system: file:/C:/Users/ASUS/OneDrive/Máy%20tính/doan/demo1/target/classes/assets/textures/car2.png
16:01:17.942 [FXGL Background Thread 4 ] WARN  GameWorld            - Entity is already attached to world
16:01:17.943 [FXGL Background Thread 4 ] DEBUG FXGLAssetLoaderServi - Loading from file system: file:/C:/Users/ASUS/OneDrive/Máy%20tính/doan/demo1/target/classes/assets/textures/car3.png
16:01:17.945 [FXGL Background Thread 4 ] WARN  GameWorld            - Entity is already attached to world
16:01:17.947 [FXGL Background Thread 4 ] INFO  FXGLApplication      - Game initialization took: 0.802 sec
16:01:17.950 [JavaFX Application Thread] DEBUG Input                - Clearing active input actions
16:01:17.953 [JavaFX Application Thread] DEBUG GameApplicationServi - Removing overlay from FXGLLoadingScene and adding to GameScene
16:01:17.953 [JavaFX Application Thread] DEBUG EmbeddedPaneWindow   - FXGLLoadingScene -> GameScene
16:01:20.089 [FXGL Background Thread 3 ] DEBUG Engine               - Logging environment variables
16:01:20.089 [FXGL Background Thread 3 ] DEBUG Engine               - achievements: []
16:01:20.089 [FXGL Background Thread 3 ] DEBUG Engine               - actualHeight: 1080.0
16:01:20.089 [FXGL Background Thread 3 ] DEBUG Engine               - actualHeightProperty: ReadOnlyDoubleProperty [value: 1080.0]
16:01:20.089 [FXGL Background Thread 3 ] DEBUG Engine               - actualWidth: 1920.0
16:01:20.089 [FXGL Background Thread 3 ] DEBUG Engine               - actualWidthProperty: ReadOnlyDoubleProperty [value: 1920.0]
16:01:20.089 [FXGL Background Thread 3 ] DEBUG Engine               - appIcon: fxgl_icon.png
16:01:20.089 [FXGL Background Thread 3 ] DEBUG Engine               - applicationMode: DEVELOPER
16:01:20.089 [FXGL Background Thread 3 ] DEBUG Engine               - cSSList: [fxgl_dark.css]
16:01:20.089 [FXGL Background Thread 3 ] DEBUG Engine               - collisionDetectionStrategy: BRUTE_FORCE
16:01:20.089 [FXGL Background Thread 3 ] DEBUG Engine               - configClass: Optional.empty
16:01:20.089 [FXGL Background Thread 3 ] DEBUG Engine               - credits: []
16:01:20.089 [FXGL Background Thread 3 ] DEBUG Engine               - defaultCursor: CursorInfo(imageName=fxgl_default_cursor.png, hotspotX=7.0, hotspotY=6.0)
16:01:20.090 [FXGL Background Thread 3 ] DEBUG Engine               - devBBoxColorProperty: ObjectProperty [value: 0xff0000ff]
16:01:20.090 [FXGL Background Thread 3 ] DEBUG Engine               - devEnableDebugCameraProperty: BooleanProperty [value: false]
16:01:20.090 [FXGL Background Thread 3 ] DEBUG Engine               - devSensorColorProperty: ObjectProperty [value: 0xffff00ff]
16:01:20.090 [FXGL Background Thread 3 ] DEBUG Engine               - devShowBBoxProperty: BooleanProperty [value: false]
16:01:20.090 [FXGL Background Thread 3 ] DEBUG Engine               - devShowPositionProperty: BooleanProperty [value: false]
16:01:20.090 [FXGL Background Thread 3 ] DEBUG Engine               - enabledMenuItems: []
16:01:20.090 [FXGL Background Thread 3 ] DEBUG Engine               - engineServices: [class com.almasb.fxgl.app.services.FXGLAssetLoaderService, class com.almasb.fxgl.app.FXGLApplication$GameApplicationService, class com.almasb.fxgl.app.services.FXGLDialogService, class com.almasb.fxgl.app.services.IOTaskExecutorService, class com.almasb.fxgl.io.FileSystemService, class com.almasb.fxgl.localization.LocalizationService, class com.almasb.fxgl.app.services.SystemBundleService, class com.almasb.fxgl.profile.SaveLoadService, class com.almasb.fxgl.ui.FXGLUIFactoryServiceProvider, class com.almasb.fxgl.ui.FXGLDialogFactoryServiceProvider, class com.almasb.fxgl.audio.AudioPlayer, class com.almasb.fxgl.notification.impl.NotificationServiceProvider, class com.almasb.fxgl.achievement.AchievementService, class com.almasb.fxgl.cutscene.CutsceneService, class com.almasb.fxgl.minigames.MiniGameService, class com.almasb.fxgl.net.NetService, class com.almasb.fxgl.app.services.UpdaterService, class com.almasb.fxgl.dev.DevService]
16:01:20.090 [FXGL Background Thread 3 ] DEBUG Engine               - fontGame: Abel-Regular.ttf
16:01:20.090 [FXGL Background Thread 3 ] DEBUG Engine               - fontMono: TerminalLandMono-Regular.otf
16:01:20.090 [FXGL Background Thread 3 ] DEBUG Engine               - fontText: Courier-Prime.ttf
16:01:20.090 [FXGL Background Thread 3 ] DEBUG Engine               - fontUI: VarelaRound-Regular.ttf
16:01:20.090 [FXGL Background Thread 3 ] DEBUG Engine               - fullScreen: BooleanProperty [value: false]
16:01:20.090 [FXGL Background Thread 3 ] DEBUG Engine               - gameDifficulty: MEDIUM
16:01:20.090 [FXGL Background Thread 3 ] DEBUG Engine               - gameDifficultyProperty: ObjectProperty [value: MEDIUM]
16:01:20.090 [FXGL Background Thread 3 ] DEBUG Engine               - globalMusicVolume: 0.5
16:01:20.090 [FXGL Background Thread 3 ] DEBUG Engine               - globalMusicVolumeProperty: DoubleProperty [value: 0.5]
16:01:20.090 [FXGL Background Thread 3 ] DEBUG Engine               - globalSoundVolume: 0.5
16:01:20.090 [FXGL Background Thread 3 ] DEBUG Engine               - globalSoundVolumeProperty: DoubleProperty [value: 0.5]
16:01:20.090 [FXGL Background Thread 3 ] DEBUG Engine               - height: 1080
16:01:20.090 [FXGL Background Thread 3 ] DEBUG Engine               - is3D: false
16:01:20.090 [FXGL Background Thread 3 ] DEBUG Engine               - isAndroid: false
16:01:20.090 [FXGL Background Thread 3 ] DEBUG Engine               - isBrowser: false
16:01:20.090 [FXGL Background Thread 3 ] DEBUG Engine               - isClickFeedbackEnabled: false
16:01:20.090 [FXGL Background Thread 3 ] DEBUG Engine               - isCloseConfirmation: false
16:01:20.090 [FXGL Background Thread 3 ] DEBUG Engine               - isDesktop: true
16:01:20.090 [FXGL Background Thread 3 ] DEBUG Engine               - isDeveloperMenuEnabled: false
16:01:20.090 [FXGL Background Thread 3 ] DEBUG Engine               - isEmbedded: false
16:01:20.090 [FXGL Background Thread 3 ] DEBUG Engine               - isEntityPreloadEnabled: true
16:01:20.090 [FXGL Background Thread 3 ] DEBUG Engine               - isExperimentalTiledLargeMap: false
16:01:20.090 [FXGL Background Thread 3 ] DEBUG Engine               - isFileSystemWriteAllowed: true
16:01:20.090 [FXGL Background Thread 3 ] DEBUG Engine               - isFullScreenAllowed: false
16:01:20.090 [FXGL Background Thread 3 ] DEBUG Engine               - isFullScreenFromStart: false
16:01:20.090 [FXGL Background Thread 3 ] DEBUG Engine               - isGameMenuEnabled: true
16:01:20.090 [FXGL Background Thread 3 ] DEBUG Engine               - isIOS: false
16:01:20.090 [FXGL Background Thread 3 ] DEBUG Engine               - isIntroEnabled: false
16:01:20.090 [FXGL Background Thread 3 ] DEBUG Engine               - isLinux: false
16:01:20.090 [FXGL Background Thread 3 ] DEBUG Engine               - isMac: false
16:01:20.090 [FXGL Background Thread 3 ] DEBUG Engine               - isMainMenuEnabled: false
16:01:20.090 [FXGL Background Thread 3 ] DEBUG Engine               - isManualResizeEnabled: false
16:01:20.090 [FXGL Background Thread 3 ] DEBUG Engine               - isMobile: false
16:01:20.090 [FXGL Background Thread 3 ] DEBUG Engine               - isNative: false
16:01:20.090 [FXGL Background Thread 3 ] DEBUG Engine               - isPauseMusicWhenMinimized: true
16:01:20.091 [FXGL Background Thread 3 ] DEBUG Engine               - isPreserveResizeRatio: false
16:01:20.091 [FXGL Background Thread 3 ] DEBUG Engine               - isProfilingEnabled: false
16:01:20.091 [FXGL Background Thread 3 ] DEBUG Engine               - isScaleAffectedOnResize: true
16:01:20.091 [FXGL Background Thread 3 ] DEBUG Engine               - isSingleStep: false
16:01:20.091 [FXGL Background Thread 3 ] DEBUG Engine               - isUserProfileEnabled: false
16:01:20.091 [FXGL Background Thread 3 ] DEBUG Engine               - isWindows: true
16:01:20.091 [FXGL Background Thread 3 ] DEBUG Engine               - language: ObjectProperty [value: ENGLISH]
16:01:20.091 [FXGL Background Thread 3 ] DEBUG Engine               - menuKey: ESCAPE
16:01:20.091 [FXGL Background Thread 3 ] DEBUG Engine               - mouseSensitivity: 0.2
16:01:20.091 [FXGL Background Thread 3 ] DEBUG Engine               - notificationViewClass: class com.almasb.fxgl.notification.view.XboxNotificationView
16:01:20.091 [FXGL Background Thread 3 ] DEBUG Engine               - pixelsPerMeter: 50.0
16:01:20.091 [FXGL Background Thread 3 ] DEBUG Engine               - platform: WINDOWS
16:01:20.091 [FXGL Background Thread 3 ] DEBUG Engine               - prefHeightProperty: ReadOnlyDoubleProperty [value: 1080.0]
16:01:20.091 [FXGL Background Thread 3 ] DEBUG Engine               - prefWidthProperty: ReadOnlyDoubleProperty [value: 1920.0]
16:01:20.091 [FXGL Background Thread 3 ] DEBUG Engine               - profileDir: profiles/
16:01:20.091 [FXGL Background Thread 3 ] DEBUG Engine               - profileName: StringProperty [value: DEFAULT]
16:01:20.091 [FXGL Background Thread 3 ] DEBUG Engine               - randomSeed: -1
16:01:20.093 [FXGL Background Thread 3 ] DEBUG Engine               - runtimeInfo: RuntimeInfo(platform=WINDOWS, version=17.2, build=20.08.2022 16.50)
16:01:20.093 [FXGL Background Thread 3 ] DEBUG Engine               - saveFileExt: sav
16:01:20.093 [FXGL Background Thread 3 ] DEBUG Engine               - scaledHeightProp$fxgl: DoubleProperty [bound, value: 1080.0]
16:01:20.093 [FXGL Background Thread 3 ] DEBUG Engine               - scaledWidthProp$fxgl: DoubleProperty [bound, value: 1920.0]
16:01:20.093 [FXGL Background Thread 3 ] DEBUG Engine               - sceneFactory: com.almasb.fxgl.app.scene.SceneFactory@3a4f9819
16:01:20.093 [FXGL Background Thread 3 ] DEBUG Engine               - secondsIn24h: 60
16:01:20.093 [FXGL Background Thread 3 ] DEBUG Engine               - soundMenuBack: menu/back.wav
16:01:20.093 [FXGL Background Thread 3 ] DEBUG Engine               - soundMenuPress: menu/press.wav
16:01:20.093 [FXGL Background Thread 3 ] DEBUG Engine               - soundMenuSelect: menu/select.wav
16:01:20.093 [FXGL Background Thread 3 ] DEBUG Engine               - soundNotification: core/notification.wav
16:01:20.093 [FXGL Background Thread 3 ] DEBUG Engine               - stageStyle: DECORATED
16:01:20.093 [FXGL Background Thread 3 ] DEBUG Engine               - supportedLanguages: [ENGLISH, FRENCH, GERMAN, HUNGARIAN, RUSSIAN]
16:01:20.093 [FXGL Background Thread 3 ] DEBUG Engine               - ticksPerSecond: -1
16:01:20.093 [FXGL Background Thread 3 ] DEBUG Engine               - title: Geometry Wars
16:01:20.093 [FXGL Background Thread 3 ] DEBUG Engine               - urlGithub: https://github.com/AlmasB/FXGL
16:01:20.093 [FXGL Background Thread 3 ] DEBUG Engine               - urlLeaderboard: http://fxgl-top.herokuapp.com/
16:01:20.093 [FXGL Background Thread 3 ] DEBUG Engine               - urlPOM: https://raw.githubusercontent.com/AlmasB/FXGL/release/README.md
16:01:20.093 [FXGL Background Thread 3 ] DEBUG Engine               - userAppClass: class com.example.demo1.GeoWarsApp
16:01:20.093 [FXGL Background Thread 3 ] DEBUG Engine               - version: 0.0
16:01:20.093 [FXGL Background Thread 3 ] DEBUG Engine               - versionCheckDays: 7
16:01:20.093 [FXGL Background Thread 3 ] DEBUG Engine               - width: 1920
16:01:20.093 [FXGL Background Thread 3 ] DEBUG Engine               - Logging services
16:01:20.093 [FXGL Background Thread 3 ] DEBUG Engine               - class com.almasb.fxgl.app.services.FXGLAssetLoaderService
16:01:20.093 [FXGL Background Thread 3 ] DEBUG Engine               - class com.almasb.fxgl.app.FXGLApplication$GameApplicationService
16:01:20.093 [FXGL Background Thread 3 ] DEBUG Engine               - class com.almasb.fxgl.app.services.FXGLDialogService
16:01:20.093 [FXGL Background Thread 3 ] DEBUG Engine               - class com.almasb.fxgl.app.services.IOTaskExecutorService
16:01:20.093 [FXGL Background Thread 3 ] DEBUG Engine               - class com.almasb.fxgl.io.FileSystemService
16:01:20.093 [FXGL Background Thread 3 ] DEBUG Engine               - class com.almasb.fxgl.localization.LocalizationService
16:01:20.093 [FXGL Background Thread 3 ] DEBUG Engine               - class com.almasb.fxgl.app.services.SystemBundleService
16:01:20.093 [FXGL Background Thread 3 ] DEBUG Engine               - class com.almasb.fxgl.profile.SaveLoadService
16:01:20.093 [FXGL Background Thread 3 ] DEBUG Engine               - class com.almasb.fxgl.ui.FXGLUIFactoryServiceProvider
16:01:20.093 [FXGL Background Thread 3 ] DEBUG Engine               - class com.almasb.fxgl.ui.FXGLDialogFactoryServiceProvider
16:01:20.093 [FXGL Background Thread 3 ] DEBUG Engine               - class com.almasb.fxgl.audio.AudioPlayer
16:01:20.093 [FXGL Background Thread 3 ] DEBUG Engine               - class com.almasb.fxgl.notification.impl.NotificationServiceProvider
16:01:20.093 [FXGL Background Thread 3 ] DEBUG Engine               - class com.almasb.fxgl.achievement.AchievementService
16:01:20.093 [FXGL Background Thread 3 ] DEBUG Engine               - class com.almasb.fxgl.cutscene.CutsceneService
16:01:20.093 [FXGL Background Thread 3 ] DEBUG Engine               - class com.almasb.fxgl.minigames.MiniGameService
16:01:20.093 [FXGL Background Thread 3 ] DEBUG Engine               - class com.almasb.fxgl.net.NetService
16:01:20.093 [FXGL Background Thread 3 ] DEBUG Engine               - class com.almasb.fxgl.app.services.UpdaterService
16:01:20.093 [FXGL Background Thread 3 ] DEBUG Engine               - class com.almasb.fxgl.dev.DevService
16:01:37.650 [JavaFX Application Thread] DEBUG FXGLAssetLoaderServi - Loading from file system: file:/C:/Users/ASUS/OneDrive/Máy%20tính/doan/demo1/target/classes/assets/textures/gif-flag.gif
16:01:37.708 [JavaFX Application Thread] WARN  GameWorld            - Entity is already attached to world
16:01:38.208 [JavaFX Application Thread] WARN  GameWorld            - Entity is already attached to world
16:01:39.055 [JavaFX Application Thread] WARN  GameWorld            - Entity is already attached to world
16:01:39.599 [JavaFX Application Thread] DEBUG FXGLAssetLoaderServi - Loading from file system: file:/C:/Users/ASUS/OneDrive/Máy%20tính/doan/demo1/target/classes/assets/textures/diwali-sparkles-stars.gif
16:01:39.614 [JavaFX Application Thread] WARN  GameWorld            - Entity is already attached to world
16:01:39.616 [JavaFX Application Thread] WARN  GameWorld            - Entity is already attached to world
16:01:39.617 [JavaFX Application Thread] WARN  GameWorld            - Entity is already attached to world
16:01:39.617 [JavaFX Application Thread] WARN  GameWorld            - Entity is already attached to world
16:01:39.617 [JavaFX Application Thread] WARN  GameWorld            - Entity is already attached to world
16:01:39.619 [JavaFX Application Thread] WARN  GameWorld            - Entity is already attached to world
16:01:39.619 [JavaFX Application Thread] WARN  GameWorld            - Entity is already attached to world
16:01:39.620 [JavaFX Application Thread] WARN  GameWorld            - Entity is already attached to world
16:01:39.620 [JavaFX Application Thread] WARN  GameWorld            - Entity is already attached to world
16:01:39.621 [JavaFX Application Thread] WARN  GameWorld            - Entity is already attached to world
16:01:39.621 [JavaFX Application Thread] WARN  GameWorld            - Entity is already attached to world
16:01:39.622 [JavaFX Application Thread] WARN  GameWorld            - Entity is already attached to world
16:01:39.622 [JavaFX Application Thread] WARN  GameWorld            - Entity is already attached to world
16:01:39.623 [JavaFX Application Thread] WARN  GameWorld            - Entity is already attached to world
16:01:39.623 [JavaFX Application Thread] WARN  GameWorld            - Entity is already attached to world
16:01:39.624 [JavaFX Application Thread] WARN  GameWorld            - Entity is already attached to world
16:01:39.624 [JavaFX Application Thread] WARN  GameWorld            - Entity is already attached to world
16:01:39.624 [JavaFX Application Thread] WARN  GameWorld            - Entity is already attached to world
16:01:39.624 [JavaFX Application Thread] WARN  GameWorld            - Entity is already attached to world
16:01:39.625 [JavaFX Application Thread] WARN  GameWorld            - Entity is already attached to world
16:01:39.625 [JavaFX Application Thread] WARN  GameWorld            - Entity is already attached to world
16:01:39.625 [JavaFX Application Thread] WARN  GameWorld            - Entity is already attached to world
16:01:39.626 [JavaFX Application Thread] WARN  GameWorld            - Entity is already attached to world
16:01:39.626 [JavaFX Application Thread] WARN  GameWorld            - Entity is already attached to world
16:01:39.627 [JavaFX Application Thread] WARN  GameWorld            - Entity is already attached to world
16:01:39.627 [JavaFX Application Thread] WARN  GameWorld            - Entity is already attached to world
16:01:39.627 [JavaFX Application Thread] WARN  GameWorld            - Entity is already attached to world
16:01:39.629 [JavaFX Application Thread] WARN  GameWorld            - Entity is already attached to world
16:01:39.629 [JavaFX Application Thread] WARN  GameWorld            - Entity is already attached to world
16:01:39.629 [JavaFX Application Thread] WARN  GameWorld            - Entity is already attached to world
16:01:39.630 [JavaFX Application Thread] WARN  GameWorld            - Entity is already attached to world
16:01:39.630 [JavaFX Application Thread] WARN  GameWorld            - Entity is already attached to world
16:01:39.630 [JavaFX Application Thread] WARN  GameWorld            - Entity is already attached to world
16:01:39.631 [JavaFX Application Thread] WARN  GameWorld            - Entity is already attached to world
16:01:39.631 [JavaFX Application Thread] WARN  GameWorld            - Entity is already attached to world
16:01:39.631 [JavaFX Application Thread] WARN  GameWorld            - Entity is already attached to world
16:01:39.632 [JavaFX Application Thread] WARN  GameWorld            - Entity is already attached to world
16:01:39.632 [JavaFX Application Thread] WARN  GameWorld            - Entity is already attached to world
16:01:39.632 [JavaFX Application Thread] WARN  GameWorld            - Entity is already attached to world
16:01:39.633 [JavaFX Application Thread] WARN  GameWorld            - Entity is already attached to world
16:01:39.633 [JavaFX Application Thread] WARN  GameWorld            - Entity is already attached to world
16:01:39.633 [JavaFX Application Thread] WARN  GameWorld            - Entity is already attached to world
16:01:39.634 [JavaFX Application Thread] WARN  GameWorld            - Entity is already attached to world
16:01:39.634 [JavaFX Application Thread] WARN  GameWorld            - Entity is already attached to world
16:01:39.635 [JavaFX Application Thread] WARN  GameWorld            - Entity is already attached to world
16:01:39.635 [JavaFX Application Thread] WARN  GameWorld            - Entity is already attached to world
16:01:39.635 [JavaFX Application Thread] WARN  GameWorld            - Entity is already attached to world
16:01:39.636 [JavaFX Application Thread] WARN  GameWorld            - Entity is already attached to world
16:01:39.636 [JavaFX Application Thread] WARN  GameWorld            - Entity is already attached to world
16:01:39.636 [JavaFX Application Thread] WARN  GameWorld            - Entity is already attached to world
16:01:39.637 [JavaFX Application Thread] WARN  GameWorld            - Entity is already attached to world
16:01:39.637 [JavaFX Application Thread] WARN  GameWorld            - Entity is already attached to world
16:01:39.637 [JavaFX Application Thread] WARN  GameWorld            - Entity is already attached to world
16:01:39.638 [JavaFX Application Thread] WARN  GameWorld            - Entity is already attached to world
16:01:39.638 [JavaFX Application Thread] WARN  GameWorld            - Entity is already attached to world
16:01:39.638 [JavaFX Application Thread] WARN  GameWorld            - Entity is already attached to world
16:01:39.638 [JavaFX Application Thread] WARN  GameWorld            - Entity is already attached to world
16:01:39.639 [JavaFX Application Thread] WARN  GameWorld            - Entity is already attached to world
16:01:39.639 [JavaFX Application Thread] WARN  GameWorld            - Entity is already attached to world
16:01:39.639 [JavaFX Application Thread] WARN  GameWorld            - Entity is already attached to world
16:01:39.640 [JavaFX Application Thread] WARN  GameWorld            - Entity is already attached to world
16:01:39.640 [JavaFX Application Thread] WARN  GameWorld            - Entity is already attached to world
16:01:39.640 [JavaFX Application Thread] WARN  GameWorld            - Entity is already attached to world
16:01:39.641 [JavaFX Application Thread] WARN  GameWorld            - Entity is already attached to world
16:01:39.641 [JavaFX Application Thread] WARN  GameWorld            - Entity is already attached to world
16:01:39.641 [JavaFX Application Thread] WARN  GameWorld            - Entity is already attached to world
16:01:39.641 [JavaFX Application Thread] WARN  GameWorld            - Entity is already attached to world
16:01:39.642 [JavaFX Application Thread] WARN  GameWorld            - Entity is already attached to world
16:01:39.642 [JavaFX Application Thread] WARN  GameWorld            - Entity is already attached to world
16:01:39.642 [JavaFX Application Thread] WARN  GameWorld            - Entity is already attached to world
16:01:39.642 [JavaFX Application Thread] WARN  GameWorld            - Entity is already attached to world
16:01:39.643 [JavaFX Application Thread] WARN  GameWorld            - Entity is already attached to world
16:01:39.643 [JavaFX Application Thread] WARN  GameWorld            - Entity is already attached to world
16:01:39.643 [JavaFX Application Thread] WARN  GameWorld            - Entity is already attached to world
16:01:39.644 [JavaFX Application Thread] WARN  GameWorld            - Entity is already attached to world
16:01:39.644 [JavaFX Application Thread] WARN  GameWorld            - Entity is already attached to world
16:01:39.644 [JavaFX Application Thread] WARN  GameWorld            - Entity is already attached to world
16:01:39.644 [JavaFX Application Thread] WARN  GameWorld            - Entity is already attached to world
16:01:39.645 [JavaFX Application Thread] WARN  GameWorld            - Entity is already attached to world
16:01:39.645 [JavaFX Application Thread] WARN  GameWorld            - Entity is already attached to world
16:01:39.645 [JavaFX Application Thread] WARN  GameWorld            - Entity is already attached to world
16:01:39.645 [JavaFX Application Thread] WARN  GameWorld            - Entity is already attached to world
16:01:39.646 [JavaFX Application Thread] WARN  GameWorld            - Entity is already attached to world
16:01:39.646 [JavaFX Application Thread] WARN  GameWorld            - Entity is already attached to world
16:01:39.646 [JavaFX Application Thread] WARN  GameWorld            - Entity is already attached to world
16:01:39.646 [JavaFX Application Thread] WARN  GameWorld            - Entity is already attached to world
16:01:39.647 [JavaFX Application Thread] WARN  GameWorld            - Entity is already attached to world
16:01:39.647 [JavaFX Application Thread] WARN  GameWorld            - Entity is already attached to world
16:01:39.648 [JavaFX Application Thread] WARN  GameWorld            - Entity is already attached to world
16:01:39.648 [JavaFX Application Thread] WARN  GameWorld            - Entity is already attached to world
16:01:39.648 [JavaFX Application Thread] WARN  GameWorld            - Entity is already attached to world
16:01:39.649 [JavaFX Application Thread] WARN  GameWorld            - Entity is already attached to world
16:01:39.649 [JavaFX Application Thread] WARN  GameWorld            - Entity is already attached to world
16:01:39.649 [JavaFX Application Thread] WARN  GameWorld            - Entity is already attached to world
16:01:39.650 [JavaFX Application Thread] WARN  GameWorld            - Entity is already attached to world
16:01:39.650 [JavaFX Application Thread] WARN  GameWorld            - Entity is already attached to world
16:01:39.650 [JavaFX Application Thread] WARN  GameWorld            - Entity is already attached to world
16:01:39.651 [JavaFX Application Thread] WARN  GameWorld            - Entity is already attached to world
16:01:39.651 [JavaFX Application Thread] WARN  GameWorld            - Entity is already attached to world
16:01:40.128 [JavaFX Application Thread] WARN  GameWorld            - Entity is already attached to world
16:01:40.129 [JavaFX Application Thread] WARN  GameWorld            - Entity is already attached to world
16:01:40.130 [JavaFX Application Thread] WARN  GameWorld            - Entity is already attached to world
16:01:40.130 [JavaFX Application Thread] WARN  GameWorld            - Entity is already attached to world
16:01:40.130 [JavaFX Application Thread] WARN  GameWorld            - Entity is already attached to world
16:01:40.131 [JavaFX Application Thread] WARN  GameWorld            - Entity is already attached to world
16:01:40.132 [JavaFX Application Thread] WARN  GameWorld            - Entity is already attached to world
16:01:40.133 [JavaFX Application Thread] WARN  GameWorld            - Entity is already attached to world
16:01:40.133 [JavaFX Application Thread] WARN  GameWorld            - Entity is already attached to world
16:01:40.133 [JavaFX Application Thread] WARN  GameWorld            - Entity is already attached to world
16:01:40.133 [JavaFX Application Thread] WARN  GameWorld            - Entity is already attached to world
16:01:40.135 [JavaFX Application Thread] WARN  GameWorld            - Entity is already attached to world
16:01:40.135 [JavaFX Application Thread] WARN  GameWorld            - Entity is already attached to world
16:01:40.136 [JavaFX Application Thread] WARN  GameWorld            - Entity is already attached to world
16:01:40.137 [JavaFX Application Thread] WARN  GameWorld            - Entity is already attached to world
16:01:40.137 [JavaFX Application Thread] WARN  GameWorld            - Entity is already attached to world
16:01:40.137 [JavaFX Application Thread] WARN  GameWorld            - Entity is already attached to world
16:01:40.138 [JavaFX Application Thread] WARN  GameWorld            - Entity is already attached to world
16:01:40.138 [JavaFX Application Thread] WARN  GameWorld            - Entity is already attached to world
16:01:40.138 [JavaFX Application Thread] WARN  GameWorld            - Entity is already attached to world
16:01:40.139 [JavaFX Application Thread] WARN  GameWorld            - Entity is already attached to world
16:01:40.139 [JavaFX Application Thread] WARN  GameWorld            - Entity is already attached to world
16:01:40.140 [JavaFX Application Thread] WARN  GameWorld            - Entity is already attached to world
16:01:40.140 [JavaFX Application Thread] WARN  GameWorld            - Entity is already attached to world
16:01:40.141 [JavaFX Application Thread] WARN  GameWorld            - Entity is already attached to world
16:01:40.141 [JavaFX Application Thread] WARN  GameWorld            - Entity is already attached to world
16:01:40.142 [JavaFX Application Thread] WARN  GameWorld            - Entity is already attached to world
16:01:40.142 [JavaFX Application Thread] WARN  GameWorld            - Entity is already attached to world
16:01:40.148 [JavaFX Application Thread] WARN  GameWorld            - Entity is already attached to world
16:01:40.148 [JavaFX Application Thread] WARN  GameWorld            - Entity is already attached to world
16:01:40.149 [JavaFX Application Thread] WARN  GameWorld            - Entity is already attached to world
16:01:40.150 [JavaFX Application Thread] WARN  GameWorld            - Entity is already attached to world
16:01:40.150 [JavaFX Application Thread] WARN  GameWorld            - Entity is already attached to world
16:01:40.150 [JavaFX Application Thread] WARN  GameWorld            - Entity is already attached to world
16:01:40.151 [JavaFX Application Thread] WARN  GameWorld            - Entity is already attached to world
16:01:40.151 [JavaFX Application Thread] WARN  GameWorld            - Entity is already attached to world
16:01:40.152 [JavaFX Application Thread] WARN  GameWorld            - Entity is already attached to world
16:01:40.152 [JavaFX Application Thread] WARN  GameWorld            - Entity is already attached to world
16:01:40.153 [JavaFX Application Thread] WARN  GameWorld            - Entity is already attached to world
16:01:40.153 [JavaFX Application Thread] WARN  GameWorld            - Entity is already attached to world
16:01:40.153 [JavaFX Application Thread] WARN  GameWorld            - Entity is already attached to world
16:01:40.154 [JavaFX Application Thread] WARN  GameWorld            - Entity is already attached to world
16:01:40.154 [JavaFX Application Thread] WARN  GameWorld            - Entity is already attached to world
16:01:40.154 [JavaFX Application Thread] WARN  GameWorld            - Entity is already attached to world
16:01:40.155 [JavaFX Application Thread] WARN  GameWorld            - Entity is already attached to world
16:01:40.155 [JavaFX Application Thread] WARN  GameWorld            - Entity is already attached to world
16:01:40.156 [JavaFX Application Thread] WARN  GameWorld            - Entity is already attached to world
16:01:40.156 [JavaFX Application Thread] WARN  GameWorld            - Entity is already attached to world
16:01:40.156 [JavaFX Application Thread] WARN  GameWorld            - Entity is already attached to world
16:01:40.157 [JavaFX Application Thread] WARN  GameWorld            - Entity is already attached to world
16:01:40.157 [JavaFX Application Thread] WARN  GameWorld            - Entity is already attached to world
16:01:40.157 [JavaFX Application Thread] WARN  GameWorld            - Entity is already attached to world
16:01:40.157 [JavaFX Application Thread] WARN  GameWorld            - Entity is already attached to world
16:01:40.158 [JavaFX Application Thread] WARN  GameWorld            - Entity is already attached to world
16:01:40.158 [JavaFX Application Thread] WARN  GameWorld            - Entity is already attached to world
16:01:40.158 [JavaFX Application Thread] WARN  GameWorld            - Entity is already attached to world
16:01:40.158 [JavaFX Application Thread] WARN  GameWorld            - Entity is already attached to world
16:01:40.159 [JavaFX Application Thread] WARN  GameWorld            - Entity is already attached to world
16:01:40.159 [JavaFX Application Thread] WARN  GameWorld            - Entity is already attached to world
16:01:40.159 [JavaFX Application Thread] WARN  GameWorld            - Entity is already attached to world
16:01:40.159 [JavaFX Application Thread] WARN  GameWorld            - Entity is already attached to world
16:01:40.160 [JavaFX Application Thread] WARN  GameWorld            - Entity is already attached to world
16:01:40.160 [JavaFX Application Thread] WARN  GameWorld            - Entity is already attached to world
16:01:40.160 [JavaFX Application Thread] WARN  GameWorld            - Entity is already attached to world
16:01:40.160 [JavaFX Application Thread] WARN  GameWorld            - Entity is already attached to world
16:01:40.161 [JavaFX Application Thread] WARN  GameWorld            - Entity is already attached to world
16:01:40.161 [JavaFX Application Thread] WARN  GameWorld            - Entity is already attached to world
16:01:40.162 [JavaFX Application Thread] WARN  GameWorld            - Entity is already attached to world
16:01:40.162 [JavaFX Application Thread] WARN  GameWorld            - Entity is already attached to world
16:01:40.162 [JavaFX Application Thread] WARN  GameWorld            - Entity is already attached to world
16:01:40.163 [JavaFX Application Thread] WARN  GameWorld            - Entity is already attached to world
16:01:40.163 [JavaFX Application Thread] WARN  GameWorld            - Entity is already attached to world
16:01:40.163 [JavaFX Application Thread] WARN  GameWorld            - Entity is already attached to world
16:01:40.164 [JavaFX Application Thread] WARN  GameWorld            - Entity is already attached to world
16:01:40.164 [JavaFX Application Thread] WARN  GameWorld            - Entity is already attached to world
16:01:40.164 [JavaFX Application Thread] WARN  GameWorld            - Entity is already attached to world
16:01:40.165 [JavaFX Application Thread] WARN  GameWorld            - Entity is already attached to world
16:01:40.165 [JavaFX Application Thread] WARN  GameWorld            - Entity is already attached to world
16:01:40.165 [JavaFX Application Thread] WARN  GameWorld            - Entity is already attached to world
16:01:40.166 [JavaFX Application Thread] WARN  GameWorld            - Entity is already attached to world
16:01:40.166 [JavaFX Application Thread] WARN  GameWorld            - Entity is already attached to world
16:01:40.166 [JavaFX Application Thread] WARN  GameWorld            - Entity is already attached to world
16:01:40.166 [JavaFX Application Thread] WARN  GameWorld            - Entity is already attached to world
16:01:40.167 [JavaFX Application Thread] WARN  GameWorld            - Entity is already attached to world
16:01:40.167 [JavaFX Application Thread] WARN  GameWorld            - Entity is already attached to world
16:01:40.167 [JavaFX Application Thread] WARN  GameWorld            - Entity is already attached to world
16:01:40.168 [JavaFX Application Thread] WARN  GameWorld            - Entity is already attached to world
16:01:40.168 [JavaFX Application Thread] WARN  GameWorld            - Entity is already attached to world
16:01:40.168 [JavaFX Application Thread] WARN  GameWorld            - Entity is already attached to world
16:01:40.168 [JavaFX Application Thread] WARN  GameWorld            - Entity is already attached to world
16:01:40.169 [JavaFX Application Thread] WARN  GameWorld            - Entity is already attached to world
16:01:40.169 [JavaFX Application Thread] WARN  GameWorld            - Entity is already attached to world
16:01:40.169 [JavaFX Application Thread] WARN  GameWorld            - Entity is already attached to world
16:01:40.169 [JavaFX Application Thread] WARN  GameWorld            - Entity is already attached to world
16:01:40.170 [JavaFX Application Thread] WARN  GameWorld            - Entity is already attached to world
16:01:40.170 [JavaFX Application Thread] WARN  GameWorld            - Entity is already attached to world
16:01:40.171 [JavaFX Application Thread] WARN  GameWorld            - Entity is already attached to world
16:01:40.171 [JavaFX Application Thread] WARN  GameWorld            - Entity is already attached to world
16:01:40.171 [JavaFX Application Thread] WARN  GameWorld            - Entity is already attached to world
16:01:40.672 [JavaFX Application Thread] WARN  GameWorld            - Entity is already attached to world
16:01:40.672 [JavaFX Application Thread] WARN  GameWorld            - Entity is already attached to world
16:01:40.673 [JavaFX Application Thread] WARN  GameWorld            - Entity is already attached to world
16:01:40.673 [JavaFX Application Thread] WARN  GameWorld            - Entity is already attached to world
16:01:40.674 [JavaFX Application Thread] WARN  GameWorld            - Entity is already attached to world
16:01:40.674 [JavaFX Application Thread] WARN  GameWorld            - Entity is already attached to world
16:01:40.675 [JavaFX Application Thread] WARN  GameWorld            - Entity is already attached to world
16:01:40.675 [JavaFX Application Thread] WARN  GameWorld            - Entity is already attached to world
16:01:40.676 [JavaFX Application Thread] WARN  GameWorld            - Entity is already attached to world
16:01:40.676 [JavaFX Application Thread] WARN  GameWorld            - Entity is already attached to world
16:01:40.676 [JavaFX Application Thread] WARN  GameWorld            - Entity is already attached to world
16:01:40.677 [JavaFX Application Thread] WARN  GameWorld            - Entity is already attached to world
16:01:40.677 [JavaFX Application Thread] WARN  GameWorld            - Entity is already attached to world
16:01:40.677 [JavaFX Application Thread] WARN  GameWorld            - Entity is already attached to world
16:01:40.678 [JavaFX Application Thread] WARN  GameWorld            - Entity is already attached to world
16:01:40.678 [JavaFX Application Thread] WARN  GameWorld            - Entity is already attached to world
16:01:40.678 [JavaFX Application Thread] WARN  GameWorld            - Entity is already attached to world
16:01:40.678 [JavaFX Application Thread] WARN  GameWorld            - Entity is already attached to world
16:01:40.679 [JavaFX Application Thread] WARN  GameWorld            - Entity is already attached to world
16:01:40.679 [JavaFX Application Thread] WARN  GameWorld            - Entity is already attached to world
16:01:40.679 [JavaFX Application Thread] WARN  GameWorld            - Entity is already attached to world
16:01:40.679 [JavaFX Application Thread] WARN  GameWorld            - Entity is already attached to world
16:01:40.680 [JavaFX Application Thread] WARN  GameWorld            - Entity is already attached to world
16:01:40.680 [JavaFX Application Thread] WARN  GameWorld            - Entity is already attached to world
16:01:40.680 [JavaFX Application Thread] WARN  GameWorld            - Entity is already attached to world
16:01:40.681 [JavaFX Application Thread] WARN  GameWorld            - Entity is already attached to world
16:01:40.681 [JavaFX Application Thread] WARN  GameWorld            - Entity is already attached to world
16:01:40.681 [JavaFX Application Thread] WARN  GameWorld            - Entity is already attached to world
16:01:40.682 [JavaFX Application Thread] WARN  GameWorld            - Entity is already attached to world
16:01:40.682 [JavaFX Application Thread] WARN  GameWorld            - Entity is already attached to world
16:01:40.683 [JavaFX Application Thread] WARN  GameWorld            - Entity is already attached to world
16:01:40.683 [JavaFX Application Thread] WARN  GameWorld            - Entity is already attached to world
16:01:40.683 [JavaFX Application Thread] WARN  GameWorld            - Entity is already attached to world
16:01:40.684 [JavaFX Application Thread] WARN  GameWorld            - Entity is already attached to world
16:01:40.684 [JavaFX Application Thread] WARN  GameWorld            - Entity is already attached to world
16:01:40.684 [JavaFX Application Thread] WARN  GameWorld            - Entity is already attached to world
16:01:40.684 [JavaFX Application Thread] WARN  GameWorld            - Entity is already attached to world
16:01:40.685 [JavaFX Application Thread] WARN  GameWorld            - Entity is already attached to world
16:01:40.685 [JavaFX Application Thread] WARN  GameWorld            - Entity is already attached to world
16:01:40.686 [JavaFX Application Thread] WARN  GameWorld            - Entity is already attached to world
16:01:40.686 [JavaFX Application Thread] WARN  GameWorld            - Entity is already attached to world
16:01:40.686 [JavaFX Application Thread] WARN  GameWorld            - Entity is already attached to world
16:01:40.687 [JavaFX Application Thread] WARN  GameWorld            - Entity is already attached to world
16:01:40.687 [JavaFX Application Thread] WARN  GameWorld            - Entity is already attached to world
16:01:40.687 [JavaFX Application Thread] WARN  GameWorld            - Entity is already attached to world
16:01:40.688 [JavaFX Application Thread] WARN  GameWorld            - Entity is already attached to world
16:01:40.688 [JavaFX Application Thread] WARN  GameWorld            - Entity is already attached to world
16:01:40.688 [JavaFX Application Thread] WARN  GameWorld            - Entity is already attached to world
16:01:40.689 [JavaFX Application Thread] WARN  GameWorld            - Entity is already attached to world
16:01:40.689 [JavaFX Application Thread] WARN  GameWorld            - Entity is already attached to world
16:01:40.689 [JavaFX Application Thread] WARN  GameWorld            - Entity is already attached to world
16:01:40.690 [JavaFX Application Thread] WARN  GameWorld            - Entity is already attached to world
16:01:40.690 [JavaFX Application Thread] WARN  GameWorld            - Entity is already attached to world
16:01:40.690 [JavaFX Application Thread] WARN  GameWorld            - Entity is already attached to world
16:01:40.690 [JavaFX Application Thread] WARN  GameWorld            - Entity is already attached to world
16:01:40.691 [JavaFX Application Thread] WARN  GameWorld            - Entity is already attached to world
16:01:40.691 [JavaFX Application Thread] WARN  GameWorld            - Entity is already attached to world
16:01:40.691 [JavaFX Application Thread] WARN  GameWorld            - Entity is already attached to world
16:01:40.691 [JavaFX Application Thread] WARN  GameWorld            - Entity is already attached to world
16:01:40.692 [JavaFX Application Thread] WARN  GameWorld            - Entity is already attached to world
16:01:40.692 [JavaFX Application Thread] WARN  GameWorld            - Entity is already attached to world
16:01:40.692 [JavaFX Application Thread] WARN  GameWorld            - Entity is already attached to world
16:01:40.693 [JavaFX Application Thread] WARN  GameWorld            - Entity is already attached to world
16:01:40.693 [JavaFX Application Thread] WARN  GameWorld            - Entity is already attached to world
16:01:40.693 [JavaFX Application Thread] WARN  GameWorld            - Entity is already attached to world
16:01:40.693 [JavaFX Application Thread] WARN  GameWorld            - Entity is already attached to world
16:01:40.694 [JavaFX Application Thread] WARN  GameWorld            - Entity is already attached to world
16:01:40.694 [JavaFX Application Thread] WARN  GameWorld            - Entity is already attached to world
16:01:40.694 [JavaFX Application Thread] WARN  GameWorld            - Entity is already attached to world
16:01:40.694 [JavaFX Application Thread] WARN  GameWorld            - Entity is already attached to world
16:01:40.694 [JavaFX Application Thread] WARN  GameWorld            - Entity is already attached to world
16:01:40.695 [JavaFX Application Thread] WARN  GameWorld            - Entity is already attached to world
16:01:40.695 [JavaFX Application Thread] WARN  GameWorld            - Entity is already attached to world
16:01:40.695 [JavaFX Application Thread] WARN  GameWorld            - Entity is already attached to world
16:01:40.695 [JavaFX Application Thread] WARN  GameWorld            - Entity is already attached to world
16:01:40.695 [JavaFX Application Thread] WARN  GameWorld            - Entity is already attached to world
16:01:40.696 [JavaFX Application Thread] WARN  GameWorld            - Entity is already attached to world
16:01:40.696 [JavaFX Application Thread] WARN  GameWorld            - Entity is already attached to world
16:01:40.696 [JavaFX Application Thread] WARN  GameWorld            - Entity is already attached to world
16:01:40.696 [JavaFX Application Thread] WARN  GameWorld            - Entity is already attached to world
16:01:40.696 [JavaFX Application Thread] WARN  GameWorld            - Entity is already attached to world
16:01:40.697 [JavaFX Application Thread] WARN  GameWorld            - Entity is already attached to world
16:01:40.697 [JavaFX Application Thread] WARN  GameWorld            - Entity is already attached to world
16:01:40.697 [JavaFX Application Thread] WARN  GameWorld            - Entity is already attached to world
16:01:40.697 [JavaFX Application Thread] WARN  GameWorld            - Entity is already attached to world
16:01:40.698 [JavaFX Application Thread] WARN  GameWorld            - Entity is already attached to world
16:01:40.698 [JavaFX Application Thread] WARN  GameWorld            - Entity is already attached to world
16:01:40.698 [JavaFX Application Thread] WARN  GameWorld            - Entity is already attached to world
16:01:40.698 [JavaFX Application Thread] WARN  GameWorld            - Entity is already attached to world
16:01:40.699 [JavaFX Application Thread] WARN  GameWorld            - Entity is already attached to world
16:01:40.699 [JavaFX Application Thread] WARN  GameWorld            - Entity is already attached to world
16:01:40.699 [JavaFX Application Thread] WARN  GameWorld            - Entity is already attached to world
16:01:40.699 [JavaFX Application Thread] WARN  GameWorld            - Entity is already attached to world
16:01:40.700 [JavaFX Application Thread] WARN  GameWorld            - Entity is already attached to world
16:01:40.700 [JavaFX Application Thread] WARN  GameWorld            - Entity is already attached to world
16:01:40.700 [JavaFX Application Thread] WARN  GameWorld            - Entity is already attached to world
16:01:40.700 [JavaFX Application Thread] WARN  GameWorld            - Entity is already attached to world
16:01:40.700 [JavaFX Application Thread] WARN  GameWorld            - Entity is already attached to world
16:01:40.701 [JavaFX Application Thread] WARN  GameWorld            - Entity is already attached to world
16:01:41.193 [JavaFX Application Thread] DEBUG FXGLApplication      - Exiting FXGL
16:01:41.193 [JavaFX Application Thread] DEBUG LoopRunner           - Stopping loop
16:01:41.193 [JavaFX Application Thread] DEBUG SystemBundleService  - Saving FXGL system data
16:01:41.196 [JavaFX Application Thread] DEBUG FileSystemAccess     - Writing to: C:\Users\ASUS\OneDrive\Máy tính\doan\demo1\system\fxgl.bundle
16:01:41.197 [JavaFX Application Thread] DEBUG Async                - Shutting down background threads
16:01:41.197 [JavaFX Application Thread] DEBUG Logger               - Closing Logger
